
*************** gsl 1.5  ***************
+++++++++++++++ Linked to  JDFTx-1.6  +++++++++++++++

Start date and time: Tue Sep 28 17:07:35 2021
Executable /export/data/share/jxu/jdftx_codes/jdftx-feynwann-stable-202109/build-FeynWann/ePhSpinRelax with command-line: -i ePhSpinRelax.in -G16
Running on hosts (process indices):  krnode03.krhpc (0-15)  krnode04.krhpc (16-31)  krnode05.krhpc (32-47)  krnode06.krhpc (48-63)  krnode07.krhpc (64-79)  krnode08.krhpc (80-95)  krnode09.krhpc (96-111)  krnode10.krhpc (112-127)  krnode11.krhpc (128-143)  krnode12.krhpc (144-159)  krnode13.krhpc (160-175)  krnode14.krhpc (176-191)  krnode15.krhpc (192-207)  krnode16.krhpc (208-223)  krnode17.krhpc (224-239)  krnode18.krhpc (240-255)
Divided in process groups (process indices):  0 (0-15)  1 (16-31)  2 (32-47)  3 (48-63)  4 (64-79)  5 (80-95)  6 (96-111)  7 (112-127)  8 (128-143)  9 (144-159)  10 (160-175)  11 (176-191)  12 (192-207)  13 (208-223)  14 (224-239)  15 (240-255)
Resource initialization completed at t[s]:      0.10
Run totals: 256 processes, 256 threads, 0 GPUs

Inputs after conversion to atomic units:
nOffsets = 50000
nBlocks = 4
Tmin = 0.000316681
Tmax = 0.000950043
Tcount = 3
degeneracyThreshold = 1e-06
neglectThreshold = 1e-06
EconserveWidth = 0.000367493
dmuMin = 0
dmuMax = 0.0418942
dmuCount = 12
omegaPhByTmin = 0.001
nModesOverride = 0
Bext = [  0  0  0  ]
EzExt = 0
scissor = 0.0215351
EshiftWeight = 0

Reading 'Wannier/totalE.out' ... done.
NOTE: mu unavailable; assuming semiconductor/insulator and setting to VBM.
Reading 'Wannier/totalE.eigenvals' ... done.
mu = 0.229503
nElectrons = 8
nBandsDFT = 24
nSpins = 1
nSpinor = 2
spinSuffix = ''
kfold = [  12  12  12  ]
isTruncated = [  0  0  0  ]
R:
[  0  5.1315  5.1315  ]
[  5.1315  0  5.1315  ]
[  5.1315  5.1315  0  ]
Atoms with fractional coordinates:
	Si   0.000000000000000   0.000000000000000   0.000000000000000
	Si   0.250000000000000   0.250000000000000   0.250000000000000

Reading 'Wannier/totalE.sym' ... done. Read 48 symmetries.
Reading 'Wannier/wannier.mlwfCellMap' ... done.
Reading 'Wannier/wannier.mlwfBandContrib' ... done.
nBands = 16

Reading 'Wannier/wannier.mlwfCellWeights' ... done.

Reading 'Wannier/phonon.out' ... done.
nModes = 6
phononSup = [  4  4  4  ]

Reading 'Wannier/totalE.phononBasis' ... done.
Reading 'Wannier/totalE.phononCellMap' ... done.
Reading 'Wannier/totalE.phononOmegaSq' ... done.
Reading 'Wannier/wannier.mlwfCellMapPh' ... done.
Reading 'Wannier/wannier.mlwfCellMapPhSum' ... done.
Reading 'Wannier/wannier.mlwfCellWeightsPh' ... done.
Reading 'Wannier/wannier.mlwfHePh' ... done.
Reading 'Wannier/wannier.mlwfHePhSum' ... done.
Reading 'Wannier/wannier.mlwfD' ... done.

Reading 'Wannier/wannier.out' ... done.
polar = no

Reading 'Wannier/wannier.mlwfH' ... done.
Reading 'Wannier/wannier.mlwfS' ... done.

Effectively sampled nKpairs: 204800000
12500 phonon q-mesh offsets per block parallelized over 16 process groups.

Determining active energy: -0.474568 to 1.61256 eV.

Working on block 1 of 4: 2% 4% 6% 8% 10% 12% 14% 16% 18% 20% 23% 25% 27% 29% 31% 33% 35% 37% 39% 41% 43% 45% 47% 49% 51% 53% 55% 57% 59% 61% 64% 66% 68% 70% 72% 74% 76% 78% 80% 82% 84% 86% 88% 90% 92% 94% 96% 98% done.
Working on block 2 of 4: 2% 4% 6% 8% 10% 12% 14% 16% 18% 20% 23% 25% 27% 29% 31% 33% 35% 37% 39% 41% 43% 45% 47% 49% 51% 53% 55% 57% 59% 61% 64% 66% 68% 70% 72% 74% 76% 78% 80% 82% 84% 86% 88% 90% 92% 94% 96% 98% done.
Working on block 3 of 4: 2% 4% 6% 8% 10% 12% 14% 16% 18% 20% 23% 25% 27% 29% 31% 33% 35% 37% 39% 41% 43% 45% 47% 49% 51% 53% 55% 57% 59% 61% 64% 66% 68% 70% 72% 74% 76% 78% 80% 82% 84% 86% 88% 90% 92% 94% 96% 98% done.
Working on block 4 of 4: 2% 4% 6% 8% 10% 12% 14% 16% 18% 20% 23% 25% 27% 29% 31% 33% 35% 37% 39% 41% 43% 45% 47% 49% 51% 53% 55% 57% 59% 61% 64% 66% 68% 70% 72% 74% 76% 78% 80% 82% 84% 86% 88% 90% 92% 94% 96% 98% done.

Results for T = 100 K and dmu = 0 eV using FGR formula:
                    /    0.0012851            0            0 \     /  0.000470347            0            0 \ 
            Gamma = |            0    0.0012851            0 | +/- |            0  0.000470347            0 | 1/(eV.ps)
                    \            0            0    0.0012851 /     \            0            0  0.000470347 / 

                    /    0.0042371            0            0 \     /  0.000131562            0            0 \ 
              chi = |            0    0.0042371            0 | +/- |            0  0.000131562            0 | 1/eV
                    \            0            0    0.0042371 /     \            0            0  0.000131562 / 

                    /      3.31476            0            0 \     /      1.20067            0            0 \ 
               T1 = |            0      3.31476            0 | +/- |            0      1.20067            0 | ps
                    \            0            0      3.31476 /     \            0            0      1.20067 / 

               T1 =      3.31476 +/-      1.20067 ps


Results for T = 100 K and dmu = 0 eV using dRho formula:
                    /   0.00334156            0            0 \     /  0.000909697            0            0 \ 
            Gamma = |            0   0.00334156            0 | +/- |            0  0.000909697            0 | 1/(eV.ps)
                    \            0            0   0.00334156 /     \            0            0  0.000909697 / 

                    /   0.00630623            0            0 \     /  0.000309453            0            0 \ 
              chi = |            0   0.00630623            0 | +/- |            0  0.000309453            0 | 1/eV
                    \            0            0   0.00630623 /     \            0            0  0.000309453 / 

                    /      1.89672            0            0 \     /     0.489581            0            0 \ 
               T1 = |            0      1.89672            0 | +/- |            0     0.489581            0 | ps
                    \            0            0      1.89672 /     \            0            0     0.489581 / 

               T1 =      1.89672 +/-     0.489581 ps


Results for T = 100 K and dmu = 0.103636 eV using FGR formula:
                    /  9.54457e-09            0            0 \     /  3.54437e-09            0            0 \ 
            Gamma = |            0  9.54457e-09            0 | +/- |            0  3.54437e-09            0 | 1/(eV.ps)
                    \            0            0  9.54457e-09 /     \            0            0  3.54437e-09 / 

                    /  3.54317e-08            0            0 \     /  1.76692e-09            0            0 \ 
              chi = |            0  3.54317e-08            0 | +/- |            0  1.76692e-09            0 | 1/eV
                    \            0            0  3.54317e-08 /     \            0            0  1.76692e-09 / 

                    /      3.75222            0            0 \     /        1.357            0            0 \ 
               T1 = |            0      3.75222            0 | +/- |            0        1.357            0 | ps
                    \            0            0      3.75222 /     \            0            0        1.357 / 

               T1 =      3.75222 +/-        1.357 ps


Results for T = 100 K and dmu = 0.103636 eV using dRho formula:
                    /  2.62372e-08            0            0 \     /  8.91861e-09            0            0 \ 
            Gamma = |            0  2.62372e-08            0 | +/- |            0  8.91861e-09            0 | 1/(eV.ps)
                    \            0            0  2.62372e-08 /     \            0            0  8.91861e-09 / 

                    /  5.36315e-08            0            0 \     /  3.72388e-09            0            0 \ 
              chi = |            0  5.36315e-08            0 | +/- |            0  3.72388e-09            0 | 1/eV
                    \            0            0  5.36315e-08 /     \            0            0  3.72388e-09 / 

                    /      2.06561            0            0 \     /     0.638125            0            0 \ 
               T1 = |            0      2.06561            0 | +/- |            0     0.638125            0 | ps
                    \            0            0      2.06561 /     \            0            0     0.638125 / 

               T1 =      2.06561 +/-     0.638125 ps


Results for T = 100 K and dmu = 0.207273 eV using FGR formula:
                    /  5.71102e-14            0            0 \     /  2.12079e-14            0            0 \ 
            Gamma = |            0  5.71102e-14            0 | +/- |            0  2.12079e-14            0 | 1/(eV.ps)
                    \            0            0  5.71102e-14 /     \            0            0  2.12079e-14 / 

                    /  2.12007e-13            0            0 \     /  1.05725e-14            0            0 \ 
              chi = |            0  2.12007e-13            0 | +/- |            0  1.05725e-14            0 | 1/eV
                    \            0            0  2.12007e-13 /     \            0            0  1.05725e-14 / 

                    /      3.75222            0            0 \     /      1.35701            0            0 \ 
               T1 = |            0      3.75222            0 | +/- |            0      1.35701            0 | ps
                    \            0            0      3.75222 /     \            0            0      1.35701 / 

               T1 =      3.75222 +/-      1.35701 ps


Results for T = 100 K and dmu = 0.207273 eV using dRho formula:
                    /  1.56986e-13            0            0 \     /  5.33637e-14            0            0 \ 
            Gamma = |            0  1.56986e-13            0 | +/- |            0  5.33637e-14            0 | 1/(eV.ps)
                    \            0            0  1.56986e-13 /     \            0            0  5.33637e-14 / 

                    /  3.20901e-13            0            0 \     /   2.2282e-14            0            0 \ 
              chi = |            0  3.20901e-13            0 | +/- |            0   2.2282e-14            0 | 1/eV
                    \            0            0  3.20901e-13 /     \            0            0   2.2282e-14 / 

                    /      2.06565            0            0 \     /     0.638145            0            0 \ 
               T1 = |            0      2.06565            0 | +/- |            0     0.638145            0 | ps
                    \            0            0      2.06565 /     \            0            0     0.638145 / 

               T1 =      2.06565 +/-     0.638145 ps


Results for T = 100 K and dmu = 0.310909 eV using FGR formula:
                    /   3.4172e-19            0            0 \     /  1.26898e-19            0            0 \ 
            Gamma = |            0   3.4172e-19            0 | +/- |            0  1.26898e-19            0 | 1/(eV.ps)
                    \            0            0   3.4172e-19 /     \            0            0  1.26898e-19 / 

                    /  1.26855e-18            0            0 \     /  6.32607e-20            0            0 \ 
              chi = |            0  1.26855e-18            0 | +/- |            0  6.32607e-20            0 | 1/eV
                    \            0            0  1.26855e-18 /     \            0            0  6.32607e-20 / 

                    /      3.75222            0            0 \     /      1.35701            0            0 \ 
               T1 = |            0      3.75222            0 | +/- |            0      1.35701            0 | ps
                    \            0            0      3.75222 /     \            0            0      1.35701 / 

               T1 =      3.75222 +/-      1.35701 ps


Results for T = 100 K and dmu = 0.310909 eV using dRho formula:
                    /  3.65425e-19            0            0 \     /  1.76826e-19            0            0 \ 
            Gamma = |            0  3.65425e-19            0 | +/- |            0  1.76826e-19            0 | 1/(eV.ps)
                    \            0            0  3.65425e-19 /     \            0            0  1.76826e-19 / 

                    /  1.01871e-18            0            0 \     /  1.07629e-19            0            0 \ 
              chi = |            0  1.01871e-18            0 | +/- |            0  1.07629e-19            0 | 1/eV
                    \            0            0  1.01871e-18 /     \            0            0  1.07629e-19 / 

                    /      2.85157            0            0 \     /      1.12278            0            0 \ 
               T1 = |            0      2.85157            0 | +/- |            0      1.12278            0 | ps
                    \            0            0      2.85157 /     \            0            0      1.12278 / 

               T1 =      2.85157 +/-      1.12278 ps


Results for T = 100 K and dmu = 0.414545 eV using FGR formula:
                    /  2.04469e-24            0            0 \     /  7.59294e-25            0            0 \ 
            Gamma = |            0  2.04469e-24            0 | +/- |            0  7.59294e-25            0 | 1/(eV.ps)
                    \            0            0  2.04469e-24 /     \            0            0  7.59294e-25 / 

                    /  7.59037e-24            0            0 \     /  3.78521e-25            0            0 \ 
              chi = |            0  7.59037e-24            0 | +/- |            0  3.78521e-25            0 | 1/eV
                    \            0            0  7.59037e-24 /     \            0            0  3.78521e-25 / 

                    /      3.75222            0            0 \     /      1.35701            0            0 \ 
               T1 = |            0      3.75222            0 | +/- |            0      1.35701            0 | ps
                    \            0            0      3.75222 /     \            0            0      1.35701 / 

               T1 =      3.75222 +/-      1.35701 ps


Results for T = 100 K and dmu = 0.414545 eV using dRho formula:
                    /  2.82919e-44            0            0 \     /  4.34962e-45            0            0 \ 
            Gamma = |            0  2.82919e-44            0 | +/- |            0  4.34962e-45            0 | 1/(eV.ps)
                    \            0            0  2.82919e-44 /     \            0            0  4.34962e-45 / 

                    /  6.91958e-39            0            0 \     /  2.10265e-40            0            0 \ 
              chi = |            0  6.91958e-39            0 | +/- |            0  2.10265e-40            0 | 1/eV
                    \            0            0  6.91958e-39 /     \            0            0  2.10265e-40 / 

                    /       244186            0            0 \     /      38335.9            0            0 \ 
               T1 = |            0       244186            0 | +/- |            0      38335.9            0 | ps
                    \            0            0       244186 /     \            0            0      38335.9 / 

               T1 =       244186 +/-      38335.9 ps


Results for T = 100 K and dmu = 0.518182 eV using FGR formula:
                    /  1.22344e-29            0            0 \     /  4.54325e-30            0            0 \ 
            Gamma = |            0  1.22344e-29            0 | +/- |            0  4.54325e-30            0 | 1/(eV.ps)
                    \            0            0  1.22344e-29 /     \            0            0  4.54325e-30 / 

                    /  4.54183e-29            0            0 \     /  2.26486e-30            0            0 \ 
              chi = |            0  4.54183e-29            0 | +/- |            0  2.26486e-30            0 | 1/eV
                    \            0            0  4.54183e-29 /     \            0            0  2.26486e-30 / 

                    /      3.75231            0            0 \     /      1.35704            0            0 \ 
               T1 = |            0      3.75231            0 | +/- |            0      1.35704            0 | ps
                    \            0            0      3.75231 /     \            0            0      1.35704 / 

               T1 =      3.75231 +/-      1.35704 ps


Results for T = 100 K and dmu = 0.518182 eV using dRho formula:
                    /  4.72831e-39            0            0 \     /  7.26933e-40            0            0 \ 
            Gamma = |            0  4.72831e-39            0 | +/- |            0  7.26933e-40            0 | 1/(eV.ps)
                    \            0            0  4.72831e-39 /     \            0            0  7.26933e-40 / 

                    /  1.15644e-33            0            0 \     /  3.51407e-35            0            0 \ 
              chi = |            0  1.15644e-33            0 | +/- |            0  3.51407e-35            0 | 1/eV
                    \            0            0  1.15644e-33 /     \            0            0  3.51407e-35 / 

                    /       244186            0            0 \     /      38335.9            0            0 \ 
               T1 = |            0       244186            0 | +/- |            0      38335.9            0 | ps
                    \            0            0       244186 /     \            0            0      38335.9 / 

               T1 =       244186 +/-      38335.9 ps


Results for T = 100 K and dmu = 0.621818 eV using FGR formula:
                    /  7.23764e-34            0            0 \     /  1.11879e-34            0            0 \ 
            Gamma = |            0  7.23764e-34            0 | +/- |            0  1.11879e-34            0 | 1/(eV.ps)
                    \            0            0  7.23764e-34 /     \            0            0  1.11879e-34 / 

                    /  1.93271e-28            0            0 \     /   5.8729e-30            0            0 \ 
              chi = |            0  1.93271e-28            0 | +/- |            0   5.8729e-30            0 | 1/eV
                    \            0            0  1.93271e-28 /     \            0            0   5.8729e-30 / 

                    /       266353            0            0 \     /      43700.3            0            0 \ 
               T1 = |            0       266353            0 | +/- |            0      43700.3            0 | ps
                    \            0            0       266353 /     \            0            0      43700.3 / 

               T1 =       266353 +/-      43700.3 ps


Results for T = 100 K and dmu = 0.621818 eV using dRho formula:
                    /  7.90223e-34            0            0 \     /  1.21489e-34            0            0 \ 
            Gamma = |            0  7.90223e-34            0 | +/- |            0  1.21489e-34            0 | 1/(eV.ps)
                    \            0            0  7.90223e-34 /     \            0            0  1.21489e-34 / 

                    /  1.93271e-28            0            0 \     /  5.87291e-30            0            0 \ 
              chi = |            0  1.93271e-28            0 | +/- |            0  5.87291e-30            0 | 1/eV
                    \            0            0  1.93271e-28 /     \            0            0  5.87291e-30 / 

                    /       244186            0            0 \     /      38335.9            0            0 \ 
               T1 = |            0       244186            0 | +/- |            0      38335.9            0 | ps
                    \            0            0       244186 /     \            0            0      38335.9 / 

               T1 =       244186 +/-      38335.9 ps


Results for T = 100 K and dmu = 0.725455 eV using FGR formula:
                    /  1.08725e-28            0            0 \     /  2.26383e-29            0            0 \ 
            Gamma = |            0  1.08725e-28            0 | +/- |            0  2.26383e-29            0 | 1/(eV.ps)
                    \            0            0  1.08725e-28 /     \            0            0  2.26383e-29 / 

                    /  3.23005e-23            0            0 \     /  9.81515e-25            0            0 \ 
              chi = |            0  3.23005e-23            0 | +/- |            0  9.81515e-25            0 | 1/eV
                    \            0            0  3.23005e-23 /     \            0            0  9.81515e-25 / 

                    /       296350            0            0 \     /      63012.1            0            0 \ 
               T1 = |            0       296350            0 | +/- |            0      63012.1            0 | ps
                    \            0            0       296350 /     \            0            0      63012.1 / 

               T1 =       296350 +/-      63012.1 ps


Results for T = 100 K and dmu = 0.725455 eV using dRho formula:
                    /  1.32067e-28            0            0 \     /   2.0304e-29            0            0 \ 
            Gamma = |            0  1.32067e-28            0 | +/- |            0   2.0304e-29            0 | 1/(eV.ps)
                    \            0            0  1.32067e-28 /     \            0            0   2.0304e-29 / 

                    /  3.23005e-23            0            0 \     /  9.81515e-25            0            0 \ 
              chi = |            0  3.23005e-23            0 | +/- |            0  9.81515e-25            0 | 1/eV
                    \            0            0  3.23005e-23 /     \            0            0  9.81515e-25 / 

                    /       244186            0            0 \     /      38335.9            0            0 \ 
               T1 = |            0       244186            0 | +/- |            0      38335.9            0 | ps
                    \            0            0       244186 /     \            0            0      38335.9 / 

               T1 =       244186 +/-      38335.9 ps


Results for T = 100 K and dmu = 0.829091 eV using FGR formula:
                    /  1.81708e-23            0            0 \     /  3.78344e-24            0            0 \ 
            Gamma = |            0  1.81708e-23            0 | +/- |            0  3.78344e-24            0 | 1/(eV.ps)
                    \            0            0  1.81708e-23 /     \            0            0  3.78344e-24 / 

                    /  5.39825e-18            0            0 \     /  1.64036e-19            0            0 \ 
              chi = |            0  5.39825e-18            0 | +/- |            0  1.64036e-19            0 | 1/eV
                    \            0            0  5.39825e-18 /     \            0            0  1.64036e-19 / 

                    /       296350            0            0 \     /      63012.1            0            0 \ 
               T1 = |            0       296350            0 | +/- |            0      63012.1            0 | ps
                    \            0            0       296350 /     \            0            0      63012.1 / 

               T1 =       296350 +/-      63012.1 ps


Results for T = 100 K and dmu = 0.829091 eV using dRho formula:
                    /  2.20717e-23            0            0 \     /  3.39332e-24            0            0 \ 
            Gamma = |            0  2.20717e-23            0 | +/- |            0  3.39332e-24            0 | 1/(eV.ps)
                    \            0            0  2.20717e-23 /     \            0            0  3.39332e-24 / 

                    /  5.39825e-18            0            0 \     /  1.64036e-19            0            0 \ 
              chi = |            0  5.39825e-18            0 | +/- |            0  1.64036e-19            0 | 1/eV
                    \            0            0  5.39825e-18 /     \            0            0  1.64036e-19 / 

                    /       244186            0            0 \     /      38335.9            0            0 \ 
               T1 = |            0       244186            0 | +/- |            0      38335.9            0 | ps
                    \            0            0       244186 /     \            0            0      38335.9 / 

               T1 =       244186 +/-      38335.9 ps


Results for T = 100 K and dmu = 0.932727 eV using FGR formula:
                    /   3.0368e-18            0            0 \     /   6.3231e-19            0            0 \ 
            Gamma = |            0   3.0368e-18            0 | +/- |            0   6.3231e-19            0 | 1/(eV.ps)
                    \            0            0   3.0368e-18 /     \            0            0   6.3231e-19 / 

                    /  9.02187e-13            0            0 \     /  2.74147e-14            0            0 \ 
              chi = |            0  9.02187e-13            0 | +/- |            0  2.74147e-14            0 | 1/eV
                    \            0            0  9.02187e-13 /     \            0            0  2.74147e-14 / 

                    /       296350            0            0 \     /      63012.1            0            0 \ 
               T1 = |            0       296350            0 | +/- |            0      63012.1            0 | ps
                    \            0            0       296350 /     \            0            0      63012.1 / 

               T1 =       296350 +/-      63012.1 ps


Results for T = 100 K and dmu = 0.932727 eV using dRho formula:
                    /  3.68875e-18            0            0 \     /  5.67111e-19            0            0 \ 
            Gamma = |            0  3.68875e-18            0 | +/- |            0  5.67111e-19            0 | 1/(eV.ps)
                    \            0            0  3.68875e-18 /     \            0            0  5.67111e-19 / 

                    /  9.02187e-13            0            0 \     /  2.74147e-14            0            0 \ 
              chi = |            0  9.02187e-13            0 | +/- |            0  2.74147e-14            0 | 1/eV
                    \            0            0  9.02187e-13 /     \            0            0  2.74147e-14 / 

                    /       244186            0            0 \     /      38335.9            0            0 \ 
               T1 = |            0       244186            0 | +/- |            0      38335.9            0 | ps
                    \            0            0       244186 /     \            0            0      38335.9 / 

               T1 =       244186 +/-      38335.9 ps


Results for T = 100 K and dmu = 1.03636 eV using FGR formula:
                    /  5.07527e-13            0            0 \     /  1.05675e-13            0            0 \ 
            Gamma = |            0  5.07527e-13            0 | +/- |            0  1.05675e-13            0 | 1/(eV.ps)
                    \            0            0  5.07527e-13 /     \            0            0  1.05675e-13 / 

                    /  1.50778e-07            0            0 \     /  4.58167e-09            0            0 \ 
              chi = |            0  1.50778e-07            0 | +/- |            0  4.58167e-09            0 | 1/eV
                    \            0            0  1.50778e-07 /     \            0            0  4.58167e-09 / 

                    /       296349            0            0 \     /      63011.8            0            0 \ 
               T1 = |            0       296349            0 | +/- |            0      63011.8            0 | ps
                    \            0            0       296349 /     \            0            0      63011.8 / 

               T1 =       296349 +/-      63011.8 ps


Results for T = 100 K and dmu = 1.03636 eV using dRho formula:
                    /  6.16485e-13            0            0 \     /  9.47785e-14            0            0 \ 
            Gamma = |            0  6.16485e-13            0 | +/- |            0  9.47785e-14            0 | 1/(eV.ps)
                    \            0            0  6.16485e-13 /     \            0            0  9.47785e-14 / 

                    /  1.50778e-07            0            0 \     /  4.58167e-09            0            0 \ 
              chi = |            0  1.50778e-07            0 | +/- |            0  4.58167e-09            0 | 1/eV
                    \            0            0  1.50778e-07 /     \            0            0  4.58167e-09 / 

                    /       244186            0            0 \     /      38335.7            0            0 \ 
               T1 = |            0       244186            0 | +/- |            0      38335.7            0 | ps
                    \            0            0       244186 /     \            0            0      38335.7 / 

               T1 =       244186 +/-      38335.7 ps


Results for T = 100 K and dmu = 1.14 eV using FGR formula:
                    /  6.92568e-08            0            0 \     /  1.15002e-08            0            0 \ 
            Gamma = |            0  6.92568e-08            0 | +/- |            0  1.15002e-08            0 | 1/(eV.ps)
                    \            0            0  6.92568e-08 /     \            0            0  1.15002e-08 / 

                    /    0.0148483            0            0 \     /  0.000417013            0            0 \ 
              chi = |            0    0.0148483            0 | +/- |            0  0.000417013            0 | 1/eV
                    \            0            0    0.0148483 /     \            0            0  0.000417013 / 

                    /       213994            0            0 \     /      36395.9            0            0 \ 
               T1 = |            0       213994            0 | +/- |            0      36395.9            0 | ps
                    \            0            0       213994 /     \            0            0      36395.9 / 

               T1 =       213994 +/-      36395.9 ps


Results for T = 100 K and dmu = 1.14 eV using dRho formula:
                    /  8.39981e-08            0            0 \     /  9.93197e-09            0            0 \ 
            Gamma = |            0  8.39981e-08            0 | +/- |            0  9.93197e-09            0 | 1/(eV.ps)
                    \            0            0  8.39981e-08 /     \            0            0  9.93197e-09 / 

                    /    0.0148483            0            0 \     /  0.000417013            0            0 \ 
              chi = |            0    0.0148483            0 | +/- |            0  0.000417013            0 | 1/eV
                    \            0            0    0.0148483 /     \            0            0  0.000417013 / 

                    /       176483            0            0 \     /      22064.8            0            0 \ 
               T1 = |            0       176483            0 | +/- |            0      22064.8            0 | ps
                    \            0            0       176483 /     \            0            0      22064.8 / 

               T1 =       176483 +/-      22064.8 ps


Results for T = 200 K and dmu = 0 eV using FGR formula:
                    /   0.00983204            0            0 \     /   0.00136893            0            0 \ 
            Gamma = |            0   0.00983204            0 | +/- |            0   0.00136893            0 | 1/(eV.ps)
                    \            0            0   0.00983204 /     \            0            0   0.00136893 / 

                    /    0.0101285            0            0 \     /  7.86587e-05            0            0 \ 
              chi = |            0    0.0101285            0 | +/- |            0  7.86587e-05            0 | 1/eV
                    \            0            0    0.0101285 /     \            0            0  7.86587e-05 / 

                    /      1.03031            0            0 \     /     0.142167            0            0 \ 
               T1 = |            0      1.03031            0 | +/- |            0     0.142167            0 | ps
                    \            0            0      1.03031 /     \            0            0     0.142167 / 

               T1 =      1.03031 +/-     0.142167 ps


Results for T = 200 K and dmu = 0 eV using dRho formula:
                    /     0.022265            0            0 \     /   0.00302903            0            0 \ 
            Gamma = |            0     0.022265            0 | +/- |            0   0.00302903            0 | 1/(eV.ps)
                    \            0            0     0.022265 /     \            0            0   0.00302903 / 

                    /    0.0135293            0            0 \     /  0.000261915            0            0 \ 
              chi = |            0    0.0135293            0 | +/- |            0  0.000261915            0 | 1/eV
                    \            0            0    0.0135293 /     \            0            0  0.000261915 / 

                    /     0.608024            0            0 \     /    0.0799074            0            0 \ 
               T1 = |            0     0.608024            0 | +/- |            0    0.0799074            0 | ps
                    \            0            0     0.608024 /     \            0            0    0.0799074 / 

               T1 =     0.608024 +/-    0.0799074 ps


Results for T = 200 K and dmu = 0.103636 eV using FGR formula:
                    /   3.1207e-05            0            0 \     /  4.73384e-06            0            0 \ 
            Gamma = |            0   3.1207e-05            0 | +/- |            0  4.73384e-06            0 | 1/(eV.ps)
                    \            0            0   3.1207e-05 /     \            0            0  4.73384e-06 / 

                    /   3.3898e-05            0            0 \     /  4.23725e-07            0            0 \ 
              chi = |            0   3.3898e-05            0 | +/- |            0  4.23725e-07            0 | 1/eV
                    \            0            0   3.3898e-05 /     \            0            0  4.23725e-07 / 

                    /      1.08668            0            0 \     /     0.162669            0            0 \ 
               T1 = |            0      1.08668            0 | +/- |            0     0.162669            0 | ps
                    \            0            0      1.08668 /     \            0            0     0.162669 / 

               T1 =      1.08668 +/-     0.162669 ps


Results for T = 200 K and dmu = 0.103636 eV using dRho formula:
                    /  7.26932e-05            0            0 \     /  1.31319e-05            0            0 \ 
            Gamma = |            0  7.26932e-05            0 | +/- |            0  1.31319e-05            0 | 1/(eV.ps)
                    \            0            0  7.26932e-05 /     \            0            0  1.31319e-05 / 

                    /  4.66864e-05            0            0 \     /  1.34902e-06            0            0 \ 
              chi = |            0  4.66864e-05            0 | +/- |            0  1.34902e-06            0 | 1/eV
                    \            0            0  4.66864e-05 /     \            0            0  1.34902e-06 / 

                    /     0.643211            0            0 \     /     0.110842            0            0 \ 
               T1 = |            0     0.643211            0 | +/- |            0     0.110842            0 | ps
                    \            0            0     0.643211 /     \            0            0     0.110842 / 

               T1 =     0.643211 +/-     0.110842 ps


Results for T = 200 K and dmu = 0.207273 eV using FGR formula:
                    /  7.63985e-08            0            0 \     /  1.15911e-08            0            0 \ 
            Gamma = |            0  7.63985e-08            0 | +/- |            0  1.15911e-08            0 | 1/(eV.ps)
                    \            0            0  7.63985e-08 /     \            0            0  1.15911e-08 / 

                    /  8.30051e-08            0            0 \     /  1.04002e-09            0            0 \ 
              chi = |            0  8.30051e-08            0 | +/- |            0  1.04002e-09            0 | 1/eV
                    \            0            0  8.30051e-08 /     \            0            0  1.04002e-09 / 

                    /      1.08692            0            0 \     /     0.162729            0            0 \ 
               T1 = |            0      1.08692            0 | +/- |            0     0.162729            0 | ps
                    \            0            0      1.08692 /     \            0            0     0.162729 / 

               T1 =      1.08692 +/-     0.162729 ps


Results for T = 200 K and dmu = 0.207273 eV using dRho formula:
                    /  1.77984e-07            0            0 \     /  3.21864e-08            0            0 \ 
            Gamma = |            0  1.77984e-07            0 | +/- |            0  3.21864e-08            0 | 1/(eV.ps)
                    \            0            0  1.77984e-07 /     \            0            0  3.21864e-08 / 

                    /  1.14331e-07            0            0 \     /   3.3084e-09            0            0 \ 
              chi = |            0  1.14331e-07            0 | +/- |            0   3.3084e-09            0 | 1/eV
                    \            0            0  1.14331e-07 /     \            0            0   3.3084e-09 / 

                    /     0.643344            0            0 \     /     0.110973            0            0 \ 
               T1 = |            0     0.643344            0 | +/- |            0     0.110973            0 | ps
                    \            0            0     0.643344 /     \            0            0     0.110973 / 

               T1 =     0.643344 +/-     0.110973 ps


Results for T = 200 K and dmu = 0.310909 eV using FGR formula:
                    /  1.86881e-10            0            0 \     /  2.83533e-11            0            0 \ 
            Gamma = |            0  1.86881e-10            0 | +/- |            0  2.83533e-11            0 | 1/(eV.ps)
                    \            0            0  1.86881e-10 /     \            0            0  2.83533e-11 / 

                    /  2.03041e-10            0            0 \     /  2.54404e-12            0            0 \ 
              chi = |            0  2.03041e-10            0 | +/- |            0  2.54404e-12            0 | 1/eV
                    \            0            0  2.03041e-10 /     \            0            0  2.54404e-12 / 

                    /      1.08692            0            0 \     /     0.162729            0            0 \ 
               T1 = |            0      1.08692            0 | +/- |            0     0.162729            0 | ps
                    \            0            0      1.08692 /     \            0            0     0.162729 / 

               T1 =      1.08692 +/-     0.162729 ps


Results for T = 200 K and dmu = 0.310909 eV using dRho formula:
                    /  4.35372e-10            0            0 \     /  7.87322e-11            0            0 \ 
            Gamma = |            0  4.35372e-10            0 | +/- |            0  7.87322e-11            0 | 1/(eV.ps)
                    \            0            0  4.35372e-10 /     \            0            0  7.87322e-11 / 

                    /   2.7967e-10            0            0 \     /  8.09281e-12            0            0 \ 
              chi = |            0   2.7967e-10            0 | +/- |            0  8.09281e-12            0 | 1/eV
                    \            0            0   2.7967e-10 /     \            0            0  8.09281e-12 / 

                    /     0.643345            0            0 \     /     0.110973            0            0 \ 
               T1 = |            0     0.643345            0 | +/- |            0     0.110973            0 | ps
                    \            0            0     0.643345 /     \            0            0     0.110973 / 

               T1 =     0.643345 +/-     0.110973 ps


Results for T = 200 K and dmu = 0.414545 eV using FGR formula:
                    /  4.57133e-13            0            0 \     /  6.93555e-14            0            0 \ 
            Gamma = |            0  4.57133e-13            0 | +/- |            0  6.93555e-14            0 | 1/(eV.ps)
                    \            0            0  4.57133e-13 /     \            0            0  6.93555e-14 / 

                    /  4.96664e-13            0            0 \     /  6.22303e-15            0            0 \ 
              chi = |            0  4.96664e-13            0 | +/- |            0  6.22303e-15            0 | 1/eV
                    \            0            0  4.96664e-13 /     \            0            0  6.22303e-15 / 

                    /      1.08692            0            0 \     /     0.162729            0            0 \ 
               T1 = |            0      1.08692            0 | +/- |            0     0.162729            0 | ps
                    \            0            0      1.08692 /     \            0            0     0.162729 / 

               T1 =      1.08692 +/-     0.162729 ps


Results for T = 200 K and dmu = 0.414545 eV using dRho formula:
                    /  1.06496e-12            0            0 \     /  1.92588e-13            0            0 \ 
            Gamma = |            0  1.06496e-12            0 | +/- |            0  1.92588e-13            0 | 1/(eV.ps)
                    \            0            0  1.06496e-12 /     \            0            0  1.92588e-13 / 

                    /  6.84099e-13            0            0 \     /  1.97964e-14            0            0 \ 
              chi = |            0  6.84099e-13            0 | +/- |            0  1.97964e-14            0 | 1/eV
                    \            0            0  6.84099e-13 /     \            0            0  1.97964e-14 / 

                    /     0.643344            0            0 \     /     0.110973            0            0 \ 
               T1 = |            0     0.643344            0 | +/- |            0     0.110973            0 | ps
                    \            0            0     0.643344 /     \            0            0     0.110973 / 

               T1 =     0.643344 +/-     0.110973 ps


Results for T = 200 K and dmu = 0.518182 eV using FGR formula:
                    /   1.1182e-15            0            0 \     /  1.69652e-16            0            0 \ 
            Gamma = |            0   1.1182e-15            0 | +/- |            0  1.69652e-16            0 | 1/(eV.ps)
                    \            0            0   1.1182e-15 /     \            0            0  1.69652e-16 / 

                    /  1.22243e-15            0            0 \     /  1.50978e-17            0            0 \ 
              chi = |            0  1.22243e-15            0 | +/- |            0  1.50978e-17            0 | 1/eV
                    \            0            0  1.22243e-15 /     \            0            0  1.50978e-17 / 

                    /      1.09367            0            0 \     /      0.16366            0            0 \ 
               T1 = |            0      1.09367            0 | +/- |            0      0.16366            0 | ps
                    \            0            0      1.09367 /     \            0            0      0.16366 / 

               T1 =      1.09367 +/-      0.16366 ps


Results for T = 200 K and dmu = 0.518182 eV using dRho formula:
                    /  2.59615e-15            0            0 \     /  4.69648e-16            0            0 \ 
            Gamma = |            0  2.59615e-15            0 | +/- |            0  4.69648e-16            0 | 1/(eV.ps)
                    \            0            0  2.59615e-15 /     \            0            0  4.69648e-16 / 

                    /  1.67588e-15            0            0 \     /  4.81261e-17            0            0 \ 
              chi = |            0  1.67588e-15            0 | +/- |            0  4.81261e-17            0 | 1/eV
                    \            0            0  1.67588e-15 /     \            0            0  4.81261e-17 / 

                    /     0.646486            0            0 \     /     0.111619            0            0 \ 
               T1 = |            0     0.646486            0 | +/- |            0     0.111619            0 | ps
                    \            0            0     0.646486 /     \            0            0     0.111619 / 

               T1 =     0.646486 +/-     0.111619 ps


Results for T = 200 K and dmu = 0.621818 eV using FGR formula:
                    /  2.86861e-18            0            0 \     /  4.16957e-19            0            0 \ 
            Gamma = |            0  2.86861e-18            0 | +/- |            0  4.16957e-19            0 | 1/(eV.ps)
                    \            0            0  2.86861e-18 /     \            0            0  4.16957e-19 / 

                    /  3.08014e-15            0            0 \     /  7.49865e-17            0            0 \ 
              chi = |            0  3.08014e-15            0 | +/- |            0  7.49865e-17            0 | 1/eV
                    \            0            0  3.08014e-15 /     \            0            0  7.49865e-17 / 

                    /      1074.35            0            0 \     /      146.528            0            0 \ 
               T1 = |            0      1074.35            0 | +/- |            0      146.528            0 | ps
                    \            0            0      1074.35 /     \            0            0      146.528 / 

               T1 =      1074.35 +/-      146.528 ps


Results for T = 200 K and dmu = 0.621818 eV using dRho formula:
                    /  3.08549e-18            0            0 \     /  1.04791e-18            0            0 \ 
            Gamma = |            0  3.08549e-18            0 | +/- |            0  1.04791e-18            0 | 1/(eV.ps)
                    \            0            0  3.08549e-18 /     \            0            0  1.04791e-18 / 

                    /  3.07941e-15            0            0 \     /  7.48684e-17            0            0 \ 
              chi = |            0  3.07941e-15            0 | +/- |            0  7.48684e-17            0 | 1/eV
                    \            0            0  3.07941e-15 /     \            0            0  7.48684e-17 / 

                    /      994.534            0            0 \     /      347.887            0            0 \ 
               T1 = |            0      994.534            0 | +/- |            0      347.887            0 | ps
                    \            0            0      994.534 /     \            0            0      347.887 / 

               T1 =      994.534 +/-      347.887 ps


Results for T = 200 K and dmu = 0.725455 eV using FGR formula:
                    /  5.45189e-17            0            0 \     /  1.49144e-18            0            0 \ 
            Gamma = |            0  5.45189e-17            0 | +/- |            0  1.49144e-18            0 | 1/(eV.ps)
                    \            0            0  5.45189e-17 /     \            0            0  1.49144e-18 / 

                    /  1.25798e-12            0            0 \     /  3.06656e-14            0            0 \ 
              chi = |            0  1.25798e-12            0 | +/- |            0  3.06656e-14            0 | 1/eV
                    \            0            0  1.25798e-12 /     \            0            0  3.06656e-14 / 

                    /      23051.2            0            0 \     /      1073.54            0            0 \ 
               T1 = |            0      23051.2            0 | +/- |            0      1073.54            0 | ps
                    \            0            0      23051.2 /     \            0            0      1073.54 / 

               T1 =      23051.2 +/-      1073.54 ps


Results for T = 200 K and dmu = 0.725455 eV using dRho formula:
                    /  5.96783e-17            0            0 \     /  1.59331e-18            0            0 \ 
            Gamma = |            0  5.96783e-17            0 | +/- |            0  1.59331e-18            0 | 1/(eV.ps)
                    \            0            0  5.96783e-17 /     \            0            0  1.59331e-18 / 

                    /  1.25798e-12            0            0 \     /  3.06655e-14            0            0 \ 
              chi = |            0  1.25798e-12            0 | +/- |            0  3.06655e-14            0 | 1/eV
                    \            0            0  1.25798e-12 /     \            0            0  3.06655e-14 / 

                    /      21058.1            0            0 \     /      975.408            0            0 \ 
               T1 = |            0      21058.1            0 | +/- |            0      975.408            0 | ps
                    \            0            0      21058.1 /     \            0            0      975.408 / 

               T1 =      21058.1 +/-      975.408 ps


Results for T = 200 K and dmu = 0.829091 eV using FGR formula:
                    /  2.22852e-14            0            0 \     /  6.09491e-16            0            0 \ 
            Gamma = |            0  2.22852e-14            0 | +/- |            0  6.09491e-16            0 | 1/(eV.ps)
                    \            0            0  2.22852e-14 /     \            0            0  6.09491e-16 / 

                    /  5.14274e-10            0            0 \     /  1.25364e-11            0            0 \ 
              chi = |            0  5.14274e-10            0 | +/- |            0  1.25364e-11            0 | 1/eV
                    \            0            0  5.14274e-10 /     \            0            0  1.25364e-11 / 

                    /        23054            0            0 \     /      1073.68            0            0 \ 
               T1 = |            0        23054            0 | +/- |            0      1073.68            0 | ps
                    \            0            0        23054 /     \            0            0      1073.68 / 

               T1 =        23054 +/-      1073.68 ps


Results for T = 200 K and dmu = 0.829091 eV using dRho formula:
                    /  2.43971e-14            0            0 \     /  6.51363e-16            0            0 \ 
            Gamma = |            0  2.43971e-14            0 | +/- |            0  6.51363e-16            0 | 1/(eV.ps)
                    \            0            0  2.43971e-14 /     \            0            0  6.51363e-16 / 

                    /  5.14274e-10            0            0 \     /  1.25364e-11            0            0 \ 
              chi = |            0  5.14274e-10            0 | +/- |            0  1.25364e-11            0 | 1/eV
                    \            0            0  5.14274e-10 /     \            0            0  1.25364e-11 / 

                    /      21058.1            0            0 \     /      975.408            0            0 \ 
               T1 = |            0      21058.1            0 | +/- |            0      975.408            0 | ps
                    \            0            0      21058.1 /     \            0            0      975.408 / 

               T1 =      21058.1 +/-      975.408 ps


Results for T = 200 K and dmu = 0.932727 eV using FGR formula:
                    /  9.11039e-12            0            0 \     /  2.49166e-13            0            0 \ 
            Gamma = |            0  9.11039e-12            0 | +/- |            0  2.49166e-13            0 | 1/(eV.ps)
                    \            0            0  9.11039e-12 /     \            0            0  2.49166e-13 / 

                    /   2.1024e-07            0            0 \     /  5.12499e-09            0            0 \ 
              chi = |            0   2.1024e-07            0 | +/- |            0  5.12499e-09            0 | 1/eV
                    \            0            0   2.1024e-07 /     \            0            0  5.12499e-09 / 

                    /      23053.9            0            0 \     /      1073.67            0            0 \ 
               T1 = |            0      23053.9            0 | +/- |            0      1073.67            0 | ps
                    \            0            0      23053.9 /     \            0            0      1073.67 / 

               T1 =      23053.9 +/-      1073.67 ps


Results for T = 200 K and dmu = 0.932727 eV using dRho formula:
                    /  9.97377e-12            0            0 \     /  2.66284e-13            0            0 \ 
            Gamma = |            0  9.97377e-12            0 | +/- |            0  2.66284e-13            0 | 1/(eV.ps)
                    \            0            0  9.97377e-12 /     \            0            0  2.66284e-13 / 

                    /   2.1024e-07            0            0 \     /  5.12497e-09            0            0 \ 
              chi = |            0   2.1024e-07            0 | +/- |            0  5.12497e-09            0 | 1/eV
                    \            0            0   2.1024e-07 /     \            0            0  5.12497e-09 / 

                    /      21058.1            0            0 \     /      975.405            0            0 \ 
               T1 = |            0      21058.1            0 | +/- |            0      975.405            0 | ps
                    \            0            0      21058.1 /     \            0            0      975.405 / 

               T1 =      21058.1 +/-      975.405 ps


Results for T = 200 K and dmu = 1.03636 eV using FGR formula:
                    /  3.72235e-09            0            0 \     /  1.01886e-10            0            0 \ 
            Gamma = |            0  3.72235e-09            0 | +/- |            0  1.01886e-10            0 | 1/(eV.ps)
                    \            0            0  3.72235e-09 /     \            0            0  1.01886e-10 / 

                    /   8.5798e-05            0            0 \     /  2.09097e-06            0            0 \ 
              chi = |            0   8.5798e-05            0 | +/- |            0  2.09097e-06            0 | 1/eV
                    \            0            0   8.5798e-05 /     \            0            0  2.09097e-06 / 

                    /      23026.5            0            0 \     /      1072.08            0            0 \ 
               T1 = |            0      23026.5            0 | +/- |            0      1072.08            0 | ps
                    \            0            0      23026.5 /     \            0            0      1072.08 / 

               T1 =      23026.5 +/-      1072.08 ps


Results for T = 200 K and dmu = 1.03636 eV using dRho formula:
                    /  4.07514e-09            0            0 \     /  1.08906e-10            0            0 \ 
            Gamma = |            0  4.07514e-09            0 | +/- |            0  1.08906e-10            0 | 1/(eV.ps)
                    \            0            0  4.07514e-09 /     \            0            0  1.08906e-10 / 

                    /   8.5798e-05            0            0 \     /  2.09096e-06            0            0 \ 
              chi = |            0   8.5798e-05            0 | +/- |            0  2.09096e-06            0 | 1/eV
                    \            0            0   8.5798e-05 /     \            0            0  2.09096e-06 / 

                    /      21032.9            0            0 \     /      974.119            0            0 \ 
               T1 = |            0      21032.9            0 | +/- |            0      974.119            0 | ps
                    \            0            0      21032.9 /     \            0            0      974.119 / 

               T1 =      21032.9 +/-      974.119 ps


Results for T = 200 K and dmu = 1.14 eV using FGR formula:
                    /  1.28059e-06            0            0 \     /  4.83643e-08            0            0 \ 
            Gamma = |            0  1.28059e-06            0 | +/- |            0  4.83643e-08            0 | 1/(eV.ps)
                    \            0            0  1.28059e-06 /     \            0            0  4.83643e-08 / 

                    /    0.0212586            0            0 \     /   0.00047911            0            0 \ 
              chi = |            0    0.0212586            0 | +/- |            0   0.00047911            0 | 1/eV
                    \            0            0    0.0212586 /     \            0            0   0.00047911 / 

                    /      16590.4            0            0 \     /      769.445            0            0 \ 
               T1 = |            0      16590.4            0 | +/- |            0      769.445            0 | ps
                    \            0            0      16590.4 /     \            0            0      769.445 / 

               T1 =      16590.4 +/-      769.445 ps


Results for T = 200 K and dmu = 1.14 eV using dRho formula:
                    /  1.40486e-06            0            0 \     /  5.10256e-08            0            0 \ 
            Gamma = |            0  1.40486e-06            0 | +/- |            0  5.10256e-08            0 | 1/(eV.ps)
                    \            0            0  1.40486e-06 /     \            0            0  5.10256e-08 / 

                    /    0.0212586            0            0 \     /  0.000479106            0            0 \ 
              chi = |            0    0.0212586            0 | +/- |            0  0.000479106            0 | 1/eV
                    \            0            0    0.0212586 /     \            0            0  0.000479106 / 

                    /      15122.1            0            0 \     /      700.716            0            0 \ 
               T1 = |            0      15122.1            0 | +/- |            0      700.716            0 | ps
                    \            0            0      15122.1 /     \            0            0      700.716 / 

               T1 =      15122.1 +/-      700.716 ps


Results for T = 300 K and dmu = 0 eV using FGR formula:
                    /     0.028885            0            0 \     /    0.0021862            0            0 \ 
            Gamma = |            0     0.028885            0 | +/- |            0    0.0021862            0 | 1/(eV.ps)
                    \            0            0     0.028885 /     \            0            0    0.0021862 / 

                    /    0.0162582            0            0 \     /  0.000115585            0            0 \ 
              chi = |            0    0.0162582            0 | +/- |            0  0.000115585            0 | 1/eV
                    \            0            0    0.0162582 /     \            0            0  0.000115585 / 

                    /     0.562867            0            0 \     /    0.0422135            0            0 \ 
               T1 = |            0     0.562867            0 | +/- |            0    0.0422135            0 | ps
                    \            0            0     0.562867 /     \            0            0    0.0422135 / 

               T1 =     0.562867 +/-    0.0422135 ps


Results for T = 300 K and dmu = 0 eV using dRho formula:
                    /    0.0598528            0            0 \     /   0.00515392            0            0 \ 
            Gamma = |            0    0.0598528            0 | +/- |            0   0.00515392            0 | 1/(eV.ps)
                    \            0            0    0.0598528 /     \            0            0   0.00515392 / 

                    /     0.020319            0            0 \     /  0.000216693            0            0 \ 
              chi = |            0     0.020319            0 | +/- |            0  0.000216693            0 | 1/eV
                    \            0            0     0.020319 /     \            0            0  0.000216693 / 

                    /     0.339526            0            0 \     /    0.0286232            0            0 \ 
               T1 = |            0     0.339526            0 | +/- |            0    0.0286232            0 | ps
                    \            0            0     0.339526 /     \            0            0    0.0286232 / 

               T1 =     0.339526 +/-    0.0286232 ps


Results for T = 300 K and dmu = 0.103636 eV using FGR formula:
                    /  0.000705177            0            0 \     /  6.15278e-05            0            0 \ 
            Gamma = |            0  0.000705177            0 | +/- |            0  6.15278e-05            0 | 1/(eV.ps)
                    \            0            0  0.000705177 /     \            0            0  6.15278e-05 / 

                    /  0.000404743            0            0 \     /  2.63347e-06            0            0 \ 
              chi = |            0  0.000404743            0 | +/- |            0  2.63347e-06            0 | 1/eV
                    \            0            0  0.000404743 /     \            0            0  2.63347e-06 / 

                    /     0.573981            0            0 \     /    0.0496897            0            0 \ 
               T1 = |            0     0.573981            0 | +/- |            0    0.0496897            0 | ps
                    \            0            0     0.573981 /     \            0            0    0.0496897 / 

               T1 =     0.573981 +/-    0.0496897 ps


Results for T = 300 K and dmu = 0.103636 eV using dRho formula:
                    /   0.00148384            0            0 \     /  0.000173245            0            0 \ 
            Gamma = |            0   0.00148384            0 | +/- |            0  0.000173245            0 | 1/(eV.ps)
                    \            0            0   0.00148384 /     \            0            0  0.000173245 / 

                    /  0.000522883            0            0 \     /  8.56156e-06            0            0 \ 
              chi = |            0  0.000522883            0 | +/- |            0  8.56156e-06            0 | 1/eV
                    \            0            0  0.000522883 /     \            0            0  8.56156e-06 / 

                    /     0.352528            0            0 \     /    0.0398716            0            0 \ 
               T1 = |            0     0.352528            0 | +/- |            0    0.0398716            0 | ps
                    \            0            0     0.352528 /     \            0            0    0.0398716 / 

               T1 =     0.352528 +/-    0.0398716 ps


Results for T = 300 K and dmu = 0.207273 eV using FGR formula:
                    /  1.28909e-05            0            0 \     /  1.12784e-06            0            0 \ 
            Gamma = |            0  1.28909e-05            0 | +/- |            0  1.12784e-06            0 | 1/(eV.ps)
                    \            0            0  1.28909e-05 /     \            0            0  1.12784e-06 / 

                    /  7.40443e-06            0            0 \     /  4.83339e-08            0            0 \ 
              chi = |            0  7.40443e-06            0 | +/- |            0  4.83339e-08            0 | 1/eV
                    \            0            0  7.40443e-06 /     \            0            0  4.83339e-08 / 

                    /     0.574415            0            0 \     /    0.0498612            0            0 \ 
               T1 = |            0     0.574415            0 | +/- |            0    0.0498612            0 | ps
                    \            0            0     0.574415 /     \            0            0    0.0498612 / 

               T1 =     0.574415 +/-    0.0498612 ps


Results for T = 300 K and dmu = 0.207273 eV using dRho formula:
                    /  2.71395e-05            0            0 \     /  3.19501e-06            0            0 \ 
            Gamma = |            0  2.71395e-05            0 | +/- |            0  3.19501e-06            0 | 1/(eV.ps)
                    \            0            0  2.71395e-05 /     \            0            0  3.19501e-06 / 

                    /  9.57392e-06            0            0 \     /  1.58588e-07            0            0 \ 
              chi = |            0  9.57392e-06            0 | +/- |            0  1.58588e-07            0 | 1/eV
                    \            0            0  9.57392e-06 /     \            0            0  1.58588e-07 / 

                    /     0.352914            0            0 \     /     0.040232            0            0 \ 
               T1 = |            0     0.352914            0 | +/- |            0     0.040232            0 | ps
                    \            0            0     0.352914 /     \            0            0     0.040232 / 

               T1 =     0.352914 +/-     0.040232 ps


Results for T = 300 K and dmu = 0.310909 eV using FGR formula:
                    /  2.34058e-07            0            0 \     /   2.0479e-08            0            0 \ 
            Gamma = |            0  2.34058e-07            0 | +/- |            0   2.0479e-08            0 | 1/(eV.ps)
                    \            0            0  2.34058e-07 /     \            0            0   2.0479e-08 / 

                    /  1.34443e-07            0            0 \     /  8.77659e-10            0            0 \ 
              chi = |            0  1.34443e-07            0 | +/- |            0  8.77659e-10            0 | 1/eV
                    \            0            0  1.34443e-07 /     \            0            0  8.77659e-10 / 

                    /     0.574423            0            0 \     /    0.0498643            0            0 \ 
               T1 = |            0     0.574423            0 | +/- |            0    0.0498643            0 | ps
                    \            0            0     0.574423 /     \            0            0    0.0498643 / 

               T1 =     0.574423 +/-    0.0498643 ps


Results for T = 300 K and dmu = 0.310909 eV using dRho formula:
                    /  4.92772e-07            0            0 \     /  5.80207e-08            0            0 \ 
            Gamma = |            0  4.92772e-07            0 | +/- |            0  5.80207e-08            0 | 1/(eV.ps)
                    \            0            0  4.92772e-07 /     \            0            0  5.80207e-08 / 

                    /  1.73837e-07            0            0 \     /  2.88015e-09            0            0 \ 
              chi = |            0  1.73837e-07            0 | +/- |            0  2.88015e-09            0 | 1/eV
                    \            0            0  1.73837e-07 /     \            0            0  2.88015e-09 / 

                    /     0.352922            0            0 \     /    0.0402387            0            0 \ 
               T1 = |            0     0.352922            0 | +/- |            0    0.0402387            0 | ps
                    \            0            0     0.352922 /     \            0            0    0.0402387 / 

               T1 =     0.352922 +/-    0.0402387 ps


Results for T = 300 K and dmu = 0.414545 eV using FGR formula:
                    /  4.24923e-09            0            0 \     /  3.71788e-10            0            0 \ 
            Gamma = |            0  4.24923e-09            0 | +/- |            0  3.71788e-10            0 | 1/(eV.ps)
                    \            0            0  4.24923e-09 /     \            0            0  3.71788e-10 / 

                    /  2.44079e-09            0            0 \     /  1.59335e-11            0            0 \ 
              chi = |            0  2.44079e-09            0 | +/- |            0  1.59335e-11            0 | 1/eV
                    \            0            0  2.44079e-09 /     \            0            0  1.59335e-11 / 

                    /      0.57443            0            0 \     /    0.0498649            0            0 \ 
               T1 = |            0      0.57443            0 | +/- |            0    0.0498649            0 | ps
                    \            0            0      0.57443 /     \            0            0    0.0498649 / 

               T1 =      0.57443 +/-    0.0498649 ps


Results for T = 300 K and dmu = 0.414545 eV using dRho formula:
                    /  8.94608e-09            0            0 \     /  1.05334e-09            0            0 \ 
            Gamma = |            0  8.94608e-09            0 | +/- |            0  1.05334e-09            0 | 1/(eV.ps)
                    \            0            0  8.94608e-09 /     \            0            0  1.05334e-09 / 

                    /  3.15598e-09            0            0 \     /  5.22881e-11            0            0 \ 
              chi = |            0  3.15598e-09            0 | +/- |            0  5.22881e-11            0 | 1/eV
                    \            0            0  3.15598e-09 /     \            0            0  5.22881e-11 / 

                    /     0.352925            0            0 \     /    0.0402391            0            0 \ 
               T1 = |            0     0.352925            0 | +/- |            0    0.0402391            0 | ps
                    \            0            0     0.352925 /     \            0            0    0.0402391 / 

               T1 =     0.352925 +/-    0.0402391 ps


Results for T = 300 K and dmu = 0.518182 eV using FGR formula:
                    /  7.71432e-11            0            0 \     /  6.74965e-12            0            0 \ 
            Gamma = |            0  7.71432e-11            0 | +/- |            0  6.74965e-12            0 | 1/(eV.ps)
                    \            0            0  7.71432e-11 /     \            0            0  6.74965e-12 / 

                    /   4.5888e-11            0            0 \     /  2.89275e-13            0            0 \ 
              chi = |            0   4.5888e-11            0 | +/- |            0  2.89275e-13            0 | 1/eV
                    \            0            0   4.5888e-11 /     \            0            0  2.89275e-13 / 

                    /     0.594887            0            0 \     /    0.0513643            0            0 \ 
               T1 = |            0     0.594887            0 | +/- |            0    0.0513643            0 | ps
                    \            0            0     0.594887 /     \            0            0    0.0513643 / 

               T1 =     0.594887 +/-    0.0513643 ps


Results for T = 300 K and dmu = 0.518182 eV using dRho formula:
                    /  1.62412e-10            0            0 \     /   1.9123e-11            0            0 \ 
            Gamma = |            0  1.62412e-10            0 | +/- |            0   1.9123e-11            0 | 1/(eV.ps)
                    \            0            0  1.62412e-10 /     \            0            0   1.9123e-11 / 

                    /  5.88719e-11            0            0 \     /  9.38231e-13            0            0 \ 
              chi = |            0  5.88719e-11            0 | +/- |            0  9.38231e-13            0 | 1/eV
                    \            0            0  5.88719e-11 /     \            0            0  9.38231e-13 / 

                    /      0.36264            0            0 \     /    0.0413301            0            0 \ 
               T1 = |            0      0.36264            0 | +/- |            0    0.0413301            0 | ps
                    \            0            0      0.36264 /     \            0            0    0.0413301 / 

               T1 =      0.36264 +/-    0.0413301 ps


Results for T = 300 K and dmu = 0.621818 eV using FGR formula:
                    /  1.41737e-12            0            0 \     /  1.22781e-13            0            0 \ 
            Gamma = |            0  1.41737e-12            0 | +/- |            0  1.22781e-13            0 | 1/(eV.ps)
                    \            0            0  1.41737e-12 /     \            0            0  1.22781e-13 / 

                    /  8.76741e-11            0            0 \     /  1.73801e-12            0            0 \ 
              chi = |            0  8.76741e-11            0 | +/- |            0  1.73801e-12            0 | 1/eV
                    \            0            0  8.76741e-11 /     \            0            0  1.73801e-12 / 

                    /      61.8959            0            0 \     /      4.64596            0            0 \ 
               T1 = |            0      61.8959            0 | +/- |            0      4.64596            0 | ps
                    \            0            0      61.8959 /     \            0            0      4.64596 / 

               T1 =      61.8959 +/-      4.64596 ps


Results for T = 300 K and dmu = 0.621818 eV using dRho formula:
                    /  2.96667e-12            0            0 \     /  3.47835e-13            0            0 \ 
            Gamma = |            0  2.96667e-12            0 | +/- |            0  3.47835e-13            0 | 1/(eV.ps)
                    \            0            0  2.96667e-12 /     \            0            0  3.47835e-13 / 

                    /  8.79101e-11            0            0 \     /  1.73198e-12            0            0 \ 
              chi = |            0  8.79101e-11            0 | +/- |            0  1.73198e-12            0 | 1/eV
                    \            0            0  8.79101e-11 /     \            0            0  1.73198e-12 / 

                    /      29.6339            0            0 \     /      3.40945            0            0 \ 
               T1 = |            0      29.6339            0 | +/- |            0      3.40945            0 | ps
                    \            0            0      29.6339 /     \            0            0      3.40945 / 

               T1 =      29.6339 +/-      3.40945 ps


Results for T = 300 K and dmu = 0.725455 eV using FGR formula:
                    /   9.5474e-13            0            0 \     /  1.89369e-14            0            0 \ 
            Gamma = |            0   9.5474e-13            0 | +/- |            0  1.89369e-14            0 | 1/(eV.ps)
                    \            0            0   9.5474e-13 /     \            0            0  1.89369e-14 / 

                    /  4.78502e-09            0            0 \     /  9.57493e-11            0            0 \ 
              chi = |            0  4.78502e-09            0 | +/- |            0  9.57493e-11            0 | 1/eV
                    \            0            0  4.78502e-09 /     \            0            0  9.57493e-11 / 

                    /      5010.05            0            0 \     /      133.937            0            0 \ 
               T1 = |            0      5010.05            0 | +/- |            0      133.937            0 | ps
                    \            0            0      5010.05 /     \            0            0      133.937 / 

               T1 =      5010.05 +/-      133.937 ps


Results for T = 300 K and dmu = 0.725455 eV using dRho formula:
                    /  1.05396e-12            0            0 \     /  4.72968e-14            0            0 \ 
            Gamma = |            0  1.05396e-12            0 | +/- |            0  4.72968e-14            0 | 1/(eV.ps)
                    \            0            0  1.05396e-12 /     \            0            0  4.72968e-14 / 

                    /  4.78504e-09            0            0 \     /  9.57437e-11            0            0 \ 
              chi = |            0  4.78504e-09            0 | +/- |            0  9.57437e-11            0 | 1/eV
                    \            0            0  4.78504e-09 /     \            0            0  9.57437e-11 / 

                    /      4538.93            0            0 \     /      207.473            0            0 \ 
               T1 = |            0      4538.93            0 | +/- |            0      207.473            0 | ps
                    \            0            0      4538.93 /     \            0            0      207.473 / 

               T1 =      4538.93 +/-      207.473 ps


Results for T = 300 K and dmu = 0.829091 eV using FGR formula:
                    /  5.11895e-11            0            0 \     /  9.44441e-13            0            0 \ 
            Gamma = |            0  5.11895e-11            0 | +/- |            0  9.44441e-13            0 | 1/(eV.ps)
                    \            0            0  5.11895e-11 /     \            0            0  9.44441e-13 / 

                    /  2.63569e-07            0            0 \     /  5.27409e-09            0            0 \ 
              chi = |            0  2.63569e-07            0 | +/- |            0  5.27409e-09            0 | 1/eV
                    \            0            0  2.63569e-07 /     \            0            0  5.27409e-09 / 

                    /      5146.91            0            0 \     /      137.839            0            0 \ 
               T1 = |            0      5146.91            0 | +/- |            0      137.839            0 | ps
                    \            0            0      5146.91 /     \            0            0      137.839 / 

               T1 =      5146.91 +/-      137.839 ps


Results for T = 300 K and dmu = 0.829091 eV using dRho formula:
                    /  5.51078e-11            0            0 \     /  2.29445e-12            0            0 \ 
            Gamma = |            0  5.51078e-11            0 | +/- |            0  2.29445e-12            0 | 1/(eV.ps)
                    \            0            0  5.51078e-11 /     \            0            0  2.29445e-12 / 

                    /  2.63571e-07            0            0 \     /  5.27379e-09            0            0 \ 
              chi = |            0  2.63571e-07            0 | +/- |            0  5.27379e-09            0 | 1/eV
                    \            0            0  2.63571e-07 /     \            0            0  5.27379e-09 / 

                    /      4781.57            0            0 \     /      205.244            0            0 \ 
               T1 = |            0      4781.57            0 | +/- |            0      205.244            0 | ps
                    \            0            0      4781.57 /     \            0            0      205.244 / 

               T1 =      4781.57 +/-      205.244 ps


Results for T = 300 K and dmu = 0.932727 eV using FGR formula:
                    /  2.81947e-09            0            0 \     /  5.20214e-11            0            0 \ 
            Gamma = |            0  2.81947e-09            0 | +/- |            0  5.20214e-11            0 | 1/(eV.ps)
                    \            0            0  2.81947e-09 /     \            0            0  5.20214e-11 / 

                    /  1.45149e-05            0            0 \     /  2.90429e-07            0            0 \ 
              chi = |            0  1.45149e-05            0 | +/- |            0  2.90429e-07            0 | 1/eV
                    \            0            0  1.45149e-05 /     \            0            0  2.90429e-07 / 

                    /      5146.08            0            0 \     /      137.807            0            0 \ 
               T1 = |            0      5146.08            0 | +/- |            0      137.807            0 | ps
                    \            0            0      5146.08 /     \            0            0      137.807 / 

               T1 =      5146.08 +/-      137.807 ps


Results for T = 300 K and dmu = 0.932727 eV using dRho formula:
                    /  3.03526e-09            0            0 \     /   1.2638e-10            0            0 \ 
            Gamma = |            0  3.03526e-09            0 | +/- |            0   1.2638e-10            0 | 1/(eV.ps)
                    \            0            0  3.03526e-09 /     \            0            0   1.2638e-10 / 

                    /  1.45149e-05            0            0 \     /  2.90412e-07            0            0 \ 
              chi = |            0  1.45149e-05            0 | +/- |            0  2.90412e-07            0 | 1/eV
                    \            0            0  1.45149e-05 /     \            0            0  2.90412e-07 / 

                    /      4780.84            0            0 \     /      205.209            0            0 \ 
               T1 = |            0      4780.84            0 | +/- |            0      205.209            0 | ps
                    \            0            0      4780.84 /     \            0            0      205.209 / 

               T1 =      4780.84 +/-      205.209 ps


Results for T = 300 K and dmu = 1.03636 eV using FGR formula:
                    /  1.54843e-07            0            0 \     /  2.86805e-09            0            0 \ 
            Gamma = |            0  1.54843e-07            0 | +/- |            0  2.86805e-09            0 | 1/(eV.ps)
                    \            0            0  1.54843e-07 /     \            0            0  2.86805e-09 / 

                    /  0.000789833            0            0 \     /  1.57525e-05            0            0 \ 
              chi = |            0  0.000789833            0 | +/- |            0  1.57525e-05            0 | 1/eV
                    \            0            0  0.000789833 /     \            0            0  1.57525e-05 / 

                    /      5098.93            0            0 \     /      136.008            0            0 \ 
               T1 = |            0      5098.93            0 | +/- |            0      136.008            0 | ps
                    \            0            0      5098.93 /     \            0            0      136.008 / 

               T1 =      5098.93 +/-      136.008 ps


Results for T = 300 K and dmu = 1.03636 eV using dRho formula:
                    /  1.66696e-07            0            0 \     /  6.96409e-09            0            0 \ 
            Gamma = |            0  1.66696e-07            0 | +/- |            0  6.96409e-09            0 | 1/(eV.ps)
                    \            0            0  1.66696e-07 /     \            0            0  6.96409e-09 / 

                    /  0.000789836            0            0 \     /  1.57516e-05            0            0 \ 
              chi = |            0  0.000789836            0 | +/- |            0  1.57516e-05            0 | 1/eV
                    \            0            0  0.000789836 /     \            0            0  1.57516e-05 / 

                    /      4736.99            0            0 \     /      203.362            0            0 \ 
               T1 = |            0      4736.99            0 | +/- |            0      203.362            0 | ps
                    \            0            0      4736.99 /     \            0            0      203.362 / 

               T1 =      4736.99 +/-      203.362 ps


Results for T = 300 K and dmu = 1.14 eV using FGR formula:
                    /  7.53232e-06            0            0 \     /  1.50115e-07            0            0 \ 
            Gamma = |            0  7.53232e-06            0 | +/- |            0  1.50115e-07            0 | 1/(eV.ps)
                    \            0            0  7.53232e-06 /     \            0            0  1.50115e-07 / 

                    /    0.0271529            0            0 \     /  0.000469717            0            0 \ 
              chi = |            0    0.0271529            0 | +/- |            0  0.000469717            0 | 1/eV
                    \            0            0    0.0271529 /     \            0            0  0.000469717 / 

                    /      3604.13            0            0 \     /      80.8934            0            0 \ 
               T1 = |            0      3604.13            0 | +/- |            0      80.8934            0 | ps
                    \            0            0      3604.13 /     \            0            0      80.8934 / 

               T1 =      3604.13 +/-      80.8934 ps


Results for T = 300 K and dmu = 1.14 eV using dRho formula:
                    /  8.11262e-06            0            0 \     /  3.73327e-07            0            0 \ 
            Gamma = |            0  8.11262e-06            0 | +/- |            0  3.73327e-07            0 | 1/(eV.ps)
                    \            0            0  8.11262e-06 /     \            0            0  3.73327e-07 / 

                    /    0.0271531            0            0 \     /  0.000469666            0            0 \ 
              chi = |            0    0.0271531            0 | +/- |            0  0.000469666            0 | 1/eV
                    \            0            0    0.0271531 /     \            0            0  0.000469666 / 

                    /      3347.01            0            0 \     /      142.653            0            0 \ 
               T1 = |            0      3347.01            0 | +/- |            0      142.653            0 | ps
                    \            0            0      3347.01 /     \            0            0      142.653 / 

               T1 =      3347.01 +/-      142.653 ps

End date and time: Tue Sep 28 17:11:30 2021  (Duration: 0-0:03:54.42)
Done!

PROFILER:  DistributedMatrix::transform1     0.001744 +/-     0.001956 s, 30459 calls,     53.123361 s total
PROFILER:  DistributedMatrix::transform2     0.025412 +/-     0.000582 s, 3124 calls,     79.386803 s total
PROFILER:       FeynWann::eLoop:callback     0.000000 +/-     0.000000 s, 3124 calls,      0.000737 s total
PROFILER:        FeynWann::ePhLoop:bcast     0.001143 +/-     0.000420 s, 9372 calls,     10.715930 s total
PROFILER:     FeynWann::ePhLoop:callback     0.000519 +/-     0.000728 s, 5877 calls,      3.049412 s total
PROFILER:      FeynWann::phLoop:callback     0.000000 +/-     0.000000 s, 3124 calls,      0.000144 s total
PROFILER:            FeynWann::setMatrix     0.000076 +/-     0.000016 s, 5877 calls,      0.449572 s total
PROFILER:   FeynWann::setState:rotations     0.000064 +/-     0.000049 s, 5299 calls,      0.338904 s total
PROFILER:            matrix::diagonalize     0.000097 +/-     0.000118 s, 43736 calls,      4.224557 s total

MEMUSAGE:                         matrix     0.020015 GB
MEMUSAGE:                           misc     0.015487 GB
MEMUSAGE:                          Total     0.035361 GB
