--------------------------------------------------------------------------
By default, for Open MPI 4.0 and later, infiniband ports on a device
are not used by default.  The intent is to use UCX for these devices.
You can override this policy by setting the btl_openib_allow_ib MCA parameter
to true.

  Local host:              krnode07
  Local adapter:           mlx4_0
  Local port:              1

--------------------------------------------------------------------------
--------------------------------------------------------------------------
WARNING: There was an error initializing an OpenFabrics device.

  Local host:   krnode07
  Local device: mlx4_0
--------------------------------------------------------------------------
[krnode03.krhpc:26636] 207 more processes have sent help message help-mpi-btl-openib.txt / ib port not selected
[krnode03.krhpc:26636] Set MCA parameter "orte_base_help_aggregate" to 0 to see all help / error messages
[krnode03.krhpc:26636] 207 more processes have sent help message help-mpi-btl-openib.txt / error in device init
[krnode03.krhpc:26636] 48 more processes have sent help message help-mpi-btl-openib.txt / ib port not selected
[krnode03.krhpc:26636] 48 more processes have sent help message help-mpi-btl-openib.txt / error in device init
[krnode07.krhpc:10645] mca_base_component_repository_open: unable to open mca_fs_lustre: liblustreapi.so: cannot open shared object file: No such file or directory (ignored)
[krnode07.krhpc:10647] mca_base_component_repository_open: unable to open mca_fs_lustre: liblustreapi.so: cannot open shared object file: No such file or directory (ignored)
[krnode07.krhpc:10649] mca_base_component_repository_open: unable to open mca_fs_lustre: liblustreapi.so: cannot open shared object file: No such file or directory (ignored)
[krnode07.krhpc:10653] mca_base_component_repository_open: unable to open mca_fs_lustre: liblustreapi.so: cannot open shared object file: No such file or directory (ignored)
[krnode07.krhpc:10655] mca_base_component_repository_open: unable to open mca_fs_lustre: liblustreapi.so: cannot open shared object file: No such file or directory (ignored)
[krnode07.krhpc:10657] mca_base_component_repository_open: unable to open mca_fs_lustre: liblustreapi.so: cannot open shared object file: No such file or directory (ignored)
[krnode07.krhpc:10644] mca_base_component_repository_open: unable to open mca_fs_lustre: liblustreapi.so: cannot open shared object file: No such file or directory (ignored)
[krnode07.krhpc:10659] mca_base_component_repository_open: unable to open mca_fs_lustre: liblustreapi.so: cannot open shared object file: No such file or directory (ignored)
[krnode07.krhpc:10646] mca_base_component_repository_open: unable to open mca_fs_lustre: liblustreapi.so: cannot open shared object file: No such file or directory (ignored)
[krnode07.krhpc:10648] mca_base_component_repository_open: unable to open mca_fs_lustre: liblustreapi.so: cannot open shared object file: No such file or directory (ignored)
[krnode07.krhpc:10650] mca_base_component_repository_open: unable to open mca_fs_lustre: liblustreapi.so: cannot open shared object file: No such file or directory (ignored)
[krnode07.krhpc:10651] mca_base_component_repository_open: unable to open mca_fs_lustre: liblustreapi.so: cannot open shared object file: No such file or directory (ignored)
[krnode07.krhpc:10652] mca_base_component_repository_open: unable to open mca_fs_lustre: liblustreapi.so: cannot open shared object file: No such file or directory (ignored)
[krnode07.krhpc:10654] mca_base_component_repository_open: unable to open mca_fs_lustre: liblustreapi.so: cannot open shared object file: No such file or directory (ignored)
[krnode07.krhpc:10656] mca_base_component_repository_open: unable to open mca_fs_lustre: liblustreapi.so: cannot open shared object file: No such file or directory (ignored)
[krnode07.krhpc:10658] mca_base_component_repository_open: unable to open mca_fs_lustre: liblustreapi.so: cannot open shared object file: No such file or directory (ignored)
[krnode10.krhpc:04320] mca_base_component_repository_open: unable to open mca_fs_lustre: liblustreapi.so: cannot open shared object file: No such file or directory (ignored)
[krnode10.krhpc:04322] mca_base_component_repository_open: unable to open mca_fs_lustre: liblustreapi.so: cannot open shared object file: No such file or directory (ignored)
[krnode10.krhpc:04331] mca_base_component_repository_open: unable to open mca_fs_lustre: liblustreapi.so: cannot open shared object file: No such file or directory (ignored)
[krnode10.krhpc:04332] mca_base_component_repository_open: unable to open mca_fs_lustre: liblustreapi.so: cannot open shared object file: No such file or directory (ignored)
[krnode10.krhpc:04335] mca_base_component_repository_open: unable to open mca_fs_lustre: liblustreapi.so: cannot open shared object file: No such file or directory (ignored)
[krnode10.krhpc:04321] mca_base_component_repository_open: unable to open mca_fs_lustre: liblustreapi.so: cannot open shared object file: No such file or directory (ignored)
[krnode10.krhpc:04323] mca_base_component_repository_open: unable to open mca_fs_lustre: liblustreapi.so: cannot open shared object file: No such file or directory (ignored)
[krnode10.krhpc:04324] mca_base_component_repository_open: unable to open mca_fs_lustre: liblustreapi.so: cannot open shared object file: No such file or directory (ignored)
[krnode10.krhpc:04325] mca_base_component_repository_open: unable to open mca_fs_lustre: liblustreapi.so: cannot open shared object file: No such file or directory (ignored)
[krnode10.krhpc:04326] mca_base_component_repository_open: unable to open mca_fs_lustre: liblustreapi.so: cannot open shared object file: No such file or directory (ignored)
[krnode10.krhpc:04327] mca_base_component_repository_open: unable to open mca_fs_lustre: liblustreapi.so: cannot open shared object file: No such file or directory (ignored)
[krnode10.krhpc:04328] mca_base_component_repository_open: unable to open mca_fs_lustre: liblustreapi.so: cannot open shared object file: No such file or directory (ignored)
[krnode10.krhpc:04329] mca_base_component_repository_open: unable to open mca_fs_lustre: liblustreapi.so: cannot open shared object file: No such file or directory (ignored)
[krnode10.krhpc:04330] mca_base_component_repository_open: unable to open mca_fs_lustre: liblustreapi.so: cannot open shared object file: No such file or directory (ignored)
[krnode10.krhpc:04333] mca_base_component_repository_open: unable to open mca_fs_lustre: liblustreapi.so: cannot open shared object file: No such file or directory (ignored)
[krnode10.krhpc:04334] mca_base_component_repository_open: unable to open mca_fs_lustre: liblustreapi.so: cannot open shared object file: No such file or directory (ignored)
[krnode18.krhpc:21786] mca_base_component_repository_open: unable to open mca_fs_lustre: liblustreapi.so: cannot open shared object file: No such file or directory (ignored)
[krnode18.krhpc:21775] mca_base_component_repository_open: unable to open mca_fs_lustre: liblustreapi.so: cannot open shared object file: No such file or directory (ignored)
[krnode18.krhpc:21776] mca_base_component_repository_open: unable to open mca_fs_lustre: liblustreapi.so: cannot open shared object file: No such file or directory (ignored)
[krnode18.krhpc:21777] mca_base_component_repository_open: unable to open mca_fs_lustre: liblustreapi.so: cannot open shared object file: No such file or directory (ignored)
[krnode18.krhpc:21778] mca_base_component_repository_open: unable to open mca_fs_lustre: liblustreapi.so: cannot open shared object file: No such file or directory (ignored)
[krnode18.krhpc:21780] mca_base_component_repository_open: unable to open mca_fs_lustre: liblustreapi.so: cannot open shared object file: No such file or directory (ignored)
[krnode18.krhpc:21781] mca_base_component_repository_open: unable to open mca_fs_lustre: liblustreapi.so: cannot open shared object file: No such file or directory (ignored)
[krnode18.krhpc:21782] mca_base_component_repository_open: unable to open mca_fs_lustre: liblustreapi.so: cannot open shared object file: No such file or directory (ignored)
[krnode18.krhpc:21783] mca_base_component_repository_open: unable to open mca_fs_lustre: liblustreapi.so: cannot open shared object file: No such file or directory (ignored)
[krnode18.krhpc:21784] mca_base_component_repository_open: unable to open mca_fs_lustre: liblustreapi.so: cannot open shared object file: No such file or directory (ignored)
[krnode18.krhpc:21790] mca_base_component_repository_open: unable to open mca_fs_lustre: liblustreapi.so: cannot open shared object file: No such file or directory (ignored)
[krnode18.krhpc:21787] mca_base_component_repository_open: unable to open mca_fs_lustre: liblustreapi.so: cannot open shared object file: No such file or directory (ignored)
[krnode18.krhpc:21788] mca_base_component_repository_open: unable to open mca_fs_lustre: liblustreapi.so: cannot open shared object file: No such file or directory (ignored)
[krnode18.krhpc:21779] mca_base_component_repository_open: unable to open mca_fs_lustre: liblustreapi.so: cannot open shared object file: No such file or directory (ignored)
[krnode18.krhpc:21785] mca_base_component_repository_open: unable to open mca_fs_lustre: liblustreapi.so: cannot open shared object file: No such file or directory (ignored)
[krnode18.krhpc:21789] mca_base_component_repository_open: unable to open mca_fs_lustre: liblustreapi.so: cannot open shared object file: No such file or directory (ignored)
[krnode15.krhpc:20729] mca_base_component_repository_open: unable to open mca_fs_lustre: liblustreapi.so: cannot open shared object file: No such file or directory (ignored)
[krnode15.krhpc:20730] mca_base_component_repository_open: unable to open mca_fs_lustre: liblustreapi.so: cannot open shared object file: No such file or directory (ignored)
[krnode15.krhpc:20732] mca_base_component_repository_open: unable to open mca_fs_lustre: liblustreapi.so: cannot open shared object file: No such file or directory (ignored)
[krnode15.krhpc:20734] mca_base_component_repository_open: unable to open mca_fs_lustre: liblustreapi.so: cannot open shared object file: No such file or directory (ignored)
[krnode15.krhpc:20737] mca_base_component_repository_open: unable to open mca_fs_lustre: liblustreapi.so: cannot open shared object file: No such file or directory (ignored)
[krnode15.krhpc:20725] mca_base_component_repository_open: unable to open mca_fs_lustre: liblustreapi.so: cannot open shared object file: No such file or directory (ignored)
[krnode15.krhpc:20726] mca_base_component_repository_open: unable to open mca_fs_lustre: liblustreapi.so: cannot open shared object file: No such file or directory (ignored)
[krnode15.krhpc:20728] mca_base_component_repository_open: unable to open mca_fs_lustre: liblustreapi.so: cannot open shared object file: No such file or directory (ignored)
[krnode15.krhpc:20740] mca_base_component_repository_open: unable to open mca_fs_lustre: liblustreapi.so: cannot open shared object file: No such file or directory (ignored)
[krnode15.krhpc:20731] mca_base_component_repository_open: unable to open mca_fs_lustre: liblustreapi.so: cannot open shared object file: No such file or directory (ignored)
[krnode15.krhpc:20733] mca_base_component_repository_open: unable to open mca_fs_lustre: liblustreapi.so: cannot open shared object file: No such file or directory (ignored)
[krnode15.krhpc:20736] mca_base_component_repository_open: unable to open mca_fs_lustre: liblustreapi.so: cannot open shared object file: No such file or directory (ignored)
[krnode15.krhpc:20738] mca_base_component_repository_open: unable to open mca_fs_lustre: liblustreapi.so: cannot open shared object file: No such file or directory (ignored)
[krnode15.krhpc:20739] mca_base_component_repository_open: unable to open mca_fs_lustre: liblustreapi.so: cannot open shared object file: No such file or directory (ignored)
[krnode15.krhpc:20727] mca_base_component_repository_open: unable to open mca_fs_lustre: liblustreapi.so: cannot open shared object file: No such file or directory (ignored)
[krnode15.krhpc:20735] mca_base_component_repository_open: unable to open mca_fs_lustre: liblustreapi.so: cannot open shared object file: No such file or directory (ignored)
[krnode09.krhpc:23159] mca_base_component_repository_open: unable to open mca_fs_lustre: liblustreapi.so: cannot open shared object file: No such file or directory (ignored)
[krnode09.krhpc:23163] mca_base_component_repository_open: unable to open mca_fs_lustre: liblustreapi.so: cannot open shared object file: No such file or directory (ignored)
[krnode09.krhpc:23158] mca_base_component_repository_open: unable to open mca_fs_lustre: liblustreapi.so: cannot open shared object file: No such file or directory (ignored)
[krnode09.krhpc:23160] mca_base_component_repository_open: unable to open mca_fs_lustre: liblustreapi.so: cannot open shared object file: No such file or directory (ignored)
[krnode09.krhpc:23161] mca_base_component_repository_open: unable to open mca_fs_lustre: liblustreapi.so: cannot open shared object file: No such file or directory (ignored)
[krnode09.krhpc:23162] mca_base_component_repository_open: unable to open mca_fs_lustre: liblustreapi.so: cannot open shared object file: No such file or directory (ignored)
[krnode09.krhpc:23164] mca_base_component_repository_open: unable to open mca_fs_lustre: liblustreapi.so: cannot open shared object file: No such file or directory (ignored)
[krnode09.krhpc:23166] mca_base_component_repository_open: unable to open mca_fs_lustre: liblustreapi.so: cannot open shared object file: No such file or directory (ignored)
[krnode09.krhpc:23167] mca_base_component_repository_open: unable to open mca_fs_lustre: liblustreapi.so: cannot open shared object file: No such file or directory (ignored)
[krnode09.krhpc:23168] mca_base_component_repository_open: unable to open mca_fs_lustre: liblustreapi.so: cannot open shared object file: No such file or directory (ignored)
[krnode09.krhpc:23169] mca_base_component_repository_open: unable to open mca_fs_lustre: liblustreapi.so: cannot open shared object file: No such file or directory (ignored)
[krnode09.krhpc:23171] mca_base_component_repository_open: unable to open mca_fs_lustre: liblustreapi.so: cannot open shared object file: No such file or directory (ignored)
[krnode09.krhpc:23173] mca_base_component_repository_open: unable to open mca_fs_lustre: liblustreapi.so: cannot open shared object file: No such file or directory (ignored)
[krnode09.krhpc:23165] mca_base_component_repository_open: unable to open mca_fs_lustre: liblustreapi.so: cannot open shared object file: No such file or directory (ignored)
[krnode09.krhpc:23170] mca_base_component_repository_open: unable to open mca_fs_lustre: liblustreapi.so: cannot open shared object file: No such file or directory (ignored)
[krnode09.krhpc:23172] mca_base_component_repository_open: unable to open mca_fs_lustre: liblustreapi.so: cannot open shared object file: No such file or directory (ignored)
[krnode13.krhpc:15287] mca_base_component_repository_open: unable to open mca_fs_lustre: liblustreapi.so: cannot open shared object file: No such file or directory (ignored)
[krnode13.krhpc:15293] mca_base_component_repository_open: unable to open mca_fs_lustre: liblustreapi.so: cannot open shared object file: No such file or directory (ignored)
[krnode13.krhpc:15295] mca_base_component_repository_open: unable to open mca_fs_lustre: liblustreapi.so: cannot open shared object file: No such file or directory (ignored)
[krnode13.krhpc:15302] mca_base_component_repository_open: unable to open mca_fs_lustre: liblustreapi.so: cannot open shared object file: No such file or directory (ignored)
[krnode13.krhpc:15288] mca_base_component_repository_open: unable to open mca_fs_lustre: liblustreapi.so: cannot open shared object file: No such file or directory (ignored)
[krnode13.krhpc:15289] mca_base_component_repository_open: unable to open mca_fs_lustre: liblustreapi.so: cannot open shared object file: No such file or directory (ignored)
[krnode13.krhpc:15291] mca_base_component_repository_open: unable to open mca_fs_lustre: liblustreapi.so: cannot open shared object file: No such file or directory (ignored)
[krnode13.krhpc:15292] mca_base_component_repository_open: unable to open mca_fs_lustre: liblustreapi.so: cannot open shared object file: No such file or directory (ignored)
[krnode13.krhpc:15294] mca_base_component_repository_open: unable to open mca_fs_lustre: liblustreapi.so: cannot open shared object file: No such file or directory (ignored)
[krnode13.krhpc:15298] mca_base_component_repository_open: unable to open mca_fs_lustre: liblustreapi.so: cannot open shared object file: No such file or directory (ignored)
[krnode13.krhpc:15299] mca_base_component_repository_open: unable to open mca_fs_lustre: liblustreapi.so: cannot open shared object file: No such file or directory (ignored)
[krnode13.krhpc:15300] mca_base_component_repository_open: unable to open mca_fs_lustre: liblustreapi.so: cannot open shared object file: No such file or directory (ignored)
[krnode13.krhpc:15290] mca_base_component_repository_open: unable to open mca_fs_lustre: liblustreapi.so: cannot open shared object file: No such file or directory (ignored)
[krnode13.krhpc:15296] mca_base_component_repository_open: unable to open mca_fs_lustre: liblustreapi.so: cannot open shared object file: No such file or directory (ignored)
[krnode13.krhpc:15297] mca_base_component_repository_open: unable to open mca_fs_lustre: liblustreapi.so: cannot open shared object file: No such file or directory (ignored)
[krnode13.krhpc:15301] mca_base_component_repository_open: unable to open mca_fs_lustre: liblustreapi.so: cannot open shared object file: No such file or directory (ignored)
[krnode06.krhpc:24324] mca_base_component_repository_open: unable to open mca_fs_lustre: liblustreapi.so: cannot open shared object file: No such file or directory (ignored)
[krnode06.krhpc:24328] mca_base_component_repository_open: unable to open mca_fs_lustre: liblustreapi.so: cannot open shared object file: No such file or directory (ignored)
[krnode06.krhpc:24329] mca_base_component_repository_open: unable to open mca_fs_lustre: liblustreapi.so: cannot open shared object file: No such file or directory (ignored)
[krnode06.krhpc:24315] mca_base_component_repository_open: unable to open mca_fs_lustre: liblustreapi.so: cannot open shared object file: No such file or directory (ignored)
[krnode06.krhpc:24316] mca_base_component_repository_open: unable to open mca_fs_lustre: liblustreapi.so: cannot open shared object file: No such file or directory (ignored)
[krnode06.krhpc:24317] mca_base_component_repository_open: unable to open mca_fs_lustre: liblustreapi.so: cannot open shared object file: No such file or directory (ignored)
[krnode06.krhpc:24318] mca_base_component_repository_open: unable to open mca_fs_lustre: liblustreapi.so: cannot open shared object file: No such file or directory (ignored)
[krnode06.krhpc:24319] mca_base_component_repository_open: unable to open mca_fs_lustre: liblustreapi.so: cannot open shared object file: No such file or directory (ignored)
[krnode06.krhpc:24320] mca_base_component_repository_open: unable to open mca_fs_lustre: liblustreapi.so: cannot open shared object file: No such file or directory (ignored)
[krnode06.krhpc:24321] mca_base_component_repository_open: unable to open mca_fs_lustre: liblustreapi.so: cannot open shared object file: No such file or directory (ignored)
[krnode06.krhpc:24322] mca_base_component_repository_open: unable to open mca_fs_lustre: liblustreapi.so: cannot open shared object file: No such file or directory (ignored)
[krnode06.krhpc:24323] mca_base_component_repository_open: unable to open mca_fs_lustre: liblustreapi.so: cannot open shared object file: No such file or directory (ignored)
[krnode06.krhpc:24330] mca_base_component_repository_open: unable to open mca_fs_lustre: liblustreapi.so: cannot open shared object file: No such file or directory (ignored)
[krnode06.krhpc:24325] mca_base_component_repository_open: unable to open mca_fs_lustre: liblustreapi.so: cannot open shared object file: No such file or directory (ignored)
[krnode06.krhpc:24326] mca_base_component_repository_open: unable to open mca_fs_lustre: liblustreapi.so: cannot open shared object file: No such file or directory (ignored)
[krnode06.krhpc:24327] mca_base_component_repository_open: unable to open mca_fs_lustre: liblustreapi.so: cannot open shared object file: No such file or directory (ignored)
[krnode03.krhpc:26690] mca_base_component_repository_open: unable to open mca_fs_lustre: liblustreapi.so: cannot open shared object file: No such file or directory (ignored)
[krnode03.krhpc:26676] mca_base_component_repository_open: unable to open mca_fs_lustre: liblustreapi.so: cannot open shared object file: No such file or directory (ignored)
[krnode03.krhpc:26677] mca_base_component_repository_open: unable to open mca_fs_lustre: liblustreapi.so: cannot open shared object file: No such file or directory (ignored)
[krnode03.krhpc:26679] mca_base_component_repository_open: unable to open mca_fs_lustre: liblustreapi.so: cannot open shared object file: No such file or directory (ignored)
[krnode03.krhpc:26681] mca_base_component_repository_open: unable to open mca_fs_lustre: liblustreapi.so: cannot open shared object file: No such file or directory (ignored)
[krnode03.krhpc:26682] mca_base_component_repository_open: unable to open mca_fs_lustre: liblustreapi.so: cannot open shared object file: No such file or directory (ignored)
[krnode03.krhpc:26683] mca_base_component_repository_open: unable to open mca_fs_lustre: liblustreapi.so: cannot open shared object file: No such file or directory (ignored)
[krnode03.krhpc:26685] mca_base_component_repository_open: unable to open mca_fs_lustre: liblustreapi.so: cannot open shared object file: No such file or directory (ignored)
[krnode03.krhpc:26686] mca_base_component_repository_open: unable to open mca_fs_lustre: liblustreapi.so: cannot open shared object file: No such file or directory (ignored)
[krnode03.krhpc:26687] mca_base_component_repository_open: unable to open mca_fs_lustre: liblustreapi.so: cannot open shared object file: No such file or directory (ignored)
[krnode03.krhpc:26688] mca_base_component_repository_open: unable to open mca_fs_lustre: liblustreapi.so: cannot open shared object file: No such file or directory (ignored)
[krnode03.krhpc:26689] mca_base_component_repository_open: unable to open mca_fs_lustre: liblustreapi.so: cannot open shared object file: No such file or directory (ignored)
[krnode03.krhpc:26675] mca_base_component_repository_open: unable to open mca_fs_lustre: liblustreapi.so: cannot open shared object file: No such file or directory (ignored)
[krnode03.krhpc:26678] mca_base_component_repository_open: unable to open mca_fs_lustre: liblustreapi.so: cannot open shared object file: No such file or directory (ignored)
[krnode03.krhpc:26680] mca_base_component_repository_open: unable to open mca_fs_lustre: liblustreapi.so: cannot open shared object file: No such file or directory (ignored)
[krnode03.krhpc:26684] mca_base_component_repository_open: unable to open mca_fs_lustre: liblustreapi.so: cannot open shared object file: No such file or directory (ignored)
[krnode05.krhpc:32239] mca_base_component_repository_open: unable to open mca_fs_lustre: liblustreapi.so: cannot open shared object file: No such file or directory (ignored)
[krnode05.krhpc:32240] mca_base_component_repository_open: unable to open mca_fs_lustre: liblustreapi.so: cannot open shared object file: No such file or directory (ignored)
[krnode05.krhpc:32242] mca_base_component_repository_open: unable to open mca_fs_lustre: liblustreapi.so: cannot open shared object file: No such file or directory (ignored)
[krnode05.krhpc:32246] mca_base_component_repository_open: unable to open mca_fs_lustre: liblustreapi.so: cannot open shared object file: No such file or directory (ignored)
[krnode05.krhpc:32248] mca_base_component_repository_open: unable to open mca_fs_lustre: liblustreapi.so: cannot open shared object file: No such file or directory (ignored)
[krnode05.krhpc:32238] mca_base_component_repository_open: unable to open mca_fs_lustre: liblustreapi.so: cannot open shared object file: No such file or directory (ignored)
[krnode05.krhpc:32250] mca_base_component_repository_open: unable to open mca_fs_lustre: liblustreapi.so: cannot open shared object file: No such file or directory (ignored)
[krnode05.krhpc:32241] mca_base_component_repository_open: unable to open mca_fs_lustre: liblustreapi.so: cannot open shared object file: No such file or directory (ignored)
[krnode05.krhpc:32245] mca_base_component_repository_open: unable to open mca_fs_lustre: liblustreapi.so: cannot open shared object file: No such file or directory (ignored)
[krnode05.krhpc:32247] mca_base_component_repository_open: unable to open mca_fs_lustre: liblustreapi.so: cannot open shared object file: No such file or directory (ignored)
[krnode05.krhpc:32249] mca_base_component_repository_open: unable to open mca_fs_lustre: liblustreapi.so: cannot open shared object file: No such file or directory (ignored)
[krnode05.krhpc:32235] mca_base_component_repository_open: unable to open mca_fs_lustre: liblustreapi.so: cannot open shared object file: No such file or directory (ignored)
[krnode05.krhpc:32236] mca_base_component_repository_open: unable to open mca_fs_lustre: liblustreapi.so: cannot open shared object file: No such file or directory (ignored)
[krnode05.krhpc:32237] mca_base_component_repository_open: unable to open mca_fs_lustre: liblustreapi.so: cannot open shared object file: No such file or directory (ignored)
[krnode05.krhpc:32243] mca_base_component_repository_open: unable to open mca_fs_lustre: liblustreapi.so: cannot open shared object file: No such file or directory (ignored)
[krnode05.krhpc:32244] mca_base_component_repository_open: unable to open mca_fs_lustre: liblustreapi.so: cannot open shared object file: No such file or directory (ignored)
[krnode17.krhpc:18009] mca_base_component_repository_open: unable to open mca_fs_lustre: liblustreapi.so: cannot open shared object file: No such file or directory (ignored)
[krnode17.krhpc:18010] mca_base_component_repository_open: unable to open mca_fs_lustre: liblustreapi.so: cannot open shared object file: No such file or directory (ignored)
[krnode17.krhpc:18014] mca_base_component_repository_open: unable to open mca_fs_lustre: liblustreapi.so: cannot open shared object file: No such file or directory (ignored)
[krnode17.krhpc:18000] mca_base_component_repository_open: unable to open mca_fs_lustre: liblustreapi.so: cannot open shared object file: No such file or directory (ignored)
[krnode17.krhpc:18001] mca_base_component_repository_open: unable to open mca_fs_lustre: liblustreapi.so: cannot open shared object file: No such file or directory (ignored)
[krnode17.krhpc:18002] mca_base_component_repository_open: unable to open mca_fs_lustre: liblustreapi.so: cannot open shared object file: No such file or directory (ignored)
[krnode17.krhpc:18003] mca_base_component_repository_open: unable to open mca_fs_lustre: liblustreapi.so: cannot open shared object file: No such file or directory (ignored)
[krnode17.krhpc:18004] mca_base_component_repository_open: unable to open mca_fs_lustre: liblustreapi.so: cannot open shared object file: No such file or directory (ignored)
[krnode17.krhpc:18005] mca_base_component_repository_open: unable to open mca_fs_lustre: liblustreapi.so: cannot open shared object file: No such file or directory (ignored)
[krnode17.krhpc:18006] mca_base_component_repository_open: unable to open mca_fs_lustre: liblustreapi.so: cannot open shared object file: No such file or directory (ignored)
[krnode17.krhpc:18007] mca_base_component_repository_open: unable to open mca_fs_lustre: liblustreapi.so: cannot open shared object file: No such file or directory (ignored)
[krnode17.krhpc:18008] mca_base_component_repository_open: unable to open mca_fs_lustre: liblustreapi.so: cannot open shared object file: No such file or directory (ignored)
[krnode17.krhpc:18015] mca_base_component_repository_open: unable to open mca_fs_lustre: liblustreapi.so: cannot open shared object file: No such file or directory (ignored)
[krnode17.krhpc:18011] mca_base_component_repository_open: unable to open mca_fs_lustre: liblustreapi.so: cannot open shared object file: No such file or directory (ignored)
[krnode17.krhpc:18012] mca_base_component_repository_open: unable to open mca_fs_lustre: liblustreapi.so: cannot open shared object file: No such file or directory (ignored)
[krnode17.krhpc:18013] mca_base_component_repository_open: unable to open mca_fs_lustre: liblustreapi.so: cannot open shared object file: No such file or directory (ignored)
[krnode11.krhpc:22051] mca_base_component_repository_open: unable to open mca_fs_lustre: liblustreapi.so: cannot open shared object file: No such file or directory (ignored)
[krnode11.krhpc:22053] mca_base_component_repository_open: unable to open mca_fs_lustre: liblustreapi.so: cannot open shared object file: No such file or directory (ignored)
[krnode11.krhpc:22057] mca_base_component_repository_open: unable to open mca_fs_lustre: liblustreapi.so: cannot open shared object file: No such file or directory (ignored)
[krnode11.krhpc:22063] mca_base_component_repository_open: unable to open mca_fs_lustre: liblustreapi.so: cannot open shared object file: No such file or directory (ignored)
[krnode11.krhpc:22066] mca_base_component_repository_open: unable to open mca_fs_lustre: liblustreapi.so: cannot open shared object file: No such file or directory (ignored)
[krnode11.krhpc:22052] mca_base_component_repository_open: unable to open mca_fs_lustre: liblustreapi.so: cannot open shared object file: No such file or directory (ignored)
[krnode11.krhpc:22054] mca_base_component_repository_open: unable to open mca_fs_lustre: liblustreapi.so: cannot open shared object file: No such file or directory (ignored)
[krnode11.krhpc:22056] mca_base_component_repository_open: unable to open mca_fs_lustre: liblustreapi.so: cannot open shared object file: No such file or directory (ignored)
[krnode11.krhpc:22058] mca_base_component_repository_open: unable to open mca_fs_lustre: liblustreapi.so: cannot open shared object file: No such file or directory (ignored)
[krnode11.krhpc:22059] mca_base_component_repository_open: unable to open mca_fs_lustre: liblustreapi.so: cannot open shared object file: No such file or directory (ignored)
[krnode11.krhpc:22060] mca_base_component_repository_open: unable to open mca_fs_lustre: liblustreapi.so: cannot open shared object file: No such file or directory (ignored)
[krnode11.krhpc:22062] mca_base_component_repository_open: unable to open mca_fs_lustre: liblustreapi.so: cannot open shared object file: No such file or directory (ignored)
[krnode11.krhpc:22064] mca_base_component_repository_open: unable to open mca_fs_lustre: liblustreapi.so: cannot open shared object file: No such file or directory (ignored)
[krnode11.krhpc:22065] mca_base_component_repository_open: unable to open mca_fs_lustre: liblustreapi.so: cannot open shared object file: No such file or directory (ignored)
[krnode11.krhpc:22055] mca_base_component_repository_open: unable to open mca_fs_lustre: liblustreapi.so: cannot open shared object file: No such file or directory (ignored)
[krnode11.krhpc:22061] mca_base_component_repository_open: unable to open mca_fs_lustre: liblustreapi.so: cannot open shared object file: No such file or directory (ignored)
[krnode14.krhpc:03916] mca_base_component_repository_open: unable to open mca_fs_lustre: liblustreapi.so: cannot open shared object file: No such file or directory (ignored)
[krnode14.krhpc:03908] mca_base_component_repository_open: unable to open mca_fs_lustre: liblustreapi.so: cannot open shared object file: No such file or directory (ignored)
[krnode14.krhpc:03909] mca_base_component_repository_open: unable to open mca_fs_lustre: liblustreapi.so: cannot open shared object file: No such file or directory (ignored)
[krnode14.krhpc:03910] mca_base_component_repository_open: unable to open mca_fs_lustre: liblustreapi.so: cannot open shared object file: No such file or directory (ignored)
[krnode14.krhpc:03912] mca_base_component_repository_open: unable to open mca_fs_lustre: liblustreapi.so: cannot open shared object file: No such file or directory (ignored)
[krnode14.krhpc:03913] mca_base_component_repository_open: unable to open mca_fs_lustre: liblustreapi.so: cannot open shared object file: No such file or directory (ignored)
[krnode14.krhpc:03914] mca_base_component_repository_open: unable to open mca_fs_lustre: liblustreapi.so: cannot open shared object file: No such file or directory (ignored)
[krnode14.krhpc:03915] mca_base_component_repository_open: unable to open mca_fs_lustre: liblustreapi.so: cannot open shared object file: No such file or directory (ignored)
[krnode14.krhpc:03917] mca_base_component_repository_open: unable to open mca_fs_lustre: liblustreapi.so: cannot open shared object file: No such file or directory (ignored)
[krnode14.krhpc:03919] mca_base_component_repository_open: unable to open mca_fs_lustre: liblustreapi.so: cannot open shared object file: No such file or directory (ignored)
[krnode14.krhpc:03906] mca_base_component_repository_open: unable to open mca_fs_lustre: liblustreapi.so: cannot open shared object file: No such file or directory (ignored)
[krnode14.krhpc:03907] mca_base_component_repository_open: unable to open mca_fs_lustre: liblustreapi.so: cannot open shared object file: No such file or directory (ignored)
[krnode14.krhpc:03911] mca_base_component_repository_open: unable to open mca_fs_lustre: liblustreapi.so: cannot open shared object file: No such file or directory (ignored)
[krnode14.krhpc:03921] mca_base_component_repository_open: unable to open mca_fs_lustre: liblustreapi.so: cannot open shared object file: No such file or directory (ignored)
[krnode14.krhpc:03918] mca_base_component_repository_open: unable to open mca_fs_lustre: liblustreapi.so: cannot open shared object file: No such file or directory (ignored)
[krnode14.krhpc:03920] mca_base_component_repository_open: unable to open mca_fs_lustre: liblustreapi.so: cannot open shared object file: No such file or directory (ignored)
[krnode12.krhpc:25045] mca_base_component_repository_open: unable to open mca_fs_lustre: liblustreapi.so: cannot open shared object file: No such file or directory (ignored)
[krnode12.krhpc:25051] mca_base_component_repository_open: unable to open mca_fs_lustre: liblustreapi.so: cannot open shared object file: No such file or directory (ignored)
[krnode12.krhpc:25043] mca_base_component_repository_open: unable to open mca_fs_lustre: liblustreapi.so: cannot open shared object file: No such file or directory (ignored)
[krnode12.krhpc:25044] mca_base_component_repository_open: unable to open mca_fs_lustre: liblustreapi.so: cannot open shared object file: No such file or directory (ignored)
[krnode12.krhpc:25046] mca_base_component_repository_open: unable to open mca_fs_lustre: liblustreapi.so: cannot open shared object file: No such file or directory (ignored)
[krnode12.krhpc:25049] mca_base_component_repository_open: unable to open mca_fs_lustre: liblustreapi.so: cannot open shared object file: No such file or directory (ignored)
[krnode12.krhpc:25050] mca_base_component_repository_open: unable to open mca_fs_lustre: liblustreapi.so: cannot open shared object file: No such file or directory (ignored)
[krnode12.krhpc:25052] mca_base_component_repository_open: unable to open mca_fs_lustre: liblustreapi.so: cannot open shared object file: No such file or directory (ignored)
[krnode12.krhpc:25053] mca_base_component_repository_open: unable to open mca_fs_lustre: liblustreapi.so: cannot open shared object file: No such file or directory (ignored)
[krnode12.krhpc:25054] mca_base_component_repository_open: unable to open mca_fs_lustre: liblustreapi.so: cannot open shared object file: No such file or directory (ignored)
[krnode12.krhpc:25055] mca_base_component_repository_open: unable to open mca_fs_lustre: liblustreapi.so: cannot open shared object file: No such file or directory (ignored)
[krnode12.krhpc:25056] mca_base_component_repository_open: unable to open mca_fs_lustre: liblustreapi.so: cannot open shared object file: No such file or directory (ignored)
[krnode12.krhpc:25042] mca_base_component_repository_open: unable to open mca_fs_lustre: liblustreapi.so: cannot open shared object file: No such file or directory (ignored)
[krnode12.krhpc:25057] mca_base_component_repository_open: unable to open mca_fs_lustre: liblustreapi.so: cannot open shared object file: No such file or directory (ignored)
[krnode12.krhpc:25047] mca_base_component_repository_open: unable to open mca_fs_lustre: liblustreapi.so: cannot open shared object file: No such file or directory (ignored)
[krnode12.krhpc:25048] mca_base_component_repository_open: unable to open mca_fs_lustre: liblustreapi.so: cannot open shared object file: No such file or directory (ignored)
[krnode08.krhpc:26300] mca_base_component_repository_open: unable to open mca_fs_lustre: liblustreapi.so: cannot open shared object file: No such file or directory (ignored)
[krnode08.krhpc:26310] mca_base_component_repository_open: unable to open mca_fs_lustre: liblustreapi.so: cannot open shared object file: No such file or directory (ignored)
[krnode08.krhpc:26313] mca_base_component_repository_open: unable to open mca_fs_lustre: liblustreapi.so: cannot open shared object file: No such file or directory (ignored)
[krnode08.krhpc:26298] mca_base_component_repository_open: unable to open mca_fs_lustre: liblustreapi.so: cannot open shared object file: No such file or directory (ignored)
[krnode08.krhpc:26299] mca_base_component_repository_open: unable to open mca_fs_lustre: liblustreapi.so: cannot open shared object file: No such file or directory (ignored)
[krnode08.krhpc:26301] mca_base_component_repository_open: unable to open mca_fs_lustre: liblustreapi.so: cannot open shared object file: No such file or directory (ignored)
[krnode08.krhpc:26303] mca_base_component_repository_open: unable to open mca_fs_lustre: liblustreapi.so: cannot open shared object file: No such file or directory (ignored)
[krnode08.krhpc:26304] mca_base_component_repository_open: unable to open mca_fs_lustre: liblustreapi.so: cannot open shared object file: No such file or directory (ignored)
[krnode08.krhpc:26305] mca_base_component_repository_open: unable to open mca_fs_lustre: liblustreapi.so: cannot open shared object file: No such file or directory (ignored)
[krnode08.krhpc:26306] mca_base_component_repository_open: unable to open mca_fs_lustre: liblustreapi.so: cannot open shared object file: No such file or directory (ignored)
[krnode08.krhpc:26307] mca_base_component_repository_open: unable to open mca_fs_lustre: liblustreapi.so: cannot open shared object file: No such file or directory (ignored)
[krnode08.krhpc:26308] mca_base_component_repository_open: unable to open mca_fs_lustre: liblustreapi.so: cannot open shared object file: No such file or directory (ignored)
[krnode08.krhpc:26309] mca_base_component_repository_open: unable to open mca_fs_lustre: liblustreapi.so: cannot open shared object file: No such file or directory (ignored)
[krnode08.krhpc:26311] mca_base_component_repository_open: unable to open mca_fs_lustre: liblustreapi.so: cannot open shared object file: No such file or directory (ignored)
[krnode08.krhpc:26312] mca_base_component_repository_open: unable to open mca_fs_lustre: liblustreapi.so: cannot open shared object file: No such file or directory (ignored)
[krnode08.krhpc:26302] mca_base_component_repository_open: unable to open mca_fs_lustre: liblustreapi.so: cannot open shared object file: No such file or directory (ignored)
[krnode16.krhpc:25096] mca_base_component_repository_open: unable to open mca_fs_lustre: liblustreapi.so: cannot open shared object file: No such file or directory (ignored)
[krnode16.krhpc:25093] mca_base_component_repository_open: unable to open mca_fs_lustre: liblustreapi.so: cannot open shared object file: No such file or directory (ignored)
[krnode16.krhpc:25095] mca_base_component_repository_open: unable to open mca_fs_lustre: liblustreapi.so: cannot open shared object file: No such file or directory (ignored)
[krnode16.krhpc:25107] mca_base_component_repository_open: unable to open mca_fs_lustre: liblustreapi.so: cannot open shared object file: No such file or directory (ignored)
[krnode16.krhpc:25097] mca_base_component_repository_open: unable to open mca_fs_lustre: liblustreapi.so: cannot open shared object file: No such file or directory (ignored)
[krnode16.krhpc:25099] mca_base_component_repository_open: unable to open mca_fs_lustre: liblustreapi.so: cannot open shared object file: No such file or directory (ignored)
[krnode16.krhpc:25101] mca_base_component_repository_open: unable to open mca_fs_lustre: liblustreapi.so: cannot open shared object file: No such file or directory (ignored)
[krnode16.krhpc:25102] mca_base_component_repository_open: unable to open mca_fs_lustre: liblustreapi.so: cannot open shared object file: No such file or directory (ignored)
[krnode16.krhpc:25103] mca_base_component_repository_open: unable to open mca_fs_lustre: liblustreapi.so: cannot open shared object file: No such file or directory (ignored)
[krnode16.krhpc:25105] mca_base_component_repository_open: unable to open mca_fs_lustre: liblustreapi.so: cannot open shared object file: No such file or directory (ignored)
[krnode16.krhpc:25092] mca_base_component_repository_open: unable to open mca_fs_lustre: liblustreapi.so: cannot open shared object file: No such file or directory (ignored)
[krnode16.krhpc:25094] mca_base_component_repository_open: unable to open mca_fs_lustre: liblustreapi.so: cannot open shared object file: No such file or directory (ignored)
[krnode16.krhpc:25098] mca_base_component_repository_open: unable to open mca_fs_lustre: liblustreapi.so: cannot open shared object file: No such file or directory (ignored)
[krnode16.krhpc:25100] mca_base_component_repository_open: unable to open mca_fs_lustre: liblustreapi.so: cannot open shared object file: No such file or directory (ignored)
[krnode16.krhpc:25104] mca_base_component_repository_open: unable to open mca_fs_lustre: liblustreapi.so: cannot open shared object file: No such file or directory (ignored)
[krnode16.krhpc:25106] mca_base_component_repository_open: unable to open mca_fs_lustre: liblustreapi.so: cannot open shared object file: No such file or directory (ignored)
[krnode04.krhpc:19634] mca_base_component_repository_open: unable to open mca_fs_lustre: liblustreapi.so: cannot open shared object file: No such file or directory (ignored)
[krnode04.krhpc:19641] mca_base_component_repository_open: unable to open mca_fs_lustre: liblustreapi.so: cannot open shared object file: No such file or directory (ignored)
[krnode04.krhpc:19643] mca_base_component_repository_open: unable to open mca_fs_lustre: liblustreapi.so: cannot open shared object file: No such file or directory (ignored)
[krnode04.krhpc:19644] mca_base_component_repository_open: unable to open mca_fs_lustre: liblustreapi.so: cannot open shared object file: No such file or directory (ignored)
[krnode04.krhpc:19648] mca_base_component_repository_open: unable to open mca_fs_lustre: liblustreapi.so: cannot open shared object file: No such file or directory (ignored)
[krnode04.krhpc:19649] mca_base_component_repository_open: unable to open mca_fs_lustre: liblustreapi.so: cannot open shared object file: No such file or directory (ignored)
[krnode04.krhpc:19635] mca_base_component_repository_open: unable to open mca_fs_lustre: liblustreapi.so: cannot open shared object file: No such file or directory (ignored)
[krnode04.krhpc:19636] mca_base_component_repository_open: unable to open mca_fs_lustre: liblustreapi.so: cannot open shared object file: No such file or directory (ignored)
[krnode04.krhpc:19637] mca_base_component_repository_open: unable to open mca_fs_lustre: liblustreapi.so: cannot open shared object file: No such file or directory (ignored)
[krnode04.krhpc:19638] mca_base_component_repository_open: unable to open mca_fs_lustre: liblustreapi.so: cannot open shared object file: No such file or directory (ignored)
[krnode04.krhpc:19639] mca_base_component_repository_open: unable to open mca_fs_lustre: liblustreapi.so: cannot open shared object file: No such file or directory (ignored)
[krnode04.krhpc:19640] mca_base_component_repository_open: unable to open mca_fs_lustre: liblustreapi.so: cannot open shared object file: No such file or directory (ignored)
[krnode04.krhpc:19642] mca_base_component_repository_open: unable to open mca_fs_lustre: liblustreapi.so: cannot open shared object file: No such file or directory (ignored)
[krnode04.krhpc:19645] mca_base_component_repository_open: unable to open mca_fs_lustre: liblustreapi.so: cannot open shared object file: No such file or directory (ignored)
[krnode04.krhpc:19646] mca_base_component_repository_open: unable to open mca_fs_lustre: liblustreapi.so: cannot open shared object file: No such file or directory (ignored)
[krnode04.krhpc:19647] mca_base_component_repository_open: unable to open mca_fs_lustre: liblustreapi.so: cannot open shared object file: No such file or directory (ignored)
