     diagonalizing the dynamical matrix ...

 q =       0.0000      0.0000      0.0000
 **************************************************************************
     freq (    1) =       2.358442 [THz] =      78.669170 [cm-1]
 (  0.000000   0.000000     0.000000   0.000000     0.714980   0.000000   )
 (  0.000000   0.000000     0.000000   0.000000     0.699145   0.000000   )
     freq (    2) =       2.774036 [THz] =      92.531868 [cm-1]
 (  0.000000   0.000000    -0.709302   0.000000     0.000000   0.000000   )
 (  0.000000   0.000000    -0.704905   0.000000     0.000000   0.000000   )
     freq (    3) =       2.774036 [THz] =      92.531897 [cm-1]
 ( -0.709302   0.000000     0.000000   0.000000     0.000000   0.000000   )
 ( 
     Polarizability (A^3 units)
     multiply by 0.832066 for Clausius-Mossotti correction
         5.380354   -0.000000    0.000000
        -0.000000    5.380351    0.000000
         0.000000    0.000000    1.038494

     IR activities are in (D/A)^2/amu units

# mode   [cm-1]    [THz]      IR
    1     78.67    2.3584    0.0000
    2     92.53    2.7740    0.0003
    3     92.53    2.7740    0.0003
    4    810.96   24.3121    0.3009
    5   1348.61   40.4303   27.4582
    6   1348.61   40.4303   27.4582
 
Electronic dielectric permittivity tensor (F/m units)
         1.828286   -0.000000    0.000000
        -0.000000    1.828285    0.000000
         0.000000    0.000000    1.159872
 
 ... with zone-center polar mode contributions
         2.223744   -0.000000    0.000000
        -0.000000    2.223744   -0.000000
         0.000000   -0.000000    1.172014
 
 
     DYNMAT       :     0.00s CPU         0.00s WALL

 
   This run was terminated on:  16:37:39   9Mar2020            

=------------------------------------------------------------------------------=
   JOB DONE.
=------------------------------------------------------------------------------=
