
*************** gsl 1.5  ***************
+++++++++++++++ Linked to  JDFTx-1.6  +++++++++++++++

Start date and time: Tue Sep 28 17:11:44 2021
Executable /export/data/share/jxu/jdftx_codes/jdftx-feynwann-stable-202109/build-FeynWann/ePhSpinRelax with command-line: -i ePhSpinRelax.in -G16
Running on hosts (process indices):  krnode03.krhpc (0-15)  krnode04.krhpc (16-31)  krnode05.krhpc (32-47)  krnode06.krhpc (48-63)  krnode07.krhpc (64-79)  krnode08.krhpc (80-95)  krnode09.krhpc (96-111)  krnode10.krhpc (112-127)  krnode11.krhpc (128-143)  krnode12.krhpc (144-159)  krnode13.krhpc (160-175)  krnode14.krhpc (176-191)  krnode15.krhpc (192-207)  krnode16.krhpc (208-223)  krnode17.krhpc (224-239)  krnode18.krhpc (240-255)
Divided in process groups (process indices):  0 (0-15)  1 (16-31)  2 (32-47)  3 (48-63)  4 (64-79)  5 (80-95)  6 (96-111)  7 (112-127)  8 (128-143)  9 (144-159)  10 (160-175)  11 (176-191)  12 (192-207)  13 (208-223)  14 (224-239)  15 (240-255)
Resource initialization completed at t[s]:      0.06
Run totals: 256 processes, 256 threads, 0 GPUs

Inputs after conversion to atomic units:
nOffsets = 50000
nBlocks = 4
Tmin = 0.000316681
Tmax = 0.000950043
Tcount = 3
degeneracyThreshold = 1e-06
neglectThreshold = 1e-06
EconserveWidth = 0.000367493
dmuMin = 0
dmuMax = 0.0418942
dmuCount = 12
omegaPhByTmin = 0.001
nModesOverride = 0
Bext = [  0  0  0  ]
EzExt = 0
scissor = 0.0215351
EshiftWeight = 0

Reading 'Wannier/totalE.out' ... done.
NOTE: mu unavailable; assuming semiconductor/insulator and setting to VBM.
Reading 'Wannier/totalE.eigenvals' ... done.
mu = 0.229503
nElectrons = 8
nBandsDFT = 24
nSpins = 1
nSpinor = 2
spinSuffix = ''
kfold = [  12  12  12  ]
isTruncated = [  0  0  0  ]
R:
[  0  5.1315  5.1315  ]
[  5.1315  0  5.1315  ]
[  5.1315  5.1315  0  ]
Atoms with fractional coordinates:
	Si   0.000000000000000   0.000000000000000   0.000000000000000
	Si   0.250000000000000   0.250000000000000   0.250000000000000

Reading 'Wannier/totalE.sym' ... done. Read 48 symmetries.
Reading 'Wannier/wannier.mlwfCellMap' ... done.
Reading 'Wannier/wannier.mlwfBandContrib' ... done.
nBands = 16

Reading 'Wannier/wannier.mlwfCellWeights' ... done.

Reading 'Wannier/phonon.out' ... done.
nModes = 6
phononSup = [  4  4  4  ]

Reading 'Wannier/totalE.phononBasis' ... done.
Reading 'Wannier/totalE.phononCellMap' ... done.
Reading 'Wannier/totalE.phononOmegaSq' ... done.
Reading 'Wannier/wannier.mlwfCellMapPh' ... done.
Reading 'Wannier/wannier.mlwfCellMapPhSum' ... done.
Reading 'Wannier/wannier.mlwfCellWeightsPh' ... done.
Reading 'Wannier/wannier.mlwfHePh' ... done.
Reading 'Wannier/wannier.mlwfHePhSum' ... done.
Reading 'Wannier/wannier.mlwfD' ... done.

Reading 'Wannier/wannier.out' ... done.
polar = no

Reading 'Wannier/wannier.mlwfH' ... done.
Reading 'Wannier/wannier.mlwfS' ... done.

Effectively sampled nKpairs: 204800000
12500 phonon q-mesh offsets per block parallelized over 16 process groups.

Determining active energy: -0.474568 to 1.61256 eV.

Working on block 1 of 4: 2% 4% 6% 8% 10% 12% 14% 16% 18% 20% 23% 25% 27% 29% 31% 33% 35% 37% 39% 41% 43% 45% 47% 49% 51% 53% 55% 57% 59% 61% 64% 66% 68% 70% 72% 74% 76% 78% 80% 82% 84% 86% 88% 90% 92% 94% 96% 98% done.
Working on block 2 of 4: 2% 4% 6% 8% 10% 12% 14% 16% 18% 20% 23% 25% 27% 29% 31% 33% 35% 37% 39% 41% 43% 45% 47% 49% 51% 53% 55% 57% 59% 61% 64% 66% 68% 70% 72% 74% 76% 78% 80% 82% 84% 86% 88% 90% 92% 94% 96% 98% done.
Working on block 3 of 4: 2% 4% 6% 8% 10% 12% 14% 16% 18% 20% 23% 25% 27% 29% 31% 33% 35% 37% 39% 41% 43% 45% 47% 49% 51% 53% 55% 57% 59% 61% 64% 66% 68% 70% 72% 74% 76% 78% 80% 82% 84% 86% 88% 90% 92% 94% 96% 98% done.
Working on block 4 of 4: 2% 4% 6% 8% 10% 12% 14% 16% 18% 20% 23% 25% 27% 29% 31% 33% 35% 37% 39% 41% 43% 45% 47% 49% 51% 53% 55% 57% 59% 61% 64% 66% 68% 70% 72% 74% 76% 78% 80% 82% 84% 86% 88% 90% 92% 94% 96% 98% done.

Results for T = 100 K and dmu = 0 eV using FGR formula:
                    /   0.00128491            0            0 \     /  0.000470119            0            0 \ 
            Gamma = |            0   0.00128491            0 | +/- |            0  0.000470119            0 | 1/(eV.ps)
                    \            0            0   0.00128491 /     \            0            0  0.000470119 / 

                    /    0.0042371            0            0 \     /  0.000131562            0            0 \ 
              chi = |            0    0.0042371            0 | +/- |            0  0.000131562            0 | 1/eV
                    \            0            0    0.0042371 /     \            0            0  0.000131562 / 

                    /      3.31523            0            0 \     /      1.20045            0            0 \ 
               T1 = |            0      3.31523            0 | +/- |            0      1.20045            0 | ps
                    \            0            0      3.31523 /     \            0            0      1.20045 / 

               T1 =      3.31523 +/-      1.20045 ps


Results for T = 100 K and dmu = 0 eV using dRho formula:
                    /     0.003342            0            0 \     /  0.000909548            0            0 \ 
            Gamma = |            0     0.003342            0 | +/- |            0  0.000909548            0 | 1/(eV.ps)
                    \            0            0     0.003342 /     \            0            0  0.000909548 / 

                    /   0.00630623            0            0 \     /  0.000309453            0            0 \ 
              chi = |            0   0.00630623            0 | +/- |            0  0.000309453            0 | 1/eV
                    \            0            0   0.00630623 /     \            0            0  0.000309453 / 

                    /      1.89647            0            0 \     /     0.489329            0            0 \ 
               T1 = |            0      1.89647            0 | +/- |            0     0.489329            0 | ps
                    \            0            0      1.89647 /     \            0            0     0.489329 / 

               T1 =      1.89647 +/-     0.489329 ps


Results for T = 100 K and dmu = 0.103636 eV using FGR formula:
                    /  9.54374e-09            0            0 \     /  3.54365e-09            0            0 \ 
            Gamma = |            0  9.54374e-09            0 | +/- |            0  3.54365e-09            0 | 1/(eV.ps)
                    \            0            0  9.54374e-09 /     \            0            0  3.54365e-09 / 

                    /  3.54317e-08            0            0 \     /  1.76692e-09            0            0 \ 
              chi = |            0  3.54317e-08            0 | +/- |            0  1.76692e-09            0 | 1/eV
                    \            0            0  3.54317e-08 /     \            0            0  1.76692e-09 / 

                    /      3.75255            0            0 \     /      1.35691            0            0 \ 
               T1 = |            0      3.75255            0 | +/- |            0      1.35691            0 | ps
                    \            0            0      3.75255 /     \            0            0      1.35691 / 

               T1 =      3.75255 +/-      1.35691 ps


Results for T = 100 K and dmu = 0.103636 eV using dRho formula:
                    /   2.6243e-08            0            0 \     /  8.92087e-09            0            0 \ 
            Gamma = |            0   2.6243e-08            0 | +/- |            0  8.92087e-09            0 | 1/(eV.ps)
                    \            0            0   2.6243e-08 /     \            0            0  8.92087e-09 / 

                    /  5.36315e-08            0            0 \     /  3.72388e-09            0            0 \ 
              chi = |            0  5.36315e-08            0 | +/- |            0  3.72388e-09            0 | 1/eV
                    \            0            0  5.36315e-08 /     \            0            0  3.72388e-09 / 

                    /      2.06517            0            0 \     /     0.637934            0            0 \ 
               T1 = |            0      2.06517            0 | +/- |            0     0.637934            0 | ps
                    \            0            0      2.06517 /     \            0            0     0.637934 / 

               T1 =      2.06517 +/-     0.637934 ps


Results for T = 100 K and dmu = 0.207273 eV using FGR formula:
                    /  5.71052e-14            0            0 \     /  2.12035e-14            0            0 \ 
            Gamma = |            0  5.71052e-14            0 | +/- |            0  2.12035e-14            0 | 1/(eV.ps)
                    \            0            0  5.71052e-14 /     \            0            0  2.12035e-14 / 

                    /  2.12007e-13            0            0 \     /  1.05725e-14            0            0 \ 
              chi = |            0  2.12007e-13            0 | +/- |            0  1.05725e-14            0 | 1/eV
                    \            0            0  2.12007e-13 /     \            0            0  1.05725e-14 / 

                    /      3.75255            0            0 \     /      1.35691            0            0 \ 
               T1 = |            0      3.75255            0 | +/- |            0      1.35691            0 | ps
                    \            0            0      3.75255 /     \            0            0      1.35691 / 

               T1 =      3.75255 +/-      1.35691 ps


Results for T = 100 K and dmu = 0.207273 eV using dRho formula:
                    /  1.57021e-13            0            0 \     /  5.33773e-14            0            0 \ 
            Gamma = |            0  1.57021e-13            0 | +/- |            0  5.33773e-14            0 | 1/(eV.ps)
                    \            0            0  1.57021e-13 /     \            0            0  5.33773e-14 / 

                    /  3.20901e-13            0            0 \     /   2.2282e-14            0            0 \ 
              chi = |            0  3.20901e-13            0 | +/- |            0   2.2282e-14            0 | 1/eV
                    \            0            0  3.20901e-13 /     \            0            0   2.2282e-14 / 

                    /      2.06521            0            0 \     /     0.637955            0            0 \ 
               T1 = |            0      2.06521            0 | +/- |            0     0.637955            0 | ps
                    \            0            0      2.06521 /     \            0            0     0.637955 / 

               T1 =      2.06521 +/-     0.637955 ps


Results for T = 100 K and dmu = 0.310909 eV using FGR formula:
                    /   3.4169e-19            0            0 \     /  1.26872e-19            0            0 \ 
            Gamma = |            0   3.4169e-19            0 | +/- |            0  1.26872e-19            0 | 1/(eV.ps)
                    \            0            0   3.4169e-19 /     \            0            0  1.26872e-19 / 

                    /  1.26855e-18            0            0 \     /  6.32607e-20            0            0 \ 
              chi = |            0  1.26855e-18            0 | +/- |            0  6.32607e-20            0 | 1/eV
                    \            0            0  1.26855e-18 /     \            0            0  6.32607e-20 / 

                    /      3.75255            0            0 \     /      1.35691            0            0 \ 
               T1 = |            0      3.75255            0 | +/- |            0      1.35691            0 | ps
                    \            0            0      3.75255 /     \            0            0      1.35691 / 

               T1 =      3.75255 +/-      1.35691 ps


Results for T = 100 K and dmu = 0.310909 eV using dRho formula:
                    /  3.65741e-19            0            0 \     /  1.77069e-19            0            0 \ 
            Gamma = |            0  3.65741e-19            0 | +/- |            0  1.77069e-19            0 | 1/(eV.ps)
                    \            0            0  3.65741e-19 /     \            0            0  1.77069e-19 / 

                    /  1.01871e-18            0            0 \     /  1.07629e-19            0            0 \ 
              chi = |            0  1.01871e-18            0 | +/- |            0  1.07629e-19            0 | 1/eV
                    \            0            0  1.01871e-18 /     \            0            0  1.07629e-19 / 

                    /      2.84916            0            0 \     /      1.12244            0            0 \ 
               T1 = |            0      2.84916            0 | +/- |            0      1.12244            0 | ps
                    \            0            0      2.84916 /     \            0            0      1.12244 / 

               T1 =      2.84916 +/-      1.12244 ps


Results for T = 100 K and dmu = 0.414545 eV using FGR formula:
                    /  2.04451e-24            0            0 \     /   7.5914e-25            0            0 \ 
            Gamma = |            0  2.04451e-24            0 | +/- |            0   7.5914e-25            0 | 1/(eV.ps)
                    \            0            0  2.04451e-24 /     \            0            0   7.5914e-25 / 

                    /  7.59037e-24            0            0 \     /  3.78521e-25            0            0 \ 
              chi = |            0  7.59037e-24            0 | +/- |            0  3.78521e-25            0 | 1/eV
                    \            0            0  7.59037e-24 /     \            0            0  3.78521e-25 / 

                    /      3.75255            0            0 \     /      1.35691            0            0 \ 
               T1 = |            0      3.75255            0 | +/- |            0      1.35691            0 | ps
                    \            0            0      3.75255 /     \            0            0      1.35691 / 

               T1 =      3.75255 +/-      1.35691 ps


Results for T = 100 K and dmu = 0.414545 eV using dRho formula:
                    /  2.82771e-44            0            0 \     /  4.36977e-45            0            0 \ 
            Gamma = |            0  2.82771e-44            0 | +/- |            0  4.36977e-45            0 | 1/(eV.ps)
                    \            0            0  2.82771e-44 /     \            0            0  4.36977e-45 / 

                    /  6.91958e-39            0            0 \     /  2.10265e-40            0            0 \ 
              chi = |            0  6.91958e-39            0 | +/- |            0  2.10265e-40            0 | 1/eV
                    \            0            0  6.91958e-39 /     \            0            0  2.10265e-40 / 

                    /       244316            0            0 \     /      38529.9            0            0 \ 
               T1 = |            0       244316            0 | +/- |            0      38529.9            0 | ps
                    \            0            0       244316 /     \            0            0      38529.9 / 

               T1 =       244316 +/-      38529.9 ps


Results for T = 100 K and dmu = 0.518182 eV using FGR formula:
                    /  1.22334e-29            0            0 \     /  4.54233e-30            0            0 \ 
            Gamma = |            0  1.22334e-29            0 | +/- |            0  4.54233e-30            0 | 1/(eV.ps)
                    \            0            0  1.22334e-29 /     \            0            0  4.54233e-30 / 

                    /  4.54183e-29            0            0 \     /  2.26486e-30            0            0 \ 
              chi = |            0  4.54183e-29            0 | +/- |            0  2.26486e-30            0 | 1/eV
                    \            0            0  4.54183e-29 /     \            0            0  2.26486e-30 / 

                    /      3.75265            0            0 \     /      1.35695            0            0 \ 
               T1 = |            0      3.75265            0 | +/- |            0      1.35695            0 | ps
                    \            0            0      3.75265 /     \            0            0      1.35695 / 

               T1 =      3.75265 +/-      1.35695 ps


Results for T = 100 K and dmu = 0.518182 eV using dRho formula:
                    /  4.72583e-39            0            0 \     /  7.30301e-40            0            0 \ 
            Gamma = |            0  4.72583e-39            0 | +/- |            0  7.30301e-40            0 | 1/(eV.ps)
                    \            0            0  4.72583e-39 /     \            0            0  7.30301e-40 / 

                    /  1.15644e-33            0            0 \     /  3.51406e-35            0            0 \ 
              chi = |            0  1.15644e-33            0 | +/- |            0  3.51406e-35            0 | 1/eV
                    \            0            0  1.15644e-33 /     \            0            0  3.51406e-35 / 

                    /       244316            0            0 \     /      38529.9            0            0 \ 
               T1 = |            0       244316            0 | +/- |            0      38529.9            0 | ps
                    \            0            0       244316 /     \            0            0      38529.9 / 

               T1 =       244316 +/-      38529.9 ps


Results for T = 100 K and dmu = 0.621818 eV using FGR formula:
                    /  7.23007e-34            0            0 \     /   1.1213e-34            0            0 \ 
            Gamma = |            0  7.23007e-34            0 | +/- |            0   1.1213e-34            0 | 1/(eV.ps)
                    \            0            0  7.23007e-34 /     \            0            0   1.1213e-34 / 

                    /  1.93271e-28            0            0 \     /  5.87289e-30            0            0 \ 
              chi = |            0  1.93271e-28            0 | +/- |            0  5.87289e-30            0 | 1/eV
                    \            0            0  1.93271e-28 /     \            0            0  5.87289e-30 / 

                    /       266633            0            0 \     /      43856.9            0            0 \ 
               T1 = |            0       266633            0 | +/- |            0      43856.9            0 | ps
                    \            0            0       266633 /     \            0            0      43856.9 / 

               T1 =       266633 +/-      43856.9 ps


Results for T = 100 K and dmu = 0.621818 eV using dRho formula:
                    /  7.89808e-34            0            0 \     /  1.22052e-34            0            0 \ 
            Gamma = |            0  7.89808e-34            0 | +/- |            0  1.22052e-34            0 | 1/(eV.ps)
                    \            0            0  7.89808e-34 /     \            0            0  1.22052e-34 / 

                    /  1.93271e-28            0            0 \     /   5.8729e-30            0            0 \ 
              chi = |            0  1.93271e-28            0 | +/- |            0   5.8729e-30            0 | 1/eV
                    \            0            0  1.93271e-28 /     \            0            0   5.8729e-30 / 

                    /       244316            0            0 \     /      38529.9            0            0 \ 
               T1 = |            0       244316            0 | +/- |            0      38529.9            0 | ps
                    \            0            0       244316 /     \            0            0      38529.9 / 

               T1 =       244316 +/-      38529.9 ps


Results for T = 100 K and dmu = 0.725455 eV using FGR formula:
                    /    1.086e-28            0            0 \     /  2.26823e-29            0            0 \ 
            Gamma = |            0    1.086e-28            0 | +/- |            0  2.26823e-29            0 | 1/(eV.ps)
                    \            0            0    1.086e-28 /     \            0            0  2.26823e-29 / 

                    /  3.23005e-23            0            0 \     /  9.81514e-25            0            0 \ 
              chi = |            0  3.23005e-23            0 | +/- |            0  9.81514e-25            0 | 1/eV
                    \            0            0  3.23005e-23 /     \            0            0  9.81514e-25 / 

                    /       296694            0            0 \     /      63254.3            0            0 \ 
               T1 = |            0       296694            0 | +/- |            0      63254.3            0 | ps
                    \            0            0       296694 /     \            0            0      63254.3 / 

               T1 =       296694 +/-      63254.3 ps


Results for T = 100 K and dmu = 0.725455 eV using dRho formula:
                    /  1.31997e-28            0            0 \     /   2.0398e-29            0            0 \ 
            Gamma = |            0  1.31997e-28            0 | +/- |            0   2.0398e-29            0 | 1/(eV.ps)
                    \            0            0  1.31997e-28 /     \            0            0   2.0398e-29 / 

                    /  3.23005e-23            0            0 \     /  9.81514e-25            0            0 \ 
              chi = |            0  3.23005e-23            0 | +/- |            0  9.81514e-25            0 | 1/eV
                    \            0            0  3.23005e-23 /     \            0            0  9.81514e-25 / 

                    /       244316            0            0 \     /      38529.9            0            0 \ 
               T1 = |            0       244316            0 | +/- |            0      38529.9            0 | ps
                    \            0            0       244316 /     \            0            0      38529.9 / 

               T1 =       244316 +/-      38529.9 ps


Results for T = 100 K and dmu = 0.829091 eV using FGR formula:
                    /  1.81498e-23            0            0 \     /   3.7908e-24            0            0 \ 
            Gamma = |            0  1.81498e-23            0 | +/- |            0   3.7908e-24            0 | 1/(eV.ps)
                    \            0            0  1.81498e-23 /     \            0            0   3.7908e-24 / 

                    /  5.39825e-18            0            0 \     /  1.64036e-19            0            0 \ 
              chi = |            0  5.39825e-18            0 | +/- |            0  1.64036e-19            0 | 1/eV
                    \            0            0  5.39825e-18 /     \            0            0  1.64036e-19 / 

                    /       296694            0            0 \     /      63254.3            0            0 \ 
               T1 = |            0       296694            0 | +/- |            0      63254.3            0 | ps
                    \            0            0       296694 /     \            0            0      63254.3 / 

               T1 =       296694 +/-      63254.3 ps


Results for T = 100 K and dmu = 0.829091 eV using dRho formula:
                    /  2.20601e-23            0            0 \     /  3.40904e-24            0            0 \ 
            Gamma = |            0  2.20601e-23            0 | +/- |            0  3.40904e-24            0 | 1/(eV.ps)
                    \            0            0  2.20601e-23 /     \            0            0  3.40904e-24 / 

                    /  5.39825e-18            0            0 \     /  1.64036e-19            0            0 \ 
              chi = |            0  5.39825e-18            0 | +/- |            0  1.64036e-19            0 | 1/eV
                    \            0            0  5.39825e-18 /     \            0            0  1.64036e-19 / 

                    /       244316            0            0 \     /      38529.9            0            0 \ 
               T1 = |            0       244316            0 | +/- |            0      38529.9            0 | ps
                    \            0            0       244316 /     \            0            0      38529.9 / 

               T1 =       244316 +/-      38529.9 ps


Results for T = 100 K and dmu = 0.932727 eV using FGR formula:
                    /   3.0333e-18            0            0 \     /  6.33541e-19            0            0 \ 
            Gamma = |            0   3.0333e-18            0 | +/- |            0  6.33541e-19            0 | 1/(eV.ps)
                    \            0            0   3.0333e-18 /     \            0            0  6.33541e-19 / 

                    /  9.02187e-13            0            0 \     /  2.74147e-14            0            0 \ 
              chi = |            0  9.02187e-13            0 | +/- |            0  2.74147e-14            0 | 1/eV
                    \            0            0  9.02187e-13 /     \            0            0  2.74147e-14 / 

                    /       296694            0            0 \     /      63254.3            0            0 \ 
               T1 = |            0       296694            0 | +/- |            0      63254.3            0 | ps
                    \            0            0       296694 /     \            0            0      63254.3 / 

               T1 =       296694 +/-      63254.3 ps


Results for T = 100 K and dmu = 0.932727 eV using dRho formula:
                    /  3.68682e-18            0            0 \     /  5.69738e-19            0            0 \ 
            Gamma = |            0  3.68682e-18            0 | +/- |            0  5.69738e-19            0 | 1/(eV.ps)
                    \            0            0  3.68682e-18 /     \            0            0  5.69738e-19 / 

                    /  9.02187e-13            0            0 \     /  2.74147e-14            0            0 \ 
              chi = |            0  9.02187e-13            0 | +/- |            0  2.74147e-14            0 | 1/eV
                    \            0            0  9.02187e-13 /     \            0            0  2.74147e-14 / 

                    /       244316            0            0 \     /      38529.9            0            0 \ 
               T1 = |            0       244316            0 | +/- |            0      38529.9            0 | ps
                    \            0            0       244316 /     \            0            0      38529.9 / 

               T1 =       244316 +/-      38529.9 ps


Results for T = 100 K and dmu = 1.03636 eV using FGR formula:
                    /  5.06942e-13            0            0 \     /  1.05881e-13            0            0 \ 
            Gamma = |            0  5.06942e-13            0 | +/- |            0  1.05881e-13            0 | 1/(eV.ps)
                    \            0            0  5.06942e-13 /     \            0            0  1.05881e-13 / 

                    /  1.50778e-07            0            0 \     /  4.58167e-09            0            0 \ 
              chi = |            0  1.50778e-07            0 | +/- |            0  4.58167e-09            0 | 1/eV
                    \            0            0  1.50778e-07 /     \            0            0  4.58167e-09 / 

                    /       296693            0            0 \     /        63254            0            0 \ 
               T1 = |            0       296693            0 | +/- |            0        63254            0 | ps
                    \            0            0       296693 /     \            0            0        63254 / 

               T1 =       296693 +/-        63254 ps


Results for T = 100 K and dmu = 1.03636 eV using dRho formula:
                    /  6.16161e-13            0            0 \     /  9.52175e-14            0            0 \ 
            Gamma = |            0  6.16161e-13            0 | +/- |            0  9.52175e-14            0 | 1/(eV.ps)
                    \            0            0  6.16161e-13 /     \            0            0  9.52175e-14 / 

                    /  1.50778e-07            0            0 \     /  4.58167e-09            0            0 \ 
              chi = |            0  1.50778e-07            0 | +/- |            0  4.58167e-09            0 | 1/eV
                    \            0            0  1.50778e-07 /     \            0            0  4.58167e-09 / 

                    /       244315            0            0 \     /      38529.7            0            0 \ 
               T1 = |            0       244315            0 | +/- |            0      38529.7            0 | ps
                    \            0            0       244315 /     \            0            0      38529.7 / 

               T1 =       244315 +/-      38529.7 ps


Results for T = 100 K and dmu = 1.14 eV using FGR formula:
                    /  6.91658e-08            0            0 \     /  1.15152e-08            0            0 \ 
            Gamma = |            0  6.91658e-08            0 | +/- |            0  1.15152e-08            0 | 1/(eV.ps)
                    \            0            0  6.91658e-08 /     \            0            0  1.15152e-08 / 

                    /    0.0148483            0            0 \     /  0.000417013            0            0 \ 
              chi = |            0    0.0148483            0 | +/- |            0  0.000417013            0 | 1/eV
                    \            0            0    0.0148483 /     \            0            0  0.000417013 / 

                    /       214275            0            0 \     /      36528.1            0            0 \ 
               T1 = |            0       214275            0 | +/- |            0      36528.1            0 | ps
                    \            0            0       214275 /     \            0            0      36528.1 / 

               T1 =       214275 +/-      36528.1 ps


Results for T = 100 K and dmu = 1.14 eV using dRho formula:
                    /  8.39405e-08            0            0 \     /  9.96761e-09            0            0 \ 
            Gamma = |            0  8.39405e-08            0 | +/- |            0  9.96761e-09            0 | 1/(eV.ps)
                    \            0            0  8.39405e-08 /     \            0            0  9.96761e-09 / 

                    /    0.0148483            0            0 \     /  0.000417013            0            0 \ 
              chi = |            0    0.0148483            0 | +/- |            0  0.000417013            0 | 1/eV
                    \            0            0    0.0148483 /     \            0            0  0.000417013 / 

                    /       176605            0            0 \     /      22154.4            0            0 \ 
               T1 = |            0       176605            0 | +/- |            0      22154.4            0 | ps
                    \            0            0       176605 /     \            0            0      22154.4 / 

               T1 =       176605 +/-      22154.4 ps


Results for T = 200 K and dmu = 0 eV using FGR formula:
                    /   0.00983092            0            0 \     /   0.00136839            0            0 \ 
            Gamma = |            0   0.00983092            0 | +/- |            0   0.00136839            0 | 1/(eV.ps)
                    \            0            0   0.00983092 /     \            0            0   0.00136839 / 

                    /    0.0101285            0            0 \     /  7.86587e-05            0            0 \ 
              chi = |            0    0.0101285            0 | +/- |            0  7.86587e-05            0 | 1/eV
                    \            0            0    0.0101285 /     \            0            0  7.86587e-05 / 

                    /      1.03042            0            0 \     /     0.142148            0            0 \ 
               T1 = |            0      1.03042            0 | +/- |            0     0.142148            0 | ps
                    \            0            0      1.03042 /     \            0            0     0.142148 / 

               T1 =      1.03042 +/-     0.142148 ps


Results for T = 200 K and dmu = 0 eV using dRho formula:
                    /    0.0222651            0            0 \     /   0.00302824            0            0 \ 
            Gamma = |            0    0.0222651            0 | +/- |            0   0.00302824            0 | 1/(eV.ps)
                    \            0            0    0.0222651 /     \            0            0   0.00302824 / 

                    /    0.0135293            0            0 \     /  0.000261915            0            0 \ 
              chi = |            0    0.0135293            0 | +/- |            0  0.000261915            0 | 1/eV
                    \            0            0    0.0135293 /     \            0            0  0.000261915 / 

                    /      0.60802            0            0 \     /    0.0798874            0            0 \ 
               T1 = |            0      0.60802            0 | +/- |            0    0.0798874            0 | ps
                    \            0            0      0.60802 /     \            0            0    0.0798874 / 

               T1 =      0.60802 +/-    0.0798874 ps


Results for T = 200 K and dmu = 0.103636 eV using FGR formula:
                    /  3.12034e-05            0            0 \     /  4.73159e-06            0            0 \ 
            Gamma = |            0  3.12034e-05            0 | +/- |            0  4.73159e-06            0 | 1/(eV.ps)
                    \            0            0  3.12034e-05 /     \            0            0  4.73159e-06 / 

                    /   3.3898e-05            0            0 \     /  4.23725e-07            0            0 \ 
              chi = |            0   3.3898e-05            0 | +/- |            0  4.23725e-07            0 | 1/eV
                    \            0            0   3.3898e-05 /     \            0            0  4.23725e-07 / 

                    /       1.0868            0            0 \     /     0.162636            0            0 \ 
               T1 = |            0       1.0868            0 | +/- |            0     0.162636            0 | ps
                    \            0            0       1.0868 /     \            0            0     0.162636 / 

               T1 =       1.0868 +/-     0.162636 ps


Results for T = 200 K and dmu = 0.103636 eV using dRho formula:
                    /  7.26957e-05            0            0 \     /  1.31312e-05            0            0 \ 
            Gamma = |            0  7.26957e-05            0 | +/- |            0  1.31312e-05            0 | 1/(eV.ps)
                    \            0            0  7.26957e-05 /     \            0            0  1.31312e-05 / 

                    /  4.66864e-05            0            0 \     /  1.34902e-06            0            0 \ 
              chi = |            0  4.66864e-05            0 | +/- |            0  1.34902e-06            0 | 1/eV
                    \            0            0  4.66864e-05 /     \            0            0  1.34902e-06 / 

                    /     0.643188            0            0 \     /     0.110827            0            0 \ 
               T1 = |            0     0.643188            0 | +/- |            0     0.110827            0 | ps
                    \            0            0     0.643188 /     \            0            0     0.110827 / 

               T1 =     0.643188 +/-     0.110827 ps


Results for T = 200 K and dmu = 0.207273 eV using FGR formula:
                    /  7.63897e-08            0            0 \     /  1.15855e-08            0            0 \ 
            Gamma = |            0  7.63897e-08            0 | +/- |            0  1.15855e-08            0 | 1/(eV.ps)
                    \            0            0  7.63897e-08 /     \            0            0  1.15855e-08 / 

                    /  8.30051e-08            0            0 \     /  1.04002e-09            0            0 \ 
              chi = |            0  8.30051e-08            0 | +/- |            0  1.04002e-09            0 | 1/eV
                    \            0            0  8.30051e-08 /     \            0            0  1.04002e-09 / 

                    /      1.08705            0            0 \     /     0.162695            0            0 \ 
               T1 = |            0      1.08705            0 | +/- |            0     0.162695            0 | ps
                    \            0            0      1.08705 /     \            0            0     0.162695 / 

               T1 =      1.08705 +/-     0.162695 ps


Results for T = 200 K and dmu = 0.207273 eV using dRho formula:
                    /   1.7799e-07            0            0 \     /  3.21847e-08            0            0 \ 
            Gamma = |            0   1.7799e-07            0 | +/- |            0  3.21847e-08            0 | 1/(eV.ps)
                    \            0            0   1.7799e-07 /     \            0            0  3.21847e-08 / 

                    /  1.14331e-07            0            0 \     /   3.3084e-09            0            0 \ 
              chi = |            0  1.14331e-07            0 | +/- |            0   3.3084e-09            0 | 1/eV
                    \            0            0  1.14331e-07 /     \            0            0   3.3084e-09 / 

                    /     0.643322            0            0 \     /     0.110958            0            0 \ 
               T1 = |            0     0.643322            0 | +/- |            0     0.110958            0 | ps
                    \            0            0     0.643322 /     \            0            0     0.110958 / 

               T1 =     0.643322 +/-     0.110958 ps


Results for T = 200 K and dmu = 0.310909 eV using FGR formula:
                    /  1.86859e-10            0            0 \     /  2.83397e-11            0            0 \ 
            Gamma = |            0  1.86859e-10            0 | +/- |            0  2.83397e-11            0 | 1/(eV.ps)
                    \            0            0  1.86859e-10 /     \            0            0  2.83397e-11 / 

                    /  2.03041e-10            0            0 \     /  2.54404e-12            0            0 \ 
              chi = |            0  2.03041e-10            0 | +/- |            0  2.54404e-12            0 | 1/eV
                    \            0            0  2.03041e-10 /     \            0            0  2.54404e-12 / 

                    /      1.08705            0            0 \     /     0.162695            0            0 \ 
               T1 = |            0      1.08705            0 | +/- |            0     0.162695            0 | ps
                    \            0            0      1.08705 /     \            0            0     0.162695 / 

               T1 =      1.08705 +/-     0.162695 ps


Results for T = 200 K and dmu = 0.310909 eV using dRho formula:
                    /  4.35387e-10            0            0 \     /   7.8728e-11            0            0 \ 
            Gamma = |            0  4.35387e-10            0 | +/- |            0   7.8728e-11            0 | 1/(eV.ps)
                    \            0            0  4.35387e-10 /     \            0            0   7.8728e-11 / 

                    /   2.7967e-10            0            0 \     /  8.09281e-12            0            0 \ 
              chi = |            0   2.7967e-10            0 | +/- |            0  8.09281e-12            0 | 1/eV
                    \            0            0   2.7967e-10 /     \            0            0  8.09281e-12 / 

                    /     0.643322            0            0 \     /     0.110958            0            0 \ 
               T1 = |            0     0.643322            0 | +/- |            0     0.110958            0 | ps
                    \            0            0     0.643322 /     \            0            0     0.110958 / 

               T1 =     0.643322 +/-     0.110958 ps


Results for T = 200 K and dmu = 0.414545 eV using FGR formula:
                    /   4.5708e-13            0            0 \     /  6.93225e-14            0            0 \ 
            Gamma = |            0   4.5708e-13            0 | +/- |            0  6.93225e-14            0 | 1/(eV.ps)
                    \            0            0   4.5708e-13 /     \            0            0  6.93225e-14 / 

                    /  4.96664e-13            0            0 \     /  6.22303e-15            0            0 \ 
              chi = |            0  4.96664e-13            0 | +/- |            0  6.22303e-15            0 | 1/eV
                    \            0            0  4.96664e-13 /     \            0            0  6.22303e-15 / 

                    /      1.08705            0            0 \     /     0.162695            0            0 \ 
               T1 = |            0      1.08705            0 | +/- |            0     0.162695            0 | ps
                    \            0            0      1.08705 /     \            0            0     0.162695 / 

               T1 =      1.08705 +/-     0.162695 ps


Results for T = 200 K and dmu = 0.414545 eV using dRho formula:
                    /    1.065e-12            0            0 \     /  1.92578e-13            0            0 \ 
            Gamma = |            0    1.065e-12            0 | +/- |            0  1.92578e-13            0 | 1/(eV.ps)
                    \            0            0    1.065e-12 /     \            0            0  1.92578e-13 / 

                    /  6.84099e-13            0            0 \     /  1.97964e-14            0            0 \ 
              chi = |            0  6.84099e-13            0 | +/- |            0  1.97964e-14            0 | 1/eV
                    \            0            0  6.84099e-13 /     \            0            0  1.97964e-14 / 

                    /     0.643321            0            0 \     /     0.110958            0            0 \ 
               T1 = |            0     0.643321            0 | +/- |            0     0.110958            0 | ps
                    \            0            0     0.643321 /     \            0            0     0.110958 / 

               T1 =     0.643321 +/-     0.110958 ps


Results for T = 200 K and dmu = 0.518182 eV using FGR formula:
                    /  1.11807e-15            0            0 \     /  1.69571e-16            0            0 \ 
            Gamma = |            0  1.11807e-15            0 | +/- |            0  1.69571e-16            0 | 1/(eV.ps)
                    \            0            0  1.11807e-15 /     \            0            0  1.69571e-16 / 

                    /  1.22243e-15            0            0 \     /  1.50978e-17            0            0 \ 
              chi = |            0  1.22243e-15            0 | +/- |            0  1.50978e-17            0 | 1/eV
                    \            0            0  1.22243e-15 /     \            0            0  1.50978e-17 / 

                    /      1.09379            0            0 \     /     0.163626            0            0 \ 
               T1 = |            0      1.09379            0 | +/- |            0     0.163626            0 | ps
                    \            0            0      1.09379 /     \            0            0     0.163626 / 

               T1 =      1.09379 +/-     0.163626 ps


Results for T = 200 K and dmu = 0.518182 eV using dRho formula:
                    /  2.59624e-15            0            0 \     /  4.69626e-16            0            0 \ 
            Gamma = |            0  2.59624e-15            0 | +/- |            0  4.69626e-16            0 | 1/(eV.ps)
                    \            0            0  2.59624e-15 /     \            0            0  4.69626e-16 / 

                    /  1.67588e-15            0            0 \     /  4.81263e-17            0            0 \ 
              chi = |            0  1.67588e-15            0 | +/- |            0  4.81263e-17            0 | 1/eV
                    \            0            0  1.67588e-15 /     \            0            0  4.81263e-17 / 

                    /     0.646464            0            0 \     /     0.111604            0            0 \ 
               T1 = |            0     0.646464            0 | +/- |            0     0.111604            0 | ps
                    \            0            0     0.646464 /     \            0            0     0.111604 / 

               T1 =     0.646464 +/-     0.111604 ps


Results for T = 200 K and dmu = 0.621818 eV using FGR formula:
                    /   2.8682e-18            0            0 \     /  4.16751e-19            0            0 \ 
            Gamma = |            0   2.8682e-18            0 | +/- |            0  4.16751e-19            0 | 1/(eV.ps)
                    \            0            0   2.8682e-18 /     \            0            0  4.16751e-19 / 

                    /  3.08014e-15            0            0 \     /  7.49865e-17            0            0 \ 
              chi = |            0  3.08014e-15            0 | +/- |            0  7.49865e-17            0 | 1/eV
                    \            0            0  3.08014e-15 /     \            0            0  7.49865e-17 / 

                    /      1074.51            0            0 \     /      146.485            0            0 \ 
               T1 = |            0      1074.51            0 | +/- |            0      146.485            0 | ps
                    \            0            0      1074.51 /     \            0            0      146.485 / 

               T1 =      1074.51 +/-      146.485 ps


Results for T = 200 K and dmu = 0.621818 eV using dRho formula:
                    /  3.08628e-18            0            0 \     /   1.0484e-18            0            0 \ 
            Gamma = |            0  3.08628e-18            0 | +/- |            0   1.0484e-18            0 | 1/(eV.ps)
                    \            0            0  3.08628e-18 /     \            0            0   1.0484e-18 / 

                    /  3.07941e-15            0            0 \     /  7.48684e-17            0            0 \ 
              chi = |            0  3.07941e-15            0 | +/- |            0  7.48684e-17            0 | 1/eV
                    \            0            0  3.07941e-15 /     \            0            0  7.48684e-17 / 

                    /       994.27            0            0 \     /      347.884            0            0 \ 
               T1 = |            0       994.27            0 | +/- |            0      347.884            0 | ps
                    \            0            0       994.27 /     \            0            0      347.884 / 

               T1 =       994.27 +/-      347.884 ps


Results for T = 200 K and dmu = 0.725455 eV using FGR formula:
                    /   5.4482e-17            0            0 \     /  1.48745e-18            0            0 \ 
            Gamma = |            0   5.4482e-17            0 | +/- |            0  1.48745e-18            0 | 1/(eV.ps)
                    \            0            0   5.4482e-17 /     \            0            0  1.48745e-18 / 

                    /  1.25798e-12            0            0 \     /  3.06656e-14            0            0 \ 
              chi = |            0  1.25798e-12            0 | +/- |            0  3.06656e-14            0 | 1/eV
                    \            0            0  1.25798e-12 /     \            0            0  3.06656e-14 / 

                    /      23066.8            0            0 \     /      1073.31            0            0 \ 
               T1 = |            0      23066.8            0 | +/- |            0      1073.31            0 | ps
                    \            0            0      23066.8 /     \            0            0      1073.31 / 

               T1 =      23066.8 +/-      1073.31 ps


Results for T = 200 K and dmu = 0.725455 eV using dRho formula:
                    /  5.96452e-17            0            0 \     /  1.58713e-18            0            0 \ 
            Gamma = |            0  5.96452e-17            0 | +/- |            0  1.58713e-18            0 | 1/(eV.ps)
                    \            0            0  5.96452e-17 /     \            0            0  1.58713e-18 / 

                    /  1.25798e-12            0            0 \     /  3.06655e-14            0            0 \ 
              chi = |            0  1.25798e-12            0 | +/- |            0  3.06655e-14            0 | 1/eV
                    \            0            0  1.25798e-12 /     \            0            0  3.06655e-14 / 

                    /      21069.9            0            0 \     /       974.33            0            0 \ 
               T1 = |            0      21069.9            0 | +/- |            0       974.33            0 | ps
                    \            0            0      21069.9 /     \            0            0       974.33 / 

               T1 =      21069.9 +/-       974.33 ps


Results for T = 200 K and dmu = 0.829091 eV using FGR formula:
                    /  2.22701e-14            0            0 \     /  6.07861e-16            0            0 \ 
            Gamma = |            0  2.22701e-14            0 | +/- |            0  6.07861e-16            0 | 1/(eV.ps)
                    \            0            0  2.22701e-14 /     \            0            0  6.07861e-16 / 

                    /  5.14274e-10            0            0 \     /  1.25364e-11            0            0 \ 
              chi = |            0  5.14274e-10            0 | +/- |            0  1.25364e-11            0 | 1/eV
                    \            0            0  5.14274e-10 /     \            0            0  1.25364e-11 / 

                    /      23069.6            0            0 \     /      1073.45            0            0 \ 
               T1 = |            0      23069.6            0 | +/- |            0      1073.45            0 | ps
                    \            0            0      23069.6 /     \            0            0      1073.45 / 

               T1 =      23069.6 +/-      1073.45 ps


Results for T = 200 K and dmu = 0.829091 eV using dRho formula:
                    /  2.43836e-14            0            0 \     /  6.48835e-16            0            0 \ 
            Gamma = |            0  2.43836e-14            0 | +/- |            0  6.48835e-16            0 | 1/(eV.ps)
                    \            0            0  2.43836e-14 /     \            0            0  6.48835e-16 / 

                    /  5.14274e-10            0            0 \     /  1.25364e-11            0            0 \ 
              chi = |            0  5.14274e-10            0 | +/- |            0  1.25364e-11            0 | 1/eV
                    \            0            0  5.14274e-10 /     \            0            0  1.25364e-11 / 

                    /      21069.9            0            0 \     /       974.33            0            0 \ 
               T1 = |            0      21069.9            0 | +/- |            0       974.33            0 | ps
                    \            0            0      21069.9 /     \            0            0       974.33 / 

               T1 =      21069.9 +/-       974.33 ps


Results for T = 200 K and dmu = 0.932727 eV using FGR formula:
                    /  9.10422e-12            0            0 \     /    2.485e-13            0            0 \ 
            Gamma = |            0  9.10422e-12            0 | +/- |            0    2.485e-13            0 | 1/(eV.ps)
                    \            0            0  9.10422e-12 /     \            0            0    2.485e-13 / 

                    /   2.1024e-07            0            0 \     /  5.12499e-09            0            0 \ 
              chi = |            0   2.1024e-07            0 | +/- |            0  5.12499e-09            0 | 1/eV
                    \            0            0   2.1024e-07 /     \            0            0  5.12499e-09 / 

                    /      23069.5            0            0 \     /      1073.45            0            0 \ 
               T1 = |            0      23069.5            0 | +/- |            0      1073.45            0 | ps
                    \            0            0      23069.5 /     \            0            0      1073.45 / 

               T1 =      23069.5 +/-      1073.45 ps


Results for T = 200 K and dmu = 0.932727 eV using dRho formula:
                    /  9.96824e-12            0            0 \     /  2.65251e-13            0            0 \ 
            Gamma = |            0  9.96824e-12            0 | +/- |            0  2.65251e-13            0 | 1/(eV.ps)
                    \            0            0  9.96824e-12 /     \            0            0  2.65251e-13 / 

                    /   2.1024e-07            0            0 \     /  5.12497e-09            0            0 \ 
              chi = |            0   2.1024e-07            0 | +/- |            0  5.12497e-09            0 | 1/eV
                    \            0            0   2.1024e-07 /     \            0            0  5.12497e-09 / 

                    /      21069.8            0            0 \     /      974.327            0            0 \ 
               T1 = |            0      21069.8            0 | +/- |            0      974.327            0 | ps
                    \            0            0      21069.8 /     \            0            0      974.327 / 

               T1 =      21069.8 +/-      974.327 ps


Results for T = 200 K and dmu = 1.03636 eV using FGR formula:
                    /  3.71983e-09            0            0 \     /  1.01614e-10            0            0 \ 
            Gamma = |            0  3.71983e-09            0 | +/- |            0  1.01614e-10            0 | 1/(eV.ps)
                    \            0            0  3.71983e-09 /     \            0            0  1.01614e-10 / 

                    /   8.5798e-05            0            0 \     /  2.09097e-06            0            0 \ 
              chi = |            0   8.5798e-05            0 | +/- |            0  2.09097e-06            0 | 1/eV
                    \            0            0   8.5798e-05 /     \            0            0  2.09097e-06 / 

                    /      23042.1            0            0 \     /      1071.86            0            0 \ 
               T1 = |            0      23042.1            0 | +/- |            0      1071.86            0 | ps
                    \            0            0      23042.1 /     \            0            0      1071.86 / 

               T1 =      23042.1 +/-      1071.86 ps


Results for T = 200 K and dmu = 1.03636 eV using dRho formula:
                    /  4.07288e-09            0            0 \     /  1.08485e-10            0            0 \ 
            Gamma = |            0  4.07288e-09            0 | +/- |            0  1.08485e-10            0 | 1/(eV.ps)
                    \            0            0  4.07288e-09 /     \            0            0  1.08485e-10 / 

                    /   8.5798e-05            0            0 \     /  2.09096e-06            0            0 \ 
              chi = |            0   8.5798e-05            0 | +/- |            0  2.09096e-06            0 | 1/eV
                    \            0            0   8.5798e-05 /     \            0            0  2.09096e-06 / 

                    /      21044.6            0            0 \     /      973.043            0            0 \ 
               T1 = |            0      21044.6            0 | +/- |            0      973.043            0 | ps
                    \            0            0      21044.6 /     \            0            0      973.043 / 

               T1 =      21044.6 +/-      973.043 ps


Results for T = 200 K and dmu = 1.14 eV using FGR formula:
                    /  1.27969e-06            0            0 \     /  4.83496e-08            0            0 \ 
            Gamma = |            0  1.27969e-06            0 | +/- |            0  4.83496e-08            0 | 1/(eV.ps)
                    \            0            0  1.27969e-06 /     \            0            0  4.83496e-08 / 

                    /    0.0212586            0            0 \     /   0.00047911            0            0 \ 
              chi = |            0    0.0212586            0 | +/- |            0   0.00047911            0 | 1/eV
                    \            0            0    0.0212586 /     \            0            0   0.00047911 / 

                    /      16602.1            0            0 \     /      770.142            0            0 \ 
               T1 = |            0      16602.1            0 | +/- |            0      770.142            0 | ps
                    \            0            0      16602.1 /     \            0            0      770.142 / 

               T1 =      16602.1 +/-      770.142 ps


Results for T = 200 K and dmu = 1.14 eV using dRho formula:
                    /  1.40404e-06            0            0 \     /  5.09611e-08            0            0 \ 
            Gamma = |            0  1.40404e-06            0 | +/- |            0  5.09611e-08            0 | 1/(eV.ps)
                    \            0            0  1.40404e-06 /     \            0            0  5.09611e-08 / 

                    /    0.0212586            0            0 \     /  0.000479106            0            0 \ 
              chi = |            0    0.0212586            0 | +/- |            0  0.000479106            0 | 1/eV
                    \            0            0    0.0212586 /     \            0            0  0.000479106 / 

                    /      15130.9            0            0 \     /       700.51            0            0 \ 
               T1 = |            0      15130.9            0 | +/- |            0       700.51            0 | ps
                    \            0            0      15130.9 /     \            0            0       700.51 / 

               T1 =      15130.9 +/-       700.51 ps


Results for T = 300 K and dmu = 0 eV using FGR formula:
                    /    0.0288832            0            0 \     /   0.00218598            0            0 \ 
            Gamma = |            0    0.0288832            0 | +/- |            0   0.00218598            0 | 1/(eV.ps)
                    \            0            0    0.0288832 /     \            0            0   0.00218598 / 

                    /    0.0162582            0            0 \     /  0.000115585            0            0 \ 
              chi = |            0    0.0162582            0 | +/- |            0  0.000115585            0 | 1/eV
                    \            0            0    0.0162582 /     \            0            0  0.000115585 / 

                    /     0.562902            0            0 \     /    0.0422163            0            0 \ 
               T1 = |            0     0.562902            0 | +/- |            0    0.0422163            0 | ps
                    \            0            0     0.562902 /     \            0            0    0.0422163 / 

               T1 =     0.562902 +/-    0.0422163 ps


Results for T = 300 K and dmu = 0 eV using dRho formula:
                    /    0.0598526            0            0 \     /   0.00515369            0            0 \ 
            Gamma = |            0    0.0598526            0 | +/- |            0   0.00515369            0 | 1/(eV.ps)
                    \            0            0    0.0598526 /     \            0            0   0.00515369 / 

                    /     0.020319            0            0 \     /  0.000216694            0            0 \ 
              chi = |            0     0.020319            0 | +/- |            0  0.000216694            0 | 1/eV
                    \            0            0     0.020319 /     \            0            0  0.000216694 / 

                    /     0.339527            0            0 \     /     0.028624            0            0 \ 
               T1 = |            0     0.339527            0 | +/- |            0     0.028624            0 | ps
                    \            0            0     0.339527 /     \            0            0     0.028624 / 

               T1 =     0.339527 +/-     0.028624 ps


Results for T = 300 K and dmu = 0.103636 eV using FGR formula:
                    /  0.000705125            0            0 \     /  6.15127e-05            0            0 \ 
            Gamma = |            0  0.000705125            0 | +/- |            0  6.15127e-05            0 | 1/(eV.ps)
                    \            0            0  0.000705125 /     \            0            0  6.15127e-05 / 

                    /  0.000404743            0            0 \     /  2.63348e-06            0            0 \ 
              chi = |            0  0.000404743            0 | +/- |            0  2.63348e-06            0 | 1/eV
                    \            0            0  0.000404743 /     \            0            0  2.63348e-06 / 

                    /     0.574024            0            0 \     /    0.0496874            0            0 \ 
               T1 = |            0     0.574024            0 | +/- |            0    0.0496874            0 | ps
                    \            0            0     0.574024 /     \            0            0    0.0496874 / 

               T1 =     0.574024 +/-    0.0496874 ps


Results for T = 300 K and dmu = 0.103636 eV using dRho formula:
                    /   0.00148385            0            0 \     /  0.000173244            0            0 \ 
            Gamma = |            0   0.00148385            0 | +/- |            0  0.000173244            0 | 1/(eV.ps)
                    \            0            0   0.00148385 /     \            0            0  0.000173244 / 

                    /  0.000522883            0            0 \     /  8.56156e-06            0            0 \ 
              chi = |            0  0.000522883            0 | +/- |            0  8.56156e-06            0 | 1/eV
                    \            0            0  0.000522883 /     \            0            0  8.56156e-06 / 

                    /     0.352525            0            0 \     /     0.039872            0            0 \ 
               T1 = |            0     0.352525            0 | +/- |            0     0.039872            0 | ps
                    \            0            0     0.352525 /     \            0            0     0.039872 / 

               T1 =     0.352525 +/-     0.039872 ps


Results for T = 300 K and dmu = 0.207273 eV using FGR formula:
                    /  1.28899e-05            0            0 \     /  1.12756e-06            0            0 \ 
            Gamma = |            0  1.28899e-05            0 | +/- |            0  1.12756e-06            0 | 1/(eV.ps)
                    \            0            0  1.28899e-05 /     \            0            0  1.12756e-06 / 

                    /  7.40443e-06            0            0 \     /  4.83339e-08            0            0 \ 
              chi = |            0  7.40443e-06            0 | +/- |            0  4.83339e-08            0 | 1/eV
                    \            0            0  7.40443e-06 /     \            0            0  4.83339e-08 / 

                    /     0.574458            0            0 \     /    0.0498588            0            0 \ 
               T1 = |            0     0.574458            0 | +/- |            0    0.0498588            0 | ps
                    \            0            0     0.574458 /     \            0            0    0.0498588 / 

               T1 =     0.574458 +/-    0.0498588 ps


Results for T = 300 K and dmu = 0.207273 eV using dRho formula:
                    /  2.71397e-05            0            0 \     /    3.195e-06            0            0 \ 
            Gamma = |            0  2.71397e-05            0 | +/- |            0    3.195e-06            0 | 1/(eV.ps)
                    \            0            0  2.71397e-05 /     \            0            0    3.195e-06 / 

                    /  9.57392e-06            0            0 \     /  1.58588e-07            0            0 \ 
              chi = |            0  9.57392e-06            0 | +/- |            0  1.58588e-07            0 | 1/eV
                    \            0            0  9.57392e-06 /     \            0            0  1.58588e-07 / 

                    /     0.352911            0            0 \     /    0.0402324            0            0 \ 
               T1 = |            0     0.352911            0 | +/- |            0    0.0402324            0 | ps
                    \            0            0     0.352911 /     \            0            0    0.0402324 / 

               T1 =     0.352911 +/-    0.0402324 ps


Results for T = 300 K and dmu = 0.310909 eV using FGR formula:
                    /  2.34041e-07            0            0 \     /  2.04739e-08            0            0 \ 
            Gamma = |            0  2.34041e-07            0 | +/- |            0  2.04739e-08            0 | 1/(eV.ps)
                    \            0            0  2.34041e-07 /     \            0            0  2.04739e-08 / 

                    /  1.34443e-07            0            0 \     /   8.7766e-10            0            0 \ 
              chi = |            0  1.34443e-07            0 | +/- |            0   8.7766e-10            0 | 1/eV
                    \            0            0  1.34443e-07 /     \            0            0   8.7766e-10 / 

                    /     0.574466            0            0 \     /    0.0498619            0            0 \ 
               T1 = |            0     0.574466            0 | +/- |            0    0.0498619            0 | ps
                    \            0            0     0.574466 /     \            0            0    0.0498619 / 

               T1 =     0.574466 +/-    0.0498619 ps


Results for T = 300 K and dmu = 0.310909 eV using dRho formula:
                    /  4.92776e-07            0            0 \     /  5.80205e-08            0            0 \ 
            Gamma = |            0  4.92776e-07            0 | +/- |            0  5.80205e-08            0 | 1/(eV.ps)
                    \            0            0  4.92776e-07 /     \            0            0  5.80205e-08 / 

                    /  1.73837e-07            0            0 \     /  2.88015e-09            0            0 \ 
              chi = |            0  1.73837e-07            0 | +/- |            0  2.88015e-09            0 | 1/eV
                    \            0            0  1.73837e-07 /     \            0            0  2.88015e-09 / 

                    /     0.352918            0            0 \     /    0.0402391            0            0 \ 
               T1 = |            0     0.352918            0 | +/- |            0    0.0402391            0 | ps
                    \            0            0     0.352918 /     \            0            0    0.0402391 / 

               T1 =     0.352918 +/-    0.0402391 ps


Results for T = 300 K and dmu = 0.414545 eV using FGR formula:
                    /  4.24891e-09            0            0 \     /  3.71696e-10            0            0 \ 
            Gamma = |            0  4.24891e-09            0 | +/- |            0  3.71696e-10            0 | 1/(eV.ps)
                    \            0            0  4.24891e-09 /     \            0            0  3.71696e-10 / 

                    /  2.44079e-09            0            0 \     /  1.59335e-11            0            0 \ 
              chi = |            0  2.44079e-09            0 | +/- |            0  1.59335e-11            0 | 1/eV
                    \            0            0  2.44079e-09 /     \            0            0  1.59335e-11 / 

                    /     0.574472            0            0 \     /    0.0498624            0            0 \ 
               T1 = |            0     0.574472            0 | +/- |            0    0.0498624            0 | ps
                    \            0            0     0.574472 /     \            0            0    0.0498624 / 

               T1 =     0.574472 +/-    0.0498624 ps


Results for T = 300 K and dmu = 0.414545 eV using dRho formula:
                    /  8.94616e-09            0            0 \     /  1.05334e-09            0            0 \ 
            Gamma = |            0  8.94616e-09            0 | +/- |            0  1.05334e-09            0 | 1/(eV.ps)
                    \            0            0  8.94616e-09 /     \            0            0  1.05334e-09 / 

                    /  3.15598e-09            0            0 \     /  5.22881e-11            0            0 \ 
              chi = |            0  3.15598e-09            0 | +/- |            0  5.22881e-11            0 | 1/eV
                    \            0            0  3.15598e-09 /     \            0            0  5.22881e-11 / 

                    /     0.352922            0            0 \     /    0.0402395            0            0 \ 
               T1 = |            0     0.352922            0 | +/- |            0    0.0402395            0 | ps
                    \            0            0     0.352922 /     \            0            0    0.0402395 / 

               T1 =     0.352922 +/-    0.0402395 ps


Results for T = 300 K and dmu = 0.518182 eV using FGR formula:
                    /  7.71374e-11            0            0 \     /  6.74797e-12            0            0 \ 
            Gamma = |            0  7.71374e-11            0 | +/- |            0  6.74797e-12            0 | 1/(eV.ps)
                    \            0            0  7.71374e-11 /     \            0            0  6.74797e-12 / 

                    /   4.5888e-11            0            0 \     /  2.89275e-13            0            0 \ 
              chi = |            0   4.5888e-11            0 | +/- |            0  2.89275e-13            0 | 1/eV
                    \            0            0   4.5888e-11 /     \            0            0  2.89275e-13 / 

                    /     0.594931            0            0 \     /    0.0513616            0            0 \ 
               T1 = |            0     0.594931            0 | +/- |            0    0.0513616            0 | ps
                    \            0            0     0.594931 /     \            0            0    0.0513616 / 

               T1 =     0.594931 +/-    0.0513616 ps


Results for T = 300 K and dmu = 0.518182 eV using dRho formula:
                    /  1.62414e-10            0            0 \     /   1.9123e-11            0            0 \ 
            Gamma = |            0  1.62414e-10            0 | +/- |            0   1.9123e-11            0 | 1/(eV.ps)
                    \            0            0  1.62414e-10 /     \            0            0   1.9123e-11 / 

                    /  5.88719e-11            0            0 \     /  9.38231e-13            0            0 \ 
              chi = |            0  5.88719e-11            0 | +/- |            0  9.38231e-13            0 | 1/eV
                    \            0            0  5.88719e-11 /     \            0            0  9.38231e-13 / 

                    /     0.362636            0            0 \     /    0.0413306            0            0 \ 
               T1 = |            0     0.362636            0 | +/- |            0    0.0413306            0 | ps
                    \            0            0     0.362636 /     \            0            0    0.0413306 / 

               T1 =     0.362636 +/-    0.0413306 ps


Results for T = 300 K and dmu = 0.621818 eV using FGR formula:
                    /  1.41725e-12            0            0 \     /   1.2275e-13            0            0 \ 
            Gamma = |            0  1.41725e-12            0 | +/- |            0   1.2275e-13            0 | 1/(eV.ps)
                    \            0            0  1.41725e-12 /     \            0            0   1.2275e-13 / 

                    /  8.76741e-11            0            0 \     /  1.73801e-12            0            0 \ 
              chi = |            0  8.76741e-11            0 | +/- |            0  1.73801e-12            0 | 1/eV
                    \            0            0  8.76741e-11 /     \            0            0  1.73801e-12 / 

                    /      61.9009            0            0 \     /      4.64499            0            0 \ 
               T1 = |            0      61.9009            0 | +/- |            0      4.64499            0 | ps
                    \            0            0      61.9009 /     \            0            0      4.64499 / 

               T1 =      61.9009 +/-      4.64499 ps


Results for T = 300 K and dmu = 0.621818 eV using dRho formula:
                    /  2.96669e-12            0            0 \     /  3.47834e-13            0            0 \ 
            Gamma = |            0  2.96669e-12            0 | +/- |            0  3.47834e-13            0 | 1/(eV.ps)
                    \            0            0  2.96669e-12 /     \            0            0  3.47834e-13 / 

                    /  8.79101e-11            0            0 \     /  1.73198e-12            0            0 \ 
              chi = |            0  8.79101e-11            0 | +/- |            0  1.73198e-12            0 | 1/eV
                    \            0            0  8.79101e-11 /     \            0            0  1.73198e-12 / 

                    /      29.6337            0            0 \     /      3.40973            0            0 \ 
               T1 = |            0      29.6337            0 | +/- |            0      3.40973            0 | ps
                    \            0            0      29.6337 /     \            0            0      3.40973 / 

               T1 =      29.6337 +/-      3.40973 ps


Results for T = 300 K and dmu = 0.725455 eV using FGR formula:
                    /  9.54272e-13            0            0 \     /  1.89595e-14            0            0 \ 
            Gamma = |            0  9.54272e-13            0 | +/- |            0  1.89595e-14            0 | 1/(eV.ps)
                    \            0            0  9.54272e-13 /     \            0            0  1.89595e-14 / 

                    /  4.78502e-09            0            0 \     /  9.57493e-11            0            0 \ 
              chi = |            0  4.78502e-09            0 | +/- |            0  9.57493e-11            0 | 1/eV
                    \            0            0  4.78502e-09 /     \            0            0  9.57493e-11 / 

                    /      5012.52            0            0 \     /       134.02            0            0 \ 
               T1 = |            0      5012.52            0 | +/- |            0       134.02            0 | ps
                    \            0            0      5012.52 /     \            0            0       134.02 / 

               T1 =      5012.52 +/-       134.02 ps


Results for T = 300 K and dmu = 0.725455 eV using dRho formula:
                    /  1.05351e-12            0            0 \     /  4.73186e-14            0            0 \ 
            Gamma = |            0  1.05351e-12            0 | +/- |            0  4.73186e-14            0 | 1/(eV.ps)
                    \            0            0  1.05351e-12 /     \            0            0  4.73186e-14 / 

                    /  4.78504e-09            0            0 \     /  9.57438e-11            0            0 \ 
              chi = |            0  4.78504e-09            0 | +/- |            0  9.57438e-11            0 | 1/eV
                    \            0            0  4.78504e-09 /     \            0            0  9.57438e-11 / 

                    /      4540.87            0            0 \     /      207.652            0            0 \ 
               T1 = |            0      4540.87            0 | +/- |            0      207.652            0 | ps
                    \            0            0      4540.87 /     \            0            0      207.652 / 

               T1 =      4540.87 +/-      207.652 ps


Results for T = 300 K and dmu = 0.829091 eV using FGR formula:
                    /  5.11638e-11            0            0 \     /  9.45668e-13            0            0 \ 
            Gamma = |            0  5.11638e-11            0 | +/- |            0  9.45668e-13            0 | 1/(eV.ps)
                    \            0            0  5.11638e-11 /     \            0            0  9.45668e-13 / 

                    /  2.63569e-07            0            0 \     /   5.2741e-09            0            0 \ 
              chi = |            0  2.63569e-07            0 | +/- |            0   5.2741e-09            0 | 1/eV
                    \            0            0  2.63569e-07 /     \            0            0   5.2741e-09 / 

                    /      5149.49            0            0 \     /      137.918            0            0 \ 
               T1 = |            0      5149.49            0 | +/- |            0      137.918            0 | ps
                    \            0            0      5149.49 /     \            0            0      137.918 / 

               T1 =      5149.49 +/-      137.918 ps


Results for T = 300 K and dmu = 0.829091 eV using dRho formula:
                    /  5.50829e-11            0            0 \     /  2.29563e-12            0            0 \ 
            Gamma = |            0  5.50829e-11            0 | +/- |            0  2.29563e-12            0 | 1/(eV.ps)
                    \            0            0  5.50829e-11 /     \            0            0  2.29563e-12 / 

                    /  2.63571e-07            0            0 \     /   5.2738e-09            0            0 \ 
              chi = |            0  2.63571e-07            0 | +/- |            0   5.2738e-09            0 | 1/eV
                    \            0            0  2.63571e-07 /     \            0            0   5.2738e-09 / 

                    /      4783.73            0            0 \     /      205.414            0            0 \ 
               T1 = |            0      4783.73            0 | +/- |            0      205.414            0 | ps
                    \            0            0      4783.73 /     \            0            0      205.414 / 

               T1 =      4783.73 +/-      205.414 ps


Results for T = 300 K and dmu = 0.932727 eV using FGR formula:
                    /  2.81806e-09            0            0 \     /  5.20891e-11            0            0 \ 
            Gamma = |            0  2.81806e-09            0 | +/- |            0  5.20891e-11            0 | 1/(eV.ps)
                    \            0            0  2.81806e-09 /     \            0            0  5.20891e-11 / 

                    /  1.45149e-05            0            0 \     /  2.90429e-07            0            0 \ 
              chi = |            0  1.45149e-05            0 | +/- |            0  2.90429e-07            0 | 1/eV
                    \            0            0  1.45149e-05 /     \            0            0  2.90429e-07 / 

                    /      5148.67            0            0 \     /      137.886            0            0 \ 
               T1 = |            0      5148.67            0 | +/- |            0      137.886            0 | ps
                    \            0            0      5148.67 /     \            0            0      137.886 / 

               T1 =      5148.67 +/-      137.886 ps


Results for T = 300 K and dmu = 0.932727 eV using dRho formula:
                    /  3.03389e-09            0            0 \     /  1.26445e-10            0            0 \ 
            Gamma = |            0  3.03389e-09            0 | +/- |            0  1.26445e-10            0 | 1/(eV.ps)
                    \            0            0  3.03389e-09 /     \            0            0  1.26445e-10 / 

                    /  1.45149e-05            0            0 \     /  2.90412e-07            0            0 \ 
              chi = |            0  1.45149e-05            0 | +/- |            0  2.90412e-07            0 | 1/eV
                    \            0            0  1.45149e-05 /     \            0            0  2.90412e-07 / 

                    /         4783            0            0 \     /      205.379            0            0 \ 
               T1 = |            0         4783            0 | +/- |            0      205.379            0 | ps
                    \            0            0         4783 /     \            0            0      205.379 / 

               T1 =         4783 +/-      205.379 ps


Results for T = 300 K and dmu = 1.03636 eV using FGR formula:
                    /  1.54765e-07            0            0 \     /  2.87191e-09            0            0 \ 
            Gamma = |            0  1.54765e-07            0 | +/- |            0  2.87191e-09            0 | 1/(eV.ps)
                    \            0            0  1.54765e-07 /     \            0            0  2.87191e-09 / 

                    /  0.000789833            0            0 \     /  1.57525e-05            0            0 \ 
              chi = |            0  0.000789833            0 | +/- |            0  1.57525e-05            0 | 1/eV
                    \            0            0  0.000789833 /     \            0            0  1.57525e-05 / 

                    /      5101.49            0            0 \     /       136.09            0            0 \ 
               T1 = |            0      5101.49            0 | +/- |            0       136.09            0 | ps
                    \            0            0      5101.49 /     \            0            0       136.09 / 

               T1 =      5101.49 +/-       136.09 ps


Results for T = 300 K and dmu = 1.03636 eV using dRho formula:
                    /   1.6662e-07            0            0 \     /  6.96777e-09            0            0 \ 
            Gamma = |            0   1.6662e-07            0 | +/- |            0  6.96777e-09            0 | 1/(eV.ps)
                    \            0            0   1.6662e-07 /     \            0            0  6.96777e-09 / 

                    /  0.000789836            0            0 \     /  1.57516e-05            0            0 \ 
              chi = |            0  0.000789836            0 | +/- |            0  1.57516e-05            0 | 1/eV
                    \            0            0  0.000789836 /     \            0            0  1.57516e-05 / 

                    /      4739.13            0            0 \     /      203.536            0            0 \ 
               T1 = |            0      4739.13            0 | +/- |            0      203.536            0 | ps
                    \            0            0      4739.13 /     \            0            0      203.536 / 

               T1 =      4739.13 +/-      203.536 ps


Results for T = 300 K and dmu = 1.14 eV using FGR formula:
                    /  7.52859e-06            0            0 \     /  1.50502e-07            0            0 \ 
            Gamma = |            0  7.52859e-06            0 | +/- |            0  1.50502e-07            0 | 1/(eV.ps)
                    \            0            0  7.52859e-06 /     \            0            0  1.50502e-07 / 

                    /    0.0271529            0            0 \     /  0.000469717            0            0 \ 
              chi = |            0    0.0271529            0 | +/- |            0  0.000469717            0 | 1/eV
                    \            0            0    0.0271529 /     \            0            0  0.000469717 / 

                    /      3605.92            0            0 \     /      81.0367            0            0 \ 
               T1 = |            0      3605.92            0 | +/- |            0      81.0367            0 | ps
                    \            0            0      3605.92 /     \            0            0      81.0367 / 

               T1 =      3605.92 +/-      81.0367 ps


Results for T = 300 K and dmu = 1.14 eV using dRho formula:
                    /  8.10899e-06            0            0 \     /  3.73701e-07            0            0 \ 
            Gamma = |            0  8.10899e-06            0 | +/- |            0  3.73701e-07            0 | 1/(eV.ps)
                    \            0            0  8.10899e-06 /     \            0            0  3.73701e-07 / 

                    /    0.0271531            0            0 \     /  0.000469666            0            0 \ 
              chi = |            0    0.0271531            0 | +/- |            0  0.000469666            0 | 1/eV
                    \            0            0    0.0271531 /     \            0            0  0.000469666 / 

                    /      3348.51            0            0 \     /      142.883            0            0 \ 
               T1 = |            0      3348.51            0 | +/- |            0      142.883            0 | ps
                    \            0            0      3348.51 /     \            0            0      142.883 / 

               T1 =      3348.51 +/-      142.883 ps

End date and time: Tue Sep 28 17:15:31 2021  (Duration: 0-0:03:46.56)
Done!

PROFILER:  DistributedMatrix::transform1     0.001812 +/-     0.002044 s, 30459 calls,     55.198948 s total
PROFILER:  DistributedMatrix::transform2     0.026442 +/-     0.001524 s, 3124 calls,     82.604921 s total
PROFILER:       FeynWann::eLoop:callback     0.000000 +/-     0.000000 s, 3124 calls,      0.000829 s total
PROFILER:        FeynWann::ePhLoop:bcast     0.001159 +/-     0.000444 s, 9372 calls,     10.865903 s total
PROFILER:     FeynWann::ePhLoop:callback     0.000512 +/-     0.000719 s, 5877 calls,      3.011501 s total
PROFILER:      FeynWann::phLoop:callback     0.000000 +/-     0.000000 s, 3124 calls,      0.000198 s total
PROFILER:            FeynWann::setMatrix     0.000070 +/-     0.000016 s, 5877 calls,      0.408550 s total
PROFILER:   FeynWann::setState:rotations     0.000066 +/-     0.000465 s, 5299 calls,      0.347984 s total
PROFILER:            matrix::diagonalize     0.000096 +/-     0.000057 s, 43736 calls,      4.212944 s total

MEMUSAGE:                         matrix     0.019783 GB
MEMUSAGE:                           misc     0.015467 GB
MEMUSAGE:                          Total     0.035112 GB
