--------------------------------------------------------------------------
By default, for Open MPI 4.0 and later, infiniband ports on a device
are not used by default.  The intent is to use UCX for these devices.
You can override this policy by setting the btl_openib_allow_ib MCA parameter
to true.

  Local host:              krnode07
  Local adapter:           mlx4_0
  Local port:              1

--------------------------------------------------------------------------
--------------------------------------------------------------------------
WARNING: There was an error initializing an OpenFabrics device.

  Local host:   krnode07
  Local device: mlx4_0
--------------------------------------------------------------------------
[krnode03.krhpc:26861] 175 more processes have sent help message help-mpi-btl-openib.txt / ib port not selected
[krnode03.krhpc:26861] Set MCA parameter "orte_base_help_aggregate" to 0 to see all help / error messages
[krnode03.krhpc:26861] 175 more processes have sent help message help-mpi-btl-openib.txt / error in device init
[krnode07.krhpc:10812] mca_base_component_repository_open: unable to open mca_fs_lustre: liblustreapi.so: cannot open shared object file: No such file or directory (ignored)
[krnode07.krhpc:10813] mca_base_component_repository_open: unable to open mca_fs_lustre: liblustreapi.so: cannot open shared object file: No such file or directory (ignored)
[krnode07.krhpc:10815] mca_base_component_repository_open: unable to open mca_fs_lustre: liblustreapi.so: cannot open shared object file: No such file or directory (ignored)
[krnode07.krhpc:10819] mca_base_component_repository_open: unable to open mca_fs_lustre: liblustreapi.so: cannot open shared object file: No such file or directory (ignored)
[krnode07.krhpc:10811] mca_base_component_repository_open: unable to open mca_fs_lustre: liblustreapi.so: cannot open shared object file: No such file or directory (ignored)
[krnode07.krhpc:10826] mca_base_component_repository_open: unable to open mca_fs_lustre: liblustreapi.so: cannot open shared object file: No such file or directory (ignored)
[krnode07.krhpc:10814] mca_base_component_repository_open: unable to open mca_fs_lustre: liblustreapi.so: cannot open shared object file: No such file or directory (ignored)
[krnode07.krhpc:10816] mca_base_component_repository_open: unable to open mca_fs_lustre: liblustreapi.so: cannot open shared object file: No such file or directory (ignored)
[krnode07.krhpc:10817] mca_base_component_repository_open: unable to open mca_fs_lustre: liblustreapi.so: cannot open shared object file: No such file or directory (ignored)
[krnode07.krhpc:10818] mca_base_component_repository_open: unable to open mca_fs_lustre: liblustreapi.so: cannot open shared object file: No such file or directory (ignored)
[krnode07.krhpc:10820] mca_base_component_repository_open: unable to open mca_fs_lustre: liblustreapi.so: cannot open shared object file: No such file or directory (ignored)
[krnode07.krhpc:10821] mca_base_component_repository_open: unable to open mca_fs_lustre: liblustreapi.so: cannot open shared object file: No such file or directory (ignored)
[krnode07.krhpc:10822] mca_base_component_repository_open: unable to open mca_fs_lustre: liblustreapi.so: cannot open shared object file: No such file or directory (ignored)
[krnode07.krhpc:10823] mca_base_component_repository_open: unable to open mca_fs_lustre: liblustreapi.so: cannot open shared object file: No such file or directory (ignored)
[krnode07.krhpc:10824] mca_base_component_repository_open: unable to open mca_fs_lustre: liblustreapi.so: cannot open shared object file: No such file or directory (ignored)
[krnode07.krhpc:10825] mca_base_component_repository_open: unable to open mca_fs_lustre: liblustreapi.so: cannot open shared object file: No such file or directory (ignored)
[krnode06.krhpc:24483] mca_base_component_repository_open: unable to open mca_fs_lustre: liblustreapi.so: cannot open shared object file: No such file or directory (ignored)
[krnode06.krhpc:24485] mca_base_component_repository_open: unable to open mca_fs_lustre: liblustreapi.so: cannot open shared object file: No such file or directory (ignored)
[krnode06.krhpc:24486] mca_base_component_repository_open: unable to open mca_fs_lustre: liblustreapi.so: cannot open shared object file: No such file or directory (ignored)
[krnode06.krhpc:24491] mca_base_component_repository_open: unable to open mca_fs_lustre: liblustreapi.so: cannot open shared object file: No such file or directory (ignored)
[krnode06.krhpc:24493] mca_base_component_repository_open: unable to open mca_fs_lustre: liblustreapi.so: cannot open shared object file: No such file or directory (ignored)
[krnode06.krhpc:24494] mca_base_component_repository_open: unable to open mca_fs_lustre: liblustreapi.so: cannot open shared object file: No such file or directory (ignored)
[krnode06.krhpc:24495] mca_base_component_repository_open: unable to open mca_fs_lustre: liblustreapi.so: cannot open shared object file: No such file or directory (ignored)
[krnode06.krhpc:24496] mca_base_component_repository_open: unable to open mca_fs_lustre: liblustreapi.so: cannot open shared object file: No such file or directory (ignored)
[krnode06.krhpc:24497] mca_base_component_repository_open: unable to open mca_fs_lustre: liblustreapi.so: cannot open shared object file: No such file or directory (ignored)
[krnode06.krhpc:24482] mca_base_component_repository_open: unable to open mca_fs_lustre: liblustreapi.so: cannot open shared object file: No such file or directory (ignored)
[krnode06.krhpc:24484] mca_base_component_repository_open: unable to open mca_fs_lustre: liblustreapi.so: cannot open shared object file: No such file or directory (ignored)
[krnode06.krhpc:24487] mca_base_component_repository_open: unable to open mca_fs_lustre: liblustreapi.so: cannot open shared object file: No such file or directory (ignored)
[krnode06.krhpc:24488] mca_base_component_repository_open: unable to open mca_fs_lustre: liblustreapi.so: cannot open shared object file: No such file or directory (ignored)
[krnode06.krhpc:24489] mca_base_component_repository_open: unable to open mca_fs_lustre: liblustreapi.so: cannot open shared object file: No such file or directory (ignored)
[krnode06.krhpc:24490] mca_base_component_repository_open: unable to open mca_fs_lustre: liblustreapi.so: cannot open shared object file: No such file or directory (ignored)
[krnode06.krhpc:24492] mca_base_component_repository_open: unable to open mca_fs_lustre: liblustreapi.so: cannot open shared object file: No such file or directory (ignored)
[krnode03.krhpc:26861] 80 more processes have sent help message help-mpi-btl-openib.txt / ib port not selected
[krnode03.krhpc:26861] 80 more processes have sent help message help-mpi-btl-openib.txt / error in device init
[krnode13.krhpc:15463] mca_base_component_repository_open: unable to open mca_fs_lustre: liblustreapi.so: cannot open shared object file: No such file or directory (ignored)
[krnode13.krhpc:15467] mca_base_component_repository_open: unable to open mca_fs_lustre: liblustreapi.so: cannot open shared object file: No such file or directory (ignored)
[krnode13.krhpc:15469] mca_base_component_repository_open: unable to open mca_fs_lustre: liblustreapi.so: cannot open shared object file: No such file or directory (ignored)
[krnode13.krhpc:15471] mca_base_component_repository_open: unable to open mca_fs_lustre: liblustreapi.so: cannot open shared object file: No such file or directory (ignored)
[krnode13.krhpc:15473] mca_base_component_repository_open: unable to open mca_fs_lustre: liblustreapi.so: cannot open shared object file: No such file or directory (ignored)
[krnode13.krhpc:15475] mca_base_component_repository_open: unable to open mca_fs_lustre: liblustreapi.so: cannot open shared object file: No such file or directory (ignored)
[krnode13.krhpc:15478] mca_base_component_repository_open: unable to open mca_fs_lustre: liblustreapi.so: cannot open shared object file: No such file or directory (ignored)
[krnode13.krhpc:15464] mca_base_component_repository_open: unable to open mca_fs_lustre: liblustreapi.so: cannot open shared object file: No such file or directory (ignored)
[krnode13.krhpc:15465] mca_base_component_repository_open: unable to open mca_fs_lustre: liblustreapi.so: cannot open shared object file: No such file or directory (ignored)
[krnode13.krhpc:15466] mca_base_component_repository_open: unable to open mca_fs_lustre: liblustreapi.so: cannot open shared object file: No such file or directory (ignored)
[krnode13.krhpc:15468] mca_base_component_repository_open: unable to open mca_fs_lustre: liblustreapi.so: cannot open shared object file: No such file or directory (ignored)
[krnode13.krhpc:15470] mca_base_component_repository_open: unable to open mca_fs_lustre: liblustreapi.so: cannot open shared object file: No such file or directory (ignored)
[krnode13.krhpc:15472] mca_base_component_repository_open: unable to open mca_fs_lustre: liblustreapi.so: cannot open shared object file: No such file or directory (ignored)
[krnode13.krhpc:15474] mca_base_component_repository_open: unable to open mca_fs_lustre: liblustreapi.so: cannot open shared object file: No such file or directory (ignored)
[krnode13.krhpc:15476] mca_base_component_repository_open: unable to open mca_fs_lustre: liblustreapi.so: cannot open shared object file: No such file or directory (ignored)
[krnode13.krhpc:15477] mca_base_component_repository_open: unable to open mca_fs_lustre: liblustreapi.so: cannot open shared object file: No such file or directory (ignored)
[krnode09.krhpc:23343] mca_base_component_repository_open: unable to open mca_fs_lustre: liblustreapi.so: cannot open shared object file: No such file or directory (ignored)
[krnode09.krhpc:23345] mca_base_component_repository_open: unable to open mca_fs_lustre: liblustreapi.so: cannot open shared object file: No such file or directory (ignored)
[krnode09.krhpc:23349] mca_base_component_repository_open: unable to open mca_fs_lustre: liblustreapi.so: cannot open shared object file: No such file or directory (ignored)
[krnode09.krhpc:23358] mca_base_component_repository_open: unable to open mca_fs_lustre: liblustreapi.so: cannot open shared object file: No such file or directory (ignored)
[krnode09.krhpc:23344] mca_base_component_repository_open: unable to open mca_fs_lustre: liblustreapi.so: cannot open shared object file: No such file or directory (ignored)
[krnode09.krhpc:23346] mca_base_component_repository_open: unable to open mca_fs_lustre: liblustreapi.so: cannot open shared object file: No such file or directory (ignored)
[krnode09.krhpc:23347] mca_base_component_repository_open: unable to open mca_fs_lustre: liblustreapi.so: cannot open shared object file: No such file or directory (ignored)
[krnode09.krhpc:23348] mca_base_component_repository_open: unable to open mca_fs_lustre: liblustreapi.so: cannot open shared object file: No such file or directory (ignored)
[krnode09.krhpc:23350] mca_base_component_repository_open: unable to open mca_fs_lustre: liblustreapi.so: cannot open shared object file: No such file or directory (ignored)
[krnode09.krhpc:23351] mca_base_component_repository_open: unable to open mca_fs_lustre: liblustreapi.so: cannot open shared object file: No such file or directory (ignored)
[krnode09.krhpc:23352] mca_base_component_repository_open: unable to open mca_fs_lustre: liblustreapi.so: cannot open shared object file: No such file or directory (ignored)
[krnode09.krhpc:23353] mca_base_component_repository_open: unable to open mca_fs_lustre: liblustreapi.so: cannot open shared object file: No such file or directory (ignored)
[krnode09.krhpc:23354] mca_base_component_repository_open: unable to open mca_fs_lustre: liblustreapi.so: cannot open shared object file: No such file or directory (ignored)
[krnode09.krhpc:23355] mca_base_component_repository_open: unable to open mca_fs_lustre: liblustreapi.so: cannot open shared object file: No such file or directory (ignored)
[krnode09.krhpc:23356] mca_base_component_repository_open: unable to open mca_fs_lustre: liblustreapi.so: cannot open shared object file: No such file or directory (ignored)
[krnode09.krhpc:23357] mca_base_component_repository_open: unable to open mca_fs_lustre: liblustreapi.so: cannot open shared object file: No such file or directory (ignored)
[krnode05.krhpc:32429] mca_base_component_repository_open: unable to open mca_fs_lustre: liblustreapi.so: cannot open shared object file: No such file or directory (ignored)
[krnode05.krhpc:32430] mca_base_component_repository_open: unable to open mca_fs_lustre: liblustreapi.so: cannot open shared object file: No such file or directory (ignored)
[krnode05.krhpc:32432] mca_base_component_repository_open: unable to open mca_fs_lustre: liblustreapi.so: cannot open shared object file: No such file or directory (ignored)
[krnode05.krhpc:32437] mca_base_component_repository_open: unable to open mca_fs_lustre: liblustreapi.so: cannot open shared object file: No such file or directory (ignored)
[krnode05.krhpc:32440] mca_base_component_repository_open: unable to open mca_fs_lustre: liblustreapi.so: cannot open shared object file: No such file or directory (ignored)
[krnode05.krhpc:32426] mca_base_component_repository_open: unable to open mca_fs_lustre: liblustreapi.so: cannot open shared object file: No such file or directory (ignored)
[krnode05.krhpc:32427] mca_base_component_repository_open: unable to open mca_fs_lustre: liblustreapi.so: cannot open shared object file: No such file or directory (ignored)
[krnode05.krhpc:32428] mca_base_component_repository_open: unable to open mca_fs_lustre: liblustreapi.so: cannot open shared object file: No such file or directory (ignored)
[krnode05.krhpc:32441] mca_base_component_repository_open: unable to open mca_fs_lustre: liblustreapi.so: cannot open shared object file: No such file or directory (ignored)
[krnode05.krhpc:32431] mca_base_component_repository_open: unable to open mca_fs_lustre: liblustreapi.so: cannot open shared object file: No such file or directory (ignored)
[krnode05.krhpc:32433] mca_base_component_repository_open: unable to open mca_fs_lustre: liblustreapi.so: cannot open shared object file: No such file or directory (ignored)
[krnode05.krhpc:32434] mca_base_component_repository_open: unable to open mca_fs_lustre: liblustreapi.so: cannot open shared object file: No such file or directory (ignored)
[krnode05.krhpc:32435] mca_base_component_repository_open: unable to open mca_fs_lustre: liblustreapi.so: cannot open shared object file: No such file or directory (ignored)
[krnode05.krhpc:32436] mca_base_component_repository_open: unable to open mca_fs_lustre: liblustreapi.so: cannot open shared object file: No such file or directory (ignored)
[krnode05.krhpc:32438] mca_base_component_repository_open: unable to open mca_fs_lustre: liblustreapi.so: cannot open shared object file: No such file or directory (ignored)
[krnode05.krhpc:32439] mca_base_component_repository_open: unable to open mca_fs_lustre: liblustreapi.so: cannot open shared object file: No such file or directory (ignored)
[krnode15.krhpc:20904] mca_base_component_repository_open: unable to open mca_fs_lustre: liblustreapi.so: cannot open shared object file: No such file or directory (ignored)
[krnode15.krhpc:20905] mca_base_component_repository_open: unable to open mca_fs_lustre: liblustreapi.so: cannot open shared object file: No such file or directory (ignored)
[krnode15.krhpc:20916] mca_base_component_repository_open: unable to open mca_fs_lustre: liblustreapi.so: cannot open shared object file: No such file or directory (ignored)
[krnode15.krhpc:20902] mca_base_component_repository_open: unable to open mca_fs_lustre: liblustreapi.so: cannot open shared object file: No such file or directory (ignored)
[krnode15.krhpc:20903] mca_base_component_repository_open: unable to open mca_fs_lustre: liblustreapi.so: cannot open shared object file: No such file or directory (ignored)
[krnode15.krhpc:20917] mca_base_component_repository_open: unable to open mca_fs_lustre: liblustreapi.so: cannot open shared object file: No such file or directory (ignored)
[krnode15.krhpc:20906] mca_base_component_repository_open: unable to open mca_fs_lustre: liblustreapi.so: cannot open shared object file: No such file or directory (ignored)
[krnode15.krhpc:20907] mca_base_component_repository_open: unable to open mca_fs_lustre: liblustreapi.so: cannot open shared object file: No such file or directory (ignored)
[krnode15.krhpc:20908] mca_base_component_repository_open: unable to open mca_fs_lustre: liblustreapi.so: cannot open shared object file: No such file or directory (ignored)
[krnode15.krhpc:20909] mca_base_component_repository_open: unable to open mca_fs_lustre: liblustreapi.so: cannot open shared object file: No such file or directory (ignored)
[krnode15.krhpc:20910] mca_base_component_repository_open: unable to open mca_fs_lustre: liblustreapi.so: cannot open shared object file: No such file or directory (ignored)
[krnode15.krhpc:20911] mca_base_component_repository_open: unable to open mca_fs_lustre: liblustreapi.so: cannot open shared object file: No such file or directory (ignored)
[krnode15.krhpc:20912] mca_base_component_repository_open: unable to open mca_fs_lustre: liblustreapi.so: cannot open shared object file: No such file or directory (ignored)
[krnode15.krhpc:20913] mca_base_component_repository_open: unable to open mca_fs_lustre: liblustreapi.so: cannot open shared object file: No such file or directory (ignored)
[krnode15.krhpc:20914] mca_base_component_repository_open: unable to open mca_fs_lustre: liblustreapi.so: cannot open shared object file: No such file or directory (ignored)
[krnode15.krhpc:20915] mca_base_component_repository_open: unable to open mca_fs_lustre: liblustreapi.so: cannot open shared object file: No such file or directory (ignored)
[krnode03.krhpc:26901] mca_base_component_repository_open: unable to open mca_fs_lustre: liblustreapi.so: cannot open shared object file: No such file or directory (ignored)
[krnode03.krhpc:26902] mca_base_component_repository_open: unable to open mca_fs_lustre: liblustreapi.so: cannot open shared object file: No such file or directory (ignored)
[krnode03.krhpc:26903] mca_base_component_repository_open: unable to open mca_fs_lustre: liblustreapi.so: cannot open shared object file: No such file or directory (ignored)
[krnode03.krhpc:26904] mca_base_component_repository_open: unable to open mca_fs_lustre: liblustreapi.so: cannot open shared object file: No such file or directory (ignored)
[krnode03.krhpc:26905] mca_base_component_repository_open: unable to open mca_fs_lustre: liblustreapi.so: cannot open shared object file: No such file or directory (ignored)
[krnode03.krhpc:26906] mca_base_component_repository_open: unable to open mca_fs_lustre: liblustreapi.so: cannot open shared object file: No such file or directory (ignored)
[krnode03.krhpc:26913] mca_base_component_repository_open: unable to open mca_fs_lustre: liblustreapi.so: cannot open shared object file: No such file or directory (ignored)
[krnode03.krhpc:26914] mca_base_component_repository_open: unable to open mca_fs_lustre: liblustreapi.so: cannot open shared object file: No such file or directory (ignored)
[krnode03.krhpc:26915] mca_base_component_repository_open: unable to open mca_fs_lustre: liblustreapi.so: cannot open shared object file: No such file or directory (ignored)
[krnode03.krhpc:26900] mca_base_component_repository_open: unable to open mca_fs_lustre: liblustreapi.so: cannot open shared object file: No such file or directory (ignored)
[krnode03.krhpc:26907] mca_base_component_repository_open: unable to open mca_fs_lustre: liblustreapi.so: cannot open shared object file: No such file or directory (ignored)
[krnode03.krhpc:26909] mca_base_component_repository_open: unable to open mca_fs_lustre: liblustreapi.so: cannot open shared object file: No such file or directory (ignored)
[krnode03.krhpc:26910] mca_base_component_repository_open: unable to open mca_fs_lustre: liblustreapi.so: cannot open shared object file: No such file or directory (ignored)
[krnode03.krhpc:26911] mca_base_component_repository_open: unable to open mca_fs_lustre: liblustreapi.so: cannot open shared object file: No such file or directory (ignored)
[krnode03.krhpc:26912] mca_base_component_repository_open: unable to open mca_fs_lustre: liblustreapi.so: cannot open shared object file: No such file or directory (ignored)
[krnode03.krhpc:26908] mca_base_component_repository_open: unable to open mca_fs_lustre: liblustreapi.so: cannot open shared object file: No such file or directory (ignored)
[krnode14.krhpc:04084] mca_base_component_repository_open: unable to open mca_fs_lustre: liblustreapi.so: cannot open shared object file: No such file or directory (ignored)
[krnode14.krhpc:04085] mca_base_component_repository_open: unable to open mca_fs_lustre: liblustreapi.so: cannot open shared object file: No such file or directory (ignored)
[krnode14.krhpc:04088] mca_base_component_repository_open: unable to open mca_fs_lustre: liblustreapi.so: cannot open shared object file: No such file or directory (ignored)
[krnode14.krhpc:04093] mca_base_component_repository_open: unable to open mca_fs_lustre: liblustreapi.so: cannot open shared object file: No such file or directory (ignored)
[krnode14.krhpc:04096] mca_base_component_repository_open: unable to open mca_fs_lustre: liblustreapi.so: cannot open shared object file: No such file or directory (ignored)
[krnode14.krhpc:04082] mca_base_component_repository_open: unable to open mca_fs_lustre: liblustreapi.so: cannot open shared object file: No such file or directory (ignored)
[krnode14.krhpc:04083] mca_base_component_repository_open: unable to open mca_fs_lustre: liblustreapi.so: cannot open shared object file: No such file or directory (ignored)
[krnode14.krhpc:04097] mca_base_component_repository_open: unable to open mca_fs_lustre: liblustreapi.so: cannot open shared object file: No such file or directory (ignored)
[krnode14.krhpc:04086] mca_base_component_repository_open: unable to open mca_fs_lustre: liblustreapi.so: cannot open shared object file: No such file or directory (ignored)
[krnode14.krhpc:04087] mca_base_component_repository_open: unable to open mca_fs_lustre: liblustreapi.so: cannot open shared object file: No such file or directory (ignored)
[krnode14.krhpc:04089] mca_base_component_repository_open: unable to open mca_fs_lustre: liblustreapi.so: cannot open shared object file: No such file or directory (ignored)
[krnode14.krhpc:04090] mca_base_component_repository_open: unable to open mca_fs_lustre: liblustreapi.so: cannot open shared object file: No such file or directory (ignored)
[krnode14.krhpc:04091] mca_base_component_repository_open: unable to open mca_fs_lustre: liblustreapi.so: cannot open shared object file: No such file or directory (ignored)
[krnode14.krhpc:04092] mca_base_component_repository_open: unable to open mca_fs_lustre: liblustreapi.so: cannot open shared object file: No such file or directory (ignored)
[krnode14.krhpc:04094] mca_base_component_repository_open: unable to open mca_fs_lustre: liblustreapi.so: cannot open shared object file: No such file or directory (ignored)
[krnode14.krhpc:04095] mca_base_component_repository_open: unable to open mca_fs_lustre: liblustreapi.so: cannot open shared object file: No such file or directory (ignored)
[krnode10.krhpc:04489] mca_base_component_repository_open: unable to open mca_fs_lustre: liblustreapi.so: cannot open shared object file: No such file or directory (ignored)
[krnode10.krhpc:04491] mca_base_component_repository_open: unable to open mca_fs_lustre: liblustreapi.so: cannot open shared object file: No such file or directory (ignored)
[krnode10.krhpc:04495] mca_base_component_repository_open: unable to open mca_fs_lustre: liblustreapi.so: cannot open shared object file: No such file or directory (ignored)
[krnode10.krhpc:04497] mca_base_component_repository_open: unable to open mca_fs_lustre: liblustreapi.so: cannot open shared object file: No such file or directory (ignored)
[krnode10.krhpc:04504] mca_base_component_repository_open: unable to open mca_fs_lustre: liblustreapi.so: cannot open shared object file: No such file or directory (ignored)
[krnode10.krhpc:04508] mca_base_component_repository_open: unable to open mca_fs_lustre: liblustreapi.so: cannot open shared object file: No such file or directory (ignored)
[krnode10.krhpc:04509] mca_base_component_repository_open: unable to open mca_fs_lustre: liblustreapi.so: cannot open shared object file: No such file or directory (ignored)
[krnode10.krhpc:04490] mca_base_component_repository_open: unable to open mca_fs_lustre: liblustreapi.so: cannot open shared object file: No such file or directory (ignored)
[krnode10.krhpc:04494] mca_base_component_repository_open: unable to open mca_fs_lustre: liblustreapi.so: cannot open shared object file: No such file or directory (ignored)
[krnode10.krhpc:04496] mca_base_component_repository_open: unable to open mca_fs_lustre: liblustreapi.so: cannot open shared object file: No such file or directory (ignored)
[krnode10.krhpc:04498] mca_base_component_repository_open: unable to open mca_fs_lustre: liblustreapi.so: cannot open shared object file: No such file or directory (ignored)
[krnode10.krhpc:04499] mca_base_component_repository_open: unable to open mca_fs_lustre: liblustreapi.so: cannot open shared object file: No such file or directory (ignored)
[krnode10.krhpc:04500] mca_base_component_repository_open: unable to open mca_fs_lustre: liblustreapi.so: cannot open shared object file: No such file or directory (ignored)
[krnode10.krhpc:04505] mca_base_component_repository_open: unable to open mca_fs_lustre: liblustreapi.so: cannot open shared object file: No such file or directory (ignored)
[krnode10.krhpc:04506] mca_base_component_repository_open: unable to open mca_fs_lustre: liblustreapi.so: cannot open shared object file: No such file or directory (ignored)
[krnode10.krhpc:04507] mca_base_component_repository_open: unable to open mca_fs_lustre: liblustreapi.so: cannot open shared object file: No such file or directory (ignored)
[krnode18.krhpc:21960] mca_base_component_repository_open: unable to open mca_fs_lustre: liblustreapi.so: cannot open shared object file: No such file or directory (ignored)
[krnode18.krhpc:21964] mca_base_component_repository_open: unable to open mca_fs_lustre: liblustreapi.so: cannot open shared object file: No such file or directory (ignored)
[krnode18.krhpc:21966] mca_base_component_repository_open: unable to open mca_fs_lustre: liblustreapi.so: cannot open shared object file: No such file or directory (ignored)
[krnode18.krhpc:21975] mca_base_component_repository_open: unable to open mca_fs_lustre: liblustreapi.so: cannot open shared object file: No such file or directory (ignored)
[krnode18.krhpc:21961] mca_base_component_repository_open: unable to open mca_fs_lustre: liblustreapi.so: cannot open shared object file: No such file or directory (ignored)
[krnode18.krhpc:21962] mca_base_component_repository_open: unable to open mca_fs_lustre: liblustreapi.so: cannot open shared object file: No such file or directory (ignored)
[krnode18.krhpc:21963] mca_base_component_repository_open: unable to open mca_fs_lustre: liblustreapi.so: cannot open shared object file: No such file or directory (ignored)
[krnode18.krhpc:21965] mca_base_component_repository_open: unable to open mca_fs_lustre: liblustreapi.so: cannot open shared object file: No such file or directory (ignored)
[krnode18.krhpc:21967] mca_base_component_repository_open: unable to open mca_fs_lustre: liblustreapi.so: cannot open shared object file: No such file or directory (ignored)
[krnode18.krhpc:21968] mca_base_component_repository_open: unable to open mca_fs_lustre: liblustreapi.so: cannot open shared object file: No such file or directory (ignored)
[krnode18.krhpc:21969] mca_base_component_repository_open: unable to open mca_fs_lustre: liblustreapi.so: cannot open shared object file: No such file or directory (ignored)
[krnode18.krhpc:21970] mca_base_component_repository_open: unable to open mca_fs_lustre: liblustreapi.so: cannot open shared object file: No such file or directory (ignored)
[krnode18.krhpc:21971] mca_base_component_repository_open: unable to open mca_fs_lustre: liblustreapi.so: cannot open shared object file: No such file or directory (ignored)
[krnode18.krhpc:21972] mca_base_component_repository_open: unable to open mca_fs_lustre: liblustreapi.so: cannot open shared object file: No such file or directory (ignored)
[krnode18.krhpc:21973] mca_base_component_repository_open: unable to open mca_fs_lustre: liblustreapi.so: cannot open shared object file: No such file or directory (ignored)
[krnode18.krhpc:21974] mca_base_component_repository_open: unable to open mca_fs_lustre: liblustreapi.so: cannot open shared object file: No such file or directory (ignored)
[krnode17.krhpc:18186] mca_base_component_repository_open: unable to open mca_fs_lustre: liblustreapi.so: cannot open shared object file: No such file or directory (ignored)
[krnode17.krhpc:18188] mca_base_component_repository_open: unable to open mca_fs_lustre: liblustreapi.so: cannot open shared object file: No such file or directory (ignored)
[krnode17.krhpc:18190] mca_base_component_repository_open: unable to open mca_fs_lustre: liblustreapi.so: cannot open shared object file: No such file or directory (ignored)
[krnode17.krhpc:18191] mca_base_component_repository_open: unable to open mca_fs_lustre: liblustreapi.so: cannot open shared object file: No such file or directory (ignored)
[krnode17.krhpc:18192] mca_base_component_repository_open: unable to open mca_fs_lustre: liblustreapi.so: cannot open shared object file: No such file or directory (ignored)
[krnode17.krhpc:18194] mca_base_component_repository_open: unable to open mca_fs_lustre: liblustreapi.so: cannot open shared object file: No such file or directory (ignored)
[krnode17.krhpc:18185] mca_base_component_repository_open: unable to open mca_fs_lustre: liblustreapi.so: cannot open shared object file: No such file or directory (ignored)
[krnode17.krhpc:18200] mca_base_component_repository_open: unable to open mca_fs_lustre: liblustreapi.so: cannot open shared object file: No such file or directory (ignored)
[krnode17.krhpc:18187] mca_base_component_repository_open: unable to open mca_fs_lustre: liblustreapi.so: cannot open shared object file: No such file or directory (ignored)
[krnode17.krhpc:18189] mca_base_component_repository_open: unable to open mca_fs_lustre: liblustreapi.so: cannot open shared object file: No such file or directory (ignored)
[krnode17.krhpc:18193] mca_base_component_repository_open: unable to open mca_fs_lustre: liblustreapi.so: cannot open shared object file: No such file or directory (ignored)
[krnode17.krhpc:18195] mca_base_component_repository_open: unable to open mca_fs_lustre: liblustreapi.so: cannot open shared object file: No such file or directory (ignored)
[krnode17.krhpc:18196] mca_base_component_repository_open: unable to open mca_fs_lustre: liblustreapi.so: cannot open shared object file: No such file or directory (ignored)
[krnode17.krhpc:18197] mca_base_component_repository_open: unable to open mca_fs_lustre: liblustreapi.so: cannot open shared object file: No such file or directory (ignored)
[krnode17.krhpc:18198] mca_base_component_repository_open: unable to open mca_fs_lustre: liblustreapi.so: cannot open shared object file: No such file or directory (ignored)
[krnode17.krhpc:18199] mca_base_component_repository_open: unable to open mca_fs_lustre: liblustreapi.so: cannot open shared object file: No such file or directory (ignored)
[krnode11.krhpc:22227] mca_base_component_repository_open: unable to open mca_fs_lustre: liblustreapi.so: cannot open shared object file: No such file or directory (ignored)
[krnode11.krhpc:22229] mca_base_component_repository_open: unable to open mca_fs_lustre: liblustreapi.so: cannot open shared object file: No such file or directory (ignored)
[krnode11.krhpc:22233] mca_base_component_repository_open: unable to open mca_fs_lustre: liblustreapi.so: cannot open shared object file: No such file or directory (ignored)
[krnode11.krhpc:22234] mca_base_component_repository_open: unable to open mca_fs_lustre: liblustreapi.so: cannot open shared object file: No such file or directory (ignored)
[krnode11.krhpc:22235] mca_base_component_repository_open: unable to open mca_fs_lustre: liblustreapi.so: cannot open shared object file: No such file or directory (ignored)
[krnode11.krhpc:22240] mca_base_component_repository_open: unable to open mca_fs_lustre: liblustreapi.so: cannot open shared object file: No such file or directory (ignored)
[krnode11.krhpc:22241] mca_base_component_repository_open: unable to open mca_fs_lustre: liblustreapi.so: cannot open shared object file: No such file or directory (ignored)
[krnode11.krhpc:22226] mca_base_component_repository_open: unable to open mca_fs_lustre: liblustreapi.so: cannot open shared object file: No such file or directory (ignored)
[krnode11.krhpc:22228] mca_base_component_repository_open: unable to open mca_fs_lustre: liblustreapi.so: cannot open shared object file: No such file or directory (ignored)
[krnode11.krhpc:22230] mca_base_component_repository_open: unable to open mca_fs_lustre: liblustreapi.so: cannot open shared object file: No such file or directory (ignored)
[krnode11.krhpc:22231] mca_base_component_repository_open: unable to open mca_fs_lustre: liblustreapi.so: cannot open shared object file: No such file or directory (ignored)
[krnode11.krhpc:22232] mca_base_component_repository_open: unable to open mca_fs_lustre: liblustreapi.so: cannot open shared object file: No such file or directory (ignored)
[krnode11.krhpc:22236] mca_base_component_repository_open: unable to open mca_fs_lustre: liblustreapi.so: cannot open shared object file: No such file or directory (ignored)
[krnode11.krhpc:22237] mca_base_component_repository_open: unable to open mca_fs_lustre: liblustreapi.so: cannot open shared object file: No such file or directory (ignored)
[krnode11.krhpc:22238] mca_base_component_repository_open: unable to open mca_fs_lustre: liblustreapi.so: cannot open shared object file: No such file or directory (ignored)
[krnode11.krhpc:22239] mca_base_component_repository_open: unable to open mca_fs_lustre: liblustreapi.so: cannot open shared object file: No such file or directory (ignored)
[krnode12.krhpc:25241] mca_base_component_repository_open: unable to open mca_fs_lustre: liblustreapi.so: cannot open shared object file: No such file or directory (ignored)
[krnode12.krhpc:25243] mca_base_component_repository_open: unable to open mca_fs_lustre: liblustreapi.so: cannot open shared object file: No such file or directory (ignored)
[krnode12.krhpc:25245] mca_base_component_repository_open: unable to open mca_fs_lustre: liblustreapi.so: cannot open shared object file: No such file or directory (ignored)
[krnode12.krhpc:25247] mca_base_component_repository_open: unable to open mca_fs_lustre: liblustreapi.so: cannot open shared object file: No such file or directory (ignored)
[krnode12.krhpc:25238] mca_base_component_repository_open: unable to open mca_fs_lustre: liblustreapi.so: cannot open shared object file: No such file or directory (ignored)
[krnode12.krhpc:25239] mca_base_component_repository_open: unable to open mca_fs_lustre: liblustreapi.so: cannot open shared object file: No such file or directory (ignored)
[krnode12.krhpc:25240] mca_base_component_repository_open: unable to open mca_fs_lustre: liblustreapi.so: cannot open shared object file: No such file or directory (ignored)
[krnode12.krhpc:25253] mca_base_component_repository_open: unable to open mca_fs_lustre: liblustreapi.so: cannot open shared object file: No such file or directory (ignored)
[krnode12.krhpc:25242] mca_base_component_repository_open: unable to open mca_fs_lustre: liblustreapi.so: cannot open shared object file: No such file or directory (ignored)
[krnode12.krhpc:25246] mca_base_component_repository_open: unable to open mca_fs_lustre: liblustreapi.so: cannot open shared object file: No such file or directory (ignored)
[krnode12.krhpc:25249] mca_base_component_repository_open: unable to open mca_fs_lustre: liblustreapi.so: cannot open shared object file: No such file or directory (ignored)
[krnode12.krhpc:25250] mca_base_component_repository_open: unable to open mca_fs_lustre: liblustreapi.so: cannot open shared object file: No such file or directory (ignored)
[krnode12.krhpc:25251] mca_base_component_repository_open: unable to open mca_fs_lustre: liblustreapi.so: cannot open shared object file: No such file or directory (ignored)
[krnode12.krhpc:25244] mca_base_component_repository_open: unable to open mca_fs_lustre: liblustreapi.so: cannot open shared object file: No such file or directory (ignored)
[krnode12.krhpc:25248] mca_base_component_repository_open: unable to open mca_fs_lustre: liblustreapi.so: cannot open shared object file: No such file or directory (ignored)
[krnode12.krhpc:25252] mca_base_component_repository_open: unable to open mca_fs_lustre: liblustreapi.so: cannot open shared object file: No such file or directory (ignored)
[krnode04.krhpc:19818] mca_base_component_repository_open: unable to open mca_fs_lustre: liblustreapi.so: cannot open shared object file: No such file or directory (ignored)
[krnode04.krhpc:19821] mca_base_component_repository_open: unable to open mca_fs_lustre: liblustreapi.so: cannot open shared object file: No such file or directory (ignored)
[krnode04.krhpc:19822] mca_base_component_repository_open: unable to open mca_fs_lustre: liblustreapi.so: cannot open shared object file: No such file or directory (ignored)
[krnode04.krhpc:19825] mca_base_component_repository_open: unable to open mca_fs_lustre: liblustreapi.so: cannot open shared object file: No such file or directory (ignored)
[krnode04.krhpc:19826] mca_base_component_repository_open: unable to open mca_fs_lustre: liblustreapi.so: cannot open shared object file: No such file or directory (ignored)
[krnode04.krhpc:19829] mca_base_component_repository_open: unable to open mca_fs_lustre: liblustreapi.so: cannot open shared object file: No such file or directory (ignored)
[krnode04.krhpc:19831] mca_base_component_repository_open: unable to open mca_fs_lustre: liblustreapi.so: cannot open shared object file: No such file or directory (ignored)
[krnode04.krhpc:19833] mca_base_component_repository_open: unable to open mca_fs_lustre: liblustreapi.so: cannot open shared object file: No such file or directory (ignored)
[krnode04.krhpc:19819] mca_base_component_repository_open: unable to open mca_fs_lustre: liblustreapi.so: cannot open shared object file: No such file or directory (ignored)
[krnode04.krhpc:19820] mca_base_component_repository_open: unable to open mca_fs_lustre: liblustreapi.so: cannot open shared object file: No such file or directory (ignored)
[krnode04.krhpc:19823] mca_base_component_repository_open: unable to open mca_fs_lustre: liblustreapi.so: cannot open shared object file: No such file or directory (ignored)
[krnode04.krhpc:19824] mca_base_component_repository_open: unable to open mca_fs_lustre: liblustreapi.so: cannot open shared object file: No such file or directory (ignored)
[krnode04.krhpc:19827] mca_base_component_repository_open: unable to open mca_fs_lustre: liblustreapi.so: cannot open shared object file: No such file or directory (ignored)
[krnode04.krhpc:19828] mca_base_component_repository_open: unable to open mca_fs_lustre: liblustreapi.so: cannot open shared object file: No such file or directory (ignored)
[krnode04.krhpc:19830] mca_base_component_repository_open: unable to open mca_fs_lustre: liblustreapi.so: cannot open shared object file: No such file or directory (ignored)
[krnode04.krhpc:19832] mca_base_component_repository_open: unable to open mca_fs_lustre: liblustreapi.so: cannot open shared object file: No such file or directory (ignored)
[krnode08.krhpc:26474] mca_base_component_repository_open: unable to open mca_fs_lustre: liblustreapi.so: cannot open shared object file: No such file or directory (ignored)
[krnode08.krhpc:26476] mca_base_component_repository_open: unable to open mca_fs_lustre: liblustreapi.so: cannot open shared object file: No such file or directory (ignored)
[krnode08.krhpc:26478] mca_base_component_repository_open: unable to open mca_fs_lustre: liblustreapi.so: cannot open shared object file: No such file or directory (ignored)
[krnode08.krhpc:26480] mca_base_component_repository_open: unable to open mca_fs_lustre: liblustreapi.so: cannot open shared object file: No such file or directory (ignored)
[krnode08.krhpc:26484] mca_base_component_repository_open: unable to open mca_fs_lustre: liblustreapi.so: cannot open shared object file: No such file or directory (ignored)
[krnode08.krhpc:26486] mca_base_component_repository_open: unable to open mca_fs_lustre: liblustreapi.so: cannot open shared object file: No such file or directory (ignored)
[krnode08.krhpc:26488] mca_base_component_repository_open: unable to open mca_fs_lustre: liblustreapi.so: cannot open shared object file: No such file or directory (ignored)
[krnode08.krhpc:26489] mca_base_component_repository_open: unable to open mca_fs_lustre: liblustreapi.so: cannot open shared object file: No such file or directory (ignored)
[krnode08.krhpc:26475] mca_base_component_repository_open: unable to open mca_fs_lustre: liblustreapi.so: cannot open shared object file: No such file or directory (ignored)
[krnode08.krhpc:26477] mca_base_component_repository_open: unable to open mca_fs_lustre: liblustreapi.so: cannot open shared object file: No such file or directory (ignored)
[krnode08.krhpc:26479] mca_base_component_repository_open: unable to open mca_fs_lustre: liblustreapi.so: cannot open shared object file: No such file or directory (ignored)
[krnode08.krhpc:26481] mca_base_component_repository_open: unable to open mca_fs_lustre: liblustreapi.so: cannot open shared object file: No such file or directory (ignored)
[krnode08.krhpc:26482] mca_base_component_repository_open: unable to open mca_fs_lustre: liblustreapi.so: cannot open shared object file: No such file or directory (ignored)
[krnode08.krhpc:26483] mca_base_component_repository_open: unable to open mca_fs_lustre: liblustreapi.so: cannot open shared object file: No such file or directory (ignored)
[krnode08.krhpc:26485] mca_base_component_repository_open: unable to open mca_fs_lustre: liblustreapi.so: cannot open shared object file: No such file or directory (ignored)
[krnode08.krhpc:26487] mca_base_component_repository_open: unable to open mca_fs_lustre: liblustreapi.so: cannot open shared object file: No such file or directory (ignored)
[krnode16.krhpc:25265] mca_base_component_repository_open: unable to open mca_fs_lustre: liblustreapi.so: cannot open shared object file: No such file or directory (ignored)
[krnode16.krhpc:25258] mca_base_component_repository_open: unable to open mca_fs_lustre: liblustreapi.so: cannot open shared object file: No such file or directory (ignored)
[krnode16.krhpc:25259] mca_base_component_repository_open: unable to open mca_fs_lustre: liblustreapi.so: cannot open shared object file: No such file or directory (ignored)
[krnode16.krhpc:25261] mca_base_component_repository_open: unable to open mca_fs_lustre: liblustreapi.so: cannot open shared object file: No such file or directory (ignored)
[krnode16.krhpc:25262] mca_base_component_repository_open: unable to open mca_fs_lustre: liblustreapi.so: cannot open shared object file: No such file or directory (ignored)
[krnode16.krhpc:25264] mca_base_component_repository_open: unable to open mca_fs_lustre: liblustreapi.so: cannot open shared object file: No such file or directory (ignored)
[krnode16.krhpc:25273] mca_base_component_repository_open: unable to open mca_fs_lustre: liblustreapi.so: cannot open shared object file: No such file or directory (ignored)
[krnode16.krhpc:25266] mca_base_component_repository_open: unable to open mca_fs_lustre: liblustreapi.so: cannot open shared object file: No such file or directory (ignored)
[krnode16.krhpc:25267] mca_base_component_repository_open: unable to open mca_fs_lustre: liblustreapi.so: cannot open shared object file: No such file or directory (ignored)
[krnode16.krhpc:25271] mca_base_component_repository_open: unable to open mca_fs_lustre: liblustreapi.so: cannot open shared object file: No such file or directory (ignored)
[krnode16.krhpc:25272] mca_base_component_repository_open: unable to open mca_fs_lustre: liblustreapi.so: cannot open shared object file: No such file or directory (ignored)
[krnode16.krhpc:25260] mca_base_component_repository_open: unable to open mca_fs_lustre: liblustreapi.so: cannot open shared object file: No such file or directory (ignored)
[krnode16.krhpc:25263] mca_base_component_repository_open: unable to open mca_fs_lustre: liblustreapi.so: cannot open shared object file: No such file or directory (ignored)
[krnode16.krhpc:25268] mca_base_component_repository_open: unable to open mca_fs_lustre: liblustreapi.so: cannot open shared object file: No such file or directory (ignored)
[krnode16.krhpc:25269] mca_base_component_repository_open: unable to open mca_fs_lustre: liblustreapi.so: cannot open shared object file: No such file or directory (ignored)
[krnode16.krhpc:25270] mca_base_component_repository_open: unable to open mca_fs_lustre: liblustreapi.so: cannot open shared object file: No such file or directory (ignored)
